[0.280s] DEBUG:colcon:Command line arguments: ['/usr/bin/colcon', 'build', '--packages-select', 'esp_serial']
[0.280s] DEBUG:colcon:Parsed command line arguments: Namespace(log_base=None, log_level=None, verb_name='build', build_base='build', install_base='install', merge_install=False, symlink_install=False, test_result_base=None, continue_on_error=False, executor='parallel', parallel_workers=6, event_handlers=None, ignore_user_meta=False, metas=['./colcon.meta'], base_paths=['.'], packages_ignore=None, packages_ignore_regex=None, paths=None, packages_up_to=None, packages_up_to_regex=None, packages_above=None, packages_above_and_dependencies=None, packages_above_depth=None, packages_select_by_dep=None, packages_skip_by_dep=None, packages_skip_up_to=None, packages_select_build_failed=False, packages_skip_build_finished=False, packages_select_test_failures=False, packages_skip_test_passed=False, packages_select=['esp_serial'], packages_skip=None, packages_select_regex=None, packages_skip_regex=None, packages_start=None, packages_end=None, allow_overriding=[], cmake_args=None, cmake_target=None, cmake_target_skip_unavailable=False, cmake_clean_cache=False, cmake_clean_first=False, cmake_force_configure=False, ament_cmake_args=None, catkin_cmake_args=None, catkin_skip_building_tests=False, verb_parser=<colcon_defaults.argument_parser.defaults.DefaultArgumentsDecorator object at 0xffff82861030>, verb_extension=<colcon_core.verb.build.BuildVerb object at 0xffff82a1a4a0>, main=<bound method BuildVerb.main of <colcon_core.verb.build.BuildVerb object at 0xffff82a1a4a0>>)
[0.695s] Level 1:colcon.colcon_core.package_discovery:discover_packages(colcon_meta) check parameters
[0.695s] Level 1:colcon.colcon_core.package_discovery:discover_packages(recursive) check parameters
[0.695s] Level 1:colcon.colcon_core.package_discovery:discover_packages(ignore) check parameters
[0.695s] Level 1:colcon.colcon_core.package_discovery:discover_packages(path) check parameters
[0.695s] Level 1:colcon.colcon_core.package_discovery:discover_packages(colcon_meta) discover
[0.696s] Level 1:colcon.colcon_core.package_discovery:discover_packages(recursive) discover
[0.696s] INFO:colcon.colcon_core.package_discovery:Crawling recursively for packages in '/home/jaeseok/ros2_ws'
[0.696s] Level 1:colcon.colcon_core.package_identification:_identify(.) by extensions ['ignore', 'ignore_ament_install']
[0.696s] Level 1:colcon.colcon_core.package_identification:_identify(.) by extension 'ignore'
[0.697s] Level 1:colcon.colcon_core.package_identification:_identify(.) by extension 'ignore_ament_install'
[0.697s] Level 1:colcon.colcon_core.package_identification:_identify(.) by extensions ['colcon_pkg']
[0.697s] Level 1:colcon.colcon_core.package_identification:_identify(.) by extension 'colcon_pkg'
[0.697s] Level 1:colcon.colcon_core.package_identification:_identify(.) by extensions ['colcon_meta']
[0.697s] Level 1:colcon.colcon_core.package_identification:_identify(.) by extension 'colcon_meta'
[0.697s] Level 1:colcon.colcon_core.package_identification:_identify(.) by extensions ['ros']
[0.697s] Level 1:colcon.colcon_core.package_identification:_identify(.) by extension 'ros'
[0.726s] Level 1:colcon.colcon_core.package_identification:_identify(.) by extensions ['cmake', 'python']
[0.726s] Level 1:colcon.colcon_core.package_identification:_identify(.) by extension 'cmake'
[0.726s] Level 1:colcon.colcon_core.package_identification:_identify(.) by extension 'python'
[0.726s] Level 1:colcon.colcon_core.package_identification:_identify(.) by extensions ['python_setup_py']
[0.726s] Level 1:colcon.colcon_core.package_identification:_identify(.) by extension 'python_setup_py'
[0.727s] Level 1:colcon.colcon_core.package_identification:_identify(build) by extensions ['ignore', 'ignore_ament_install']
[0.727s] Level 1:colcon.colcon_core.package_identification:_identify(build) by extension 'ignore'
[0.727s] Level 1:colcon.colcon_core.package_identification:_identify(build) ignored
[0.728s] Level 1:colcon.colcon_core.package_identification:_identify(install) by extensions ['ignore', 'ignore_ament_install']
[0.728s] Level 1:colcon.colcon_core.package_identification:_identify(install) by extension 'ignore'
[0.728s] Level 1:colcon.colcon_core.package_identification:_identify(install) ignored
[0.728s] Level 1:colcon.colcon_core.package_identification:_identify(librealsense) by extensions ['ignore', 'ignore_ament_install']
[0.728s] Level 1:colcon.colcon_core.package_identification:_identify(librealsense) by extension 'ignore'
[0.729s] Level 1:colcon.colcon_core.package_identification:_identify(librealsense) by extension 'ignore_ament_install'
[0.729s] Level 1:colcon.colcon_core.package_identification:_identify(librealsense) by extensions ['colcon_pkg']
[0.729s] Level 1:colcon.colcon_core.package_identification:_identify(librealsense) by extension 'colcon_pkg'
[0.729s] Level 1:colcon.colcon_core.package_identification:_identify(librealsense) by extensions ['colcon_meta']
[0.729s] Level 1:colcon.colcon_core.package_identification:_identify(librealsense) by extension 'colcon_meta'
[0.729s] Level 1:colcon.colcon_core.package_identification:_identify(librealsense) by extensions ['ros']
[0.729s] Level 1:colcon.colcon_core.package_identification:_identify(librealsense) by extension 'ros'
[0.736s] DEBUG:colcon.colcon_core.package_identification:Package 'librealsense' with type 'ros.cmake' and name 'librealsense2'
[0.737s] Level 1:colcon.colcon_core.package_identification:_identify(log) by extensions ['ignore', 'ignore_ament_install']
[0.737s] Level 1:colcon.colcon_core.package_identification:_identify(log) by extension 'ignore'
[0.737s] Level 1:colcon.colcon_core.package_identification:_identify(log) ignored
[0.737s] Level 1:colcon.colcon_core.package_identification:_identify(parameter) by extensions ['ignore', 'ignore_ament_install']
[0.738s] Level 1:colcon.colcon_core.package_identification:_identify(parameter) by extension 'ignore'
[0.738s] Level 1:colcon.colcon_core.package_identification:_identify(parameter) by extension 'ignore_ament_install'
[0.738s] Level 1:colcon.colcon_core.package_identification:_identify(parameter) by extensions ['colcon_pkg']
[0.738s] Level 1:colcon.colcon_core.package_identification:_identify(parameter) by extension 'colcon_pkg'
[0.738s] Level 1:colcon.colcon_core.package_identification:_identify(parameter) by extensions ['colcon_meta']
[0.738s] Level 1:colcon.colcon_core.package_identification:_identify(parameter) by extension 'colcon_meta'
[0.738s] Level 1:colcon.colcon_core.package_identification:_identify(parameter) by extensions ['ros']
[0.738s] Level 1:colcon.colcon_core.package_identification:_identify(parameter) by extension 'ros'
[0.739s] Level 1:colcon.colcon_core.package_identification:_identify(parameter) by extensions ['cmake', 'python']
[0.739s] Level 1:colcon.colcon_core.package_identification:_identify(parameter) by extension 'cmake'
[0.739s] Level 1:colcon.colcon_core.package_identification:_identify(parameter) by extension 'python'
[0.739s] Level 1:colcon.colcon_core.package_identification:_identify(parameter) by extensions ['python_setup_py']
[0.739s] Level 1:colcon.colcon_core.package_identification:_identify(parameter) by extension 'python_setup_py'
[0.739s] Level 1:colcon.colcon_core.package_identification:_identify(src) by extensions ['ignore', 'ignore_ament_install']
[0.740s] Level 1:colcon.colcon_core.package_identification:_identify(src) by extension 'ignore'
[0.740s] Level 1:colcon.colcon_core.package_identification:_identify(src) by extension 'ignore_ament_install'
[0.740s] Level 1:colcon.colcon_core.package_identification:_identify(src) by extensions ['colcon_pkg']
[0.740s] Level 1:colcon.colcon_core.package_identification:_identify(src) by extension 'colcon_pkg'
[0.740s] Level 1:colcon.colcon_core.package_identification:_identify(src) by extensions ['colcon_meta']
[0.740s] Level 1:colcon.colcon_core.package_identification:_identify(src) by extension 'colcon_meta'
[0.740s] Level 1:colcon.colcon_core.package_identification:_identify(src) by extensions ['ros']
[0.740s] Level 1:colcon.colcon_core.package_identification:_identify(src) by extension 'ros'
[0.740s] Level 1:colcon.colcon_core.package_identification:_identify(src) by extensions ['cmake', 'python']
[0.741s] Level 1:colcon.colcon_core.package_identification:_identify(src) by extension 'cmake'
[0.741s] Level 1:colcon.colcon_core.package_identification:_identify(src) by extension 'python'
[0.741s] Level 1:colcon.colcon_core.package_identification:_identify(src) by extensions ['python_setup_py']
[0.741s] Level 1:colcon.colcon_core.package_identification:_identify(src) by extension 'python_setup_py'
[0.741s] Level 1:colcon.colcon_core.package_identification:_identify(src/build) by extensions ['ignore', 'ignore_ament_install']
[0.741s] Level 1:colcon.colcon_core.package_identification:_identify(src/build) by extension 'ignore'
[0.741s] Level 1:colcon.colcon_core.package_identification:_identify(src/build) ignored
[0.742s] Level 1:colcon.colcon_core.package_identification:_identify(src/encoder_imu_ekf) by extensions ['ignore', 'ignore_ament_install']
[0.742s] Level 1:colcon.colcon_core.package_identification:_identify(src/encoder_imu_ekf) by extension 'ignore'
[0.742s] Level 1:colcon.colcon_core.package_identification:_identify(src/encoder_imu_ekf) by extension 'ignore_ament_install'
[0.742s] Level 1:colcon.colcon_core.package_identification:_identify(src/encoder_imu_ekf) by extensions ['colcon_pkg']
[0.742s] Level 1:colcon.colcon_core.package_identification:_identify(src/encoder_imu_ekf) by extension 'colcon_pkg'
[0.742s] Level 1:colcon.colcon_core.package_identification:_identify(src/encoder_imu_ekf) by extensions ['colcon_meta']
[0.742s] Level 1:colcon.colcon_core.package_identification:_identify(src/encoder_imu_ekf) by extension 'colcon_meta'
[0.743s] Level 1:colcon.colcon_core.package_identification:_identify(src/encoder_imu_ekf) by extensions ['ros']
[0.743s] Level 1:colcon.colcon_core.package_identification:_identify(src/encoder_imu_ekf) by extension 'ros'
[0.744s] DEBUG:colcon.colcon_core.package_identification:Package 'src/encoder_imu_ekf' with type 'ros.ament_python' and name 'encoder_imu_ekf'
[0.744s] Level 1:colcon.colcon_core.package_identification:_identify(src/esp_serial) by extensions ['ignore', 'ignore_ament_install']
[0.744s] Level 1:colcon.colcon_core.package_identification:_identify(src/esp_serial) by extension 'ignore'
[0.745s] Level 1:colcon.colcon_core.package_identification:_identify(src/esp_serial) by extension 'ignore_ament_install'
[0.745s] Level 1:colcon.colcon_core.package_identification:_identify(src/esp_serial) by extensions ['colcon_pkg']
[0.745s] Level 1:colcon.colcon_core.package_identification:_identify(src/esp_serial) by extension 'colcon_pkg'
[0.745s] Level 1:colcon.colcon_core.package_identification:_identify(src/esp_serial) by extensions ['colcon_meta']
[0.745s] Level 1:colcon.colcon_core.package_identification:_identify(src/esp_serial) by extension 'colcon_meta'
[0.745s] Level 1:colcon.colcon_core.package_identification:_identify(src/esp_serial) by extensions ['ros']
[0.745s] Level 1:colcon.colcon_core.package_identification:_identify(src/esp_serial) by extension 'ros'
[0.747s] DEBUG:colcon.colcon_core.package_identification:Package 'src/esp_serial' with type 'ros.ament_python' and name 'esp_serial'
[0.747s] Level 1:colcon.colcon_core.package_identification:_identify(src/install) by extensions ['ignore', 'ignore_ament_install']
[0.747s] Level 1:colcon.colcon_core.package_identification:_identify(src/install) by extension 'ignore'
[0.747s] Level 1:colcon.colcon_core.package_identification:_identify(src/install) ignored
[0.747s] Level 1:colcon.colcon_core.package_identification:_identify(src/log) by extensions ['ignore', 'ignore_ament_install']
[0.748s] Level 1:colcon.colcon_core.package_identification:_identify(src/log) by extension 'ignore'
[0.748s] Level 1:colcon.colcon_core.package_identification:_identify(src/log) ignored
[0.748s] Level 1:colcon.colcon_core.package_identification:_identify(src/motor_control) by extensions ['ignore', 'ignore_ament_install']
[0.748s] Level 1:colcon.colcon_core.package_identification:_identify(src/motor_control) by extension 'ignore'
[0.748s] Level 1:colcon.colcon_core.package_identification:_identify(src/motor_control) by extension 'ignore_ament_install'
[0.749s] Level 1:colcon.colcon_core.package_identification:_identify(src/motor_control) by extensions ['colcon_pkg']
[0.749s] Level 1:colcon.colcon_core.package_identification:_identify(src/motor_control) by extension 'colcon_pkg'
[0.749s] Level 1:colcon.colcon_core.package_identification:_identify(src/motor_control) by extensions ['colcon_meta']
[0.749s] Level 1:colcon.colcon_core.package_identification:_identify(src/motor_control) by extension 'colcon_meta'
[0.749s] Level 1:colcon.colcon_core.package_identification:_identify(src/motor_control) by extensions ['ros']
[0.749s] Level 1:colcon.colcon_core.package_identification:_identify(src/motor_control) by extension 'ros'
[0.750s] DEBUG:colcon.colcon_core.package_identification:Package 'src/motor_control' with type 'ros.ament_python' and name 'motor_control'
[0.751s] Level 1:colcon.colcon_core.package_identification:_identify(src/move_nav) by extensions ['ignore', 'ignore_ament_install']
[0.751s] Level 1:colcon.colcon_core.package_identification:_identify(src/move_nav) by extension 'ignore'
[0.751s] Level 1:colcon.colcon_core.package_identification:_identify(src/move_nav) by extension 'ignore_ament_install'
[0.751s] Level 1:colcon.colcon_core.package_identification:_identify(src/move_nav) by extensions ['colcon_pkg']
[0.751s] Level 1:colcon.colcon_core.package_identification:_identify(src/move_nav) by extension 'colcon_pkg'
[0.751s] Level 1:colcon.colcon_core.package_identification:_identify(src/move_nav) by extensions ['colcon_meta']
[0.751s] Level 1:colcon.colcon_core.package_identification:_identify(src/move_nav) by extension 'colcon_meta'
[0.752s] Level 1:colcon.colcon_core.package_identification:_identify(src/move_nav) by extensions ['ros']
[0.752s] Level 1:colcon.colcon_core.package_identification:_identify(src/move_nav) by extension 'ros'
[0.753s] DEBUG:colcon.colcon_core.package_identification:Package 'src/move_nav' with type 'ros.ament_python' and name 'move_nav'
[0.753s] Level 1:colcon.colcon_core.package_identification:_identify(src/my_robot_description) by extensions ['ignore', 'ignore_ament_install']
[0.753s] Level 1:colcon.colcon_core.package_identification:_identify(src/my_robot_description) by extension 'ignore'
[0.753s] Level 1:colcon.colcon_core.package_identification:_identify(src/my_robot_description) by extension 'ignore_ament_install'
[0.753s] Level 1:colcon.colcon_core.package_identification:_identify(src/my_robot_description) by extensions ['colcon_pkg']
[0.753s] Level 1:colcon.colcon_core.package_identification:_identify(src/my_robot_description) by extension 'colcon_pkg'
[0.754s] Level 1:colcon.colcon_core.package_identification:_identify(src/my_robot_description) by extensions ['colcon_meta']
[0.754s] Level 1:colcon.colcon_core.package_identification:_identify(src/my_robot_description) by extension 'colcon_meta'
[0.754s] Level 1:colcon.colcon_core.package_identification:_identify(src/my_robot_description) by extensions ['ros']
[0.754s] Level 1:colcon.colcon_core.package_identification:_identify(src/my_robot_description) by extension 'ros'
[0.755s] DEBUG:colcon.colcon_core.package_identification:Package 'src/my_robot_description' with type 'ros.ament_cmake' and name 'my_robot_description'
[0.755s] Level 1:colcon.colcon_core.package_identification:_identify(src/pallet_align) by extensions ['ignore', 'ignore_ament_install']
[0.755s] Level 1:colcon.colcon_core.package_identification:_identify(src/pallet_align) by extension 'ignore'
[0.755s] Level 1:colcon.colcon_core.package_identification:_identify(src/pallet_align) by extension 'ignore_ament_install'
[0.756s] Level 1:colcon.colcon_core.package_identification:_identify(src/pallet_align) by extensions ['colcon_pkg']
[0.756s] Level 1:colcon.colcon_core.package_identification:_identify(src/pallet_align) by extension 'colcon_pkg'
[0.756s] Level 1:colcon.colcon_core.package_identification:_identify(src/pallet_align) by extensions ['colcon_meta']
[0.756s] Level 1:colcon.colcon_core.package_identification:_identify(src/pallet_align) by extension 'colcon_meta'
[0.756s] Level 1:colcon.colcon_core.package_identification:_identify(src/pallet_align) by extensions ['ros']
[0.756s] Level 1:colcon.colcon_core.package_identification:_identify(src/pallet_align) by extension 'ros'
[0.757s] DEBUG:colcon.colcon_core.package_identification:Package 'src/pallet_align' with type 'ros.ament_python' and name 'pallet_align'
[0.758s] Level 1:colcon.colcon_core.package_identification:_identify(src/realsense-ros) by extensions ['ignore', 'ignore_ament_install']
[0.758s] Level 1:colcon.colcon_core.package_identification:_identify(src/realsense-ros) by extension 'ignore'
[0.758s] Level 1:colcon.colcon_core.package_identification:_identify(src/realsense-ros) by extension 'ignore_ament_install'
[0.758s] Level 1:colcon.colcon_core.package_identification:_identify(src/realsense-ros) by extensions ['colcon_pkg']
[0.758s] Level 1:colcon.colcon_core.package_identification:_identify(src/realsense-ros) by extension 'colcon_pkg'
[0.758s] Level 1:colcon.colcon_core.package_identification:_identify(src/realsense-ros) by extensions ['colcon_meta']
[0.758s] Level 1:colcon.colcon_core.package_identification:_identify(src/realsense-ros) by extension 'colcon_meta'
[0.758s] Level 1:colcon.colcon_core.package_identification:_identify(src/realsense-ros) by extensions ['ros']
[0.759s] Level 1:colcon.colcon_core.package_identification:_identify(src/realsense-ros) by extension 'ros'
[0.759s] Level 1:colcon.colcon_core.package_identification:_identify(src/realsense-ros) by extensions ['cmake', 'python']
[0.759s] Level 1:colcon.colcon_core.package_identification:_identify(src/realsense-ros) by extension 'cmake'
[0.759s] Level 1:colcon.colcon_core.package_identification:_identify(src/realsense-ros) by extension 'python'
[0.759s] Level 1:colcon.colcon_core.package_identification:_identify(src/realsense-ros) by extensions ['python_setup_py']
[0.759s] Level 1:colcon.colcon_core.package_identification:_identify(src/realsense-ros) by extension 'python_setup_py'
[0.759s] Level 1:colcon.colcon_core.package_identification:_identify(src/realsense-ros/realsense2_camera) by extensions ['ignore', 'ignore_ament_install']
[0.760s] Level 1:colcon.colcon_core.package_identification:_identify(src/realsense-ros/realsense2_camera) by extension 'ignore'
[0.760s] Level 1:colcon.colcon_core.package_identification:_identify(src/realsense-ros/realsense2_camera) by extension 'ignore_ament_install'
[0.760s] Level 1:colcon.colcon_core.package_identification:_identify(src/realsense-ros/realsense2_camera) by extensions ['colcon_pkg']
[0.760s] Level 1:colcon.colcon_core.package_identification:_identify(src/realsense-ros/realsense2_camera) by extension 'colcon_pkg'
[0.760s] Level 1:colcon.colcon_core.package_identification:_identify(src/realsense-ros/realsense2_camera) by extensions ['colcon_meta']
[0.760s] Level 1:colcon.colcon_core.package_identification:_identify(src/realsense-ros/realsense2_camera) by extension 'colcon_meta'
[0.760s] Level 1:colcon.colcon_core.package_identification:_identify(src/realsense-ros/realsense2_camera) by extensions ['ros']
[0.760s] Level 1:colcon.colcon_core.package_identification:_identify(src/realsense-ros/realsense2_camera) by extension 'ros'
[0.773s] DEBUG:colcon.colcon_core.package_identification:Package 'src/realsense-ros/realsense2_camera' with type 'ros.ament_cmake' and name 'realsense2_camera'
[0.773s] Level 1:colcon.colcon_core.package_identification:_identify(src/realsense-ros/realsense2_camera_msgs) by extensions ['ignore', 'ignore_ament_install']
[0.773s] Level 1:colcon.colcon_core.package_identification:_identify(src/realsense-ros/realsense2_camera_msgs) by extension 'ignore'
[0.774s] Level 1:colcon.colcon_core.package_identification:_identify(src/realsense-ros/realsense2_camera_msgs) by extension 'ignore_ament_install'
[0.774s] Level 1:colcon.colcon_core.package_identification:_identify(src/realsense-ros/realsense2_camera_msgs) by extensions ['colcon_pkg']
[0.774s] Level 1:colcon.colcon_core.package_identification:_identify(src/realsense-ros/realsense2_camera_msgs) by extension 'colcon_pkg'
[0.774s] Level 1:colcon.colcon_core.package_identification:_identify(src/realsense-ros/realsense2_camera_msgs) by extensions ['colcon_meta']
[0.774s] Level 1:colcon.colcon_core.package_identification:_identify(src/realsense-ros/realsense2_camera_msgs) by extension 'colcon_meta'
[0.774s] Level 1:colcon.colcon_core.package_identification:_identify(src/realsense-ros/realsense2_camera_msgs) by extensions ['ros']
[0.774s] Level 1:colcon.colcon_core.package_identification:_identify(src/realsense-ros/realsense2_camera_msgs) by extension 'ros'
[0.776s] DEBUG:colcon.colcon_core.package_identification:Package 'src/realsense-ros/realsense2_camera_msgs' with type 'ros.ament_cmake' and name 'realsense2_camera_msgs'
[0.776s] Level 1:colcon.colcon_core.package_identification:_identify(src/realsense-ros/realsense2_description) by extensions ['ignore', 'ignore_ament_install']
[0.776s] Level 1:colcon.colcon_core.package_identification:_identify(src/realsense-ros/realsense2_description) by extension 'ignore'
[0.776s] Level 1:colcon.colcon_core.package_identification:_identify(src/realsense-ros/realsense2_description) by extension 'ignore_ament_install'
[0.777s] Level 1:colcon.colcon_core.package_identification:_identify(src/realsense-ros/realsense2_description) by extensions ['colcon_pkg']
[0.777s] Level 1:colcon.colcon_core.package_identification:_identify(src/realsense-ros/realsense2_description) by extension 'colcon_pkg'
[0.777s] Level 1:colcon.colcon_core.package_identification:_identify(src/realsense-ros/realsense2_description) by extensions ['colcon_meta']
[0.777s] Level 1:colcon.colcon_core.package_identification:_identify(src/realsense-ros/realsense2_description) by extension 'colcon_meta'
[0.777s] Level 1:colcon.colcon_core.package_identification:_identify(src/realsense-ros/realsense2_description) by extensions ['ros']
[0.777s] Level 1:colcon.colcon_core.package_identification:_identify(src/realsense-ros/realsense2_description) by extension 'ros'
[0.779s] DEBUG:colcon.colcon_core.package_identification:Package 'src/realsense-ros/realsense2_description' with type 'ros.ament_cmake' and name 'realsense2_description'
[0.779s] Level 1:colcon.colcon_core.package_identification:_identify(src/realsense-ros/scripts) by extensions ['ignore', 'ignore_ament_install']
[0.779s] Level 1:colcon.colcon_core.package_identification:_identify(src/realsense-ros/scripts) by extension 'ignore'
[0.779s] Level 1:colcon.colcon_core.package_identification:_identify(src/realsense-ros/scripts) by extension 'ignore_ament_install'
[0.780s] Level 1:colcon.colcon_core.package_identification:_identify(src/realsense-ros/scripts) by extensions ['colcon_pkg']
[0.780s] Level 1:colcon.colcon_core.package_identification:_identify(src/realsense-ros/scripts) by extension 'colcon_pkg'
[0.780s] Level 1:colcon.colcon_core.package_identification:_identify(src/realsense-ros/scripts) by extensions ['colcon_meta']
[0.780s] Level 1:colcon.colcon_core.package_identification:_identify(src/realsense-ros/scripts) by extension 'colcon_meta'
[0.780s] Level 1:colcon.colcon_core.package_identification:_identify(src/realsense-ros/scripts) by extensions ['ros']
[0.780s] Level 1:colcon.colcon_core.package_identification:_identify(src/realsense-ros/scripts) by extension 'ros'
[0.780s] Level 1:colcon.colcon_core.package_identification:_identify(src/realsense-ros/scripts) by extensions ['cmake', 'python']
[0.780s] Level 1:colcon.colcon_core.package_identification:_identify(src/realsense-ros/scripts) by extension 'cmake'
[0.780s] Level 1:colcon.colcon_core.package_identification:_identify(src/realsense-ros/scripts) by extension 'python'
[0.781s] Level 1:colcon.colcon_core.package_identification:_identify(src/realsense-ros/scripts) by extensions ['python_setup_py']
[0.781s] Level 1:colcon.colcon_core.package_identification:_identify(src/realsense-ros/scripts) by extension 'python_setup_py'
[0.781s] Level 1:colcon.colcon_core.package_identification:_identify(src/sllidar_ros2) by extensions ['ignore', 'ignore_ament_install']
[0.781s] Level 1:colcon.colcon_core.package_identification:_identify(src/sllidar_ros2) by extension 'ignore'
[0.781s] Level 1:colcon.colcon_core.package_identification:_identify(src/sllidar_ros2) by extension 'ignore_ament_install'
[0.781s] Level 1:colcon.colcon_core.package_identification:_identify(src/sllidar_ros2) by extensions ['colcon_pkg']
[0.781s] Level 1:colcon.colcon_core.package_identification:_identify(src/sllidar_ros2) by extension 'colcon_pkg'
[0.782s] Level 1:colcon.colcon_core.package_identification:_identify(src/sllidar_ros2) by extensions ['colcon_meta']
[0.782s] Level 1:colcon.colcon_core.package_identification:_identify(src/sllidar_ros2) by extension 'colcon_meta'
[0.782s] Level 1:colcon.colcon_core.package_identification:_identify(src/sllidar_ros2) by extensions ['ros']
[0.782s] Level 1:colcon.colcon_core.package_identification:_identify(src/sllidar_ros2) by extension 'ros'
[0.783s] DEBUG:colcon.colcon_core.package_identification:Package 'src/sllidar_ros2' with type 'ros.ament_cmake' and name 'sllidar_ros2'
[0.784s] Level 1:colcon.colcon_core.package_identification:_identify(src/static_tf_broadcaster) by extensions ['ignore', 'ignore_ament_install']
[0.784s] Level 1:colcon.colcon_core.package_identification:_identify(src/static_tf_broadcaster) by extension 'ignore'
[0.784s] Level 1:colcon.colcon_core.package_identification:_identify(src/static_tf_broadcaster) by extension 'ignore_ament_install'
[0.784s] Level 1:colcon.colcon_core.package_identification:_identify(src/static_tf_broadcaster) by extensions ['colcon_pkg']
[0.784s] Level 1:colcon.colcon_core.package_identification:_identify(src/static_tf_broadcaster) by extension 'colcon_pkg'
[0.784s] Level 1:colcon.colcon_core.package_identification:_identify(src/static_tf_broadcaster) by extensions ['colcon_meta']
[0.784s] Level 1:colcon.colcon_core.package_identification:_identify(src/static_tf_broadcaster) by extension 'colcon_meta'
[0.784s] Level 1:colcon.colcon_core.package_identification:_identify(src/static_tf_broadcaster) by extensions ['ros']
[0.784s] Level 1:colcon.colcon_core.package_identification:_identify(src/static_tf_broadcaster) by extension 'ros'
[0.786s] DEBUG:colcon.colcon_core.package_identification:Package 'src/static_tf_broadcaster' with type 'ros.ament_python' and name 'static_tf_broadcaster'
[0.786s] Level 1:colcon.colcon_core.package_identification:_identify(src/tgt_nav) by extensions ['ignore', 'ignore_ament_install']
[0.786s] Level 1:colcon.colcon_core.package_identification:_identify(src/tgt_nav) by extension 'ignore'
[0.786s] Level 1:colcon.colcon_core.package_identification:_identify(src/tgt_nav) by extension 'ignore_ament_install'
[0.786s] Level 1:colcon.colcon_core.package_identification:_identify(src/tgt_nav) by extensions ['colcon_pkg']
[0.787s] Level 1:colcon.colcon_core.package_identification:_identify(src/tgt_nav) by extension 'colcon_pkg'
[0.787s] Level 1:colcon.colcon_core.package_identification:_identify(src/tgt_nav) by extensions ['colcon_meta']
[0.787s] Level 1:colcon.colcon_core.package_identification:_identify(src/tgt_nav) by extension 'colcon_meta'
[0.787s] Level 1:colcon.colcon_core.package_identification:_identify(src/tgt_nav) by extensions ['ros']
[0.787s] Level 1:colcon.colcon_core.package_identification:_identify(src/tgt_nav) by extension 'ros'
[0.788s] DEBUG:colcon.colcon_core.package_identification:Package 'src/tgt_nav' with type 'ros.ament_python' and name 'tgt_nav'
[0.789s] Level 1:colcon.colcon_core.package_discovery:discover_packages(recursive) using defaults
[0.789s] Level 1:colcon.colcon_core.package_discovery:discover_packages(ignore) discover
[0.789s] Level 1:colcon.colcon_core.package_discovery:discover_packages(ignore) using defaults
[0.789s] Level 1:colcon.colcon_core.package_discovery:discover_packages(path) discover
[0.789s] Level 1:colcon.colcon_core.package_discovery:discover_packages(path) using defaults
[0.898s] INFO:colcon.colcon_core.package_selection:Skipping not selected package 'encoder_imu_ekf' in 'src/encoder_imu_ekf'
[0.898s] INFO:colcon.colcon_core.package_selection:Skipping not selected package 'librealsense2' in 'librealsense'
[0.898s] INFO:colcon.colcon_core.package_selection:Skipping not selected package 'motor_control' in 'src/motor_control'
[0.898s] INFO:colcon.colcon_core.package_selection:Skipping not selected package 'move_nav' in 'src/move_nav'
[0.898s] INFO:colcon.colcon_core.package_selection:Skipping not selected package 'my_robot_description' in 'src/my_robot_description'
[0.898s] INFO:colcon.colcon_core.package_selection:Skipping not selected package 'pallet_align' in 'src/pallet_align'
[0.898s] INFO:colcon.colcon_core.package_selection:Skipping not selected package 'realsense2_camera_msgs' in 'src/realsense-ros/realsense2_camera_msgs'
[0.899s] INFO:colcon.colcon_core.package_selection:Skipping not selected package 'sllidar_ros2' in 'src/sllidar_ros2'
[0.899s] INFO:colcon.colcon_core.package_selection:Skipping not selected package 'static_tf_broadcaster' in 'src/static_tf_broadcaster'
[0.899s] INFO:colcon.colcon_core.package_selection:Skipping not selected package 'tgt_nav' in 'src/tgt_nav'
[0.899s] INFO:colcon.colcon_core.package_selection:Skipping not selected package 'realsense2_camera' in 'src/realsense-ros/realsense2_camera'
[0.899s] INFO:colcon.colcon_core.package_selection:Skipping not selected package 'realsense2_description' in 'src/realsense-ros/realsense2_description'
[0.900s] Level 1:colcon.colcon_core.package_discovery:discover_packages(prefix_path) check parameters
[0.900s] Level 1:colcon.colcon_core.package_discovery:discover_packages(prefix_path) discover
[0.906s] DEBUG:colcon.colcon_installed_package_information.package_discovery:Found 11 installed packages in /home/jaeseok/ros2_ws/install
[0.910s] DEBUG:colcon.colcon_installed_package_information.package_discovery:Found 320 installed packages in /opt/ros/humble
[0.913s] Level 1:colcon.colcon_core.package_discovery:discover_packages(prefix_path) using defaults
[1.019s] Level 5:colcon.colcon_core.verb:set package 'esp_serial' build argument 'cmake_args' from command line to 'None'
[1.020s] Level 5:colcon.colcon_core.verb:set package 'esp_serial' build argument 'cmake_target' from command line to 'None'
[1.020s] Level 5:colcon.colcon_core.verb:set package 'esp_serial' build argument 'cmake_target_skip_unavailable' from command line to 'False'
[1.020s] Level 5:colcon.colcon_core.verb:set package 'esp_serial' build argument 'cmake_clean_cache' from command line to 'False'
[1.020s] Level 5:colcon.colcon_core.verb:set package 'esp_serial' build argument 'cmake_clean_first' from command line to 'False'
[1.020s] Level 5:colcon.colcon_core.verb:set package 'esp_serial' build argument 'cmake_force_configure' from command line to 'False'
[1.020s] Level 5:colcon.colcon_core.verb:set package 'esp_serial' build argument 'ament_cmake_args' from command line to 'None'
[1.020s] Level 5:colcon.colcon_core.verb:set package 'esp_serial' build argument 'catkin_cmake_args' from command line to 'None'
[1.020s] Level 5:colcon.colcon_core.verb:set package 'esp_serial' build argument 'catkin_skip_building_tests' from command line to 'False'
[1.020s] DEBUG:colcon.colcon_core.verb:Building package 'esp_serial' with the following arguments: {'ament_cmake_args': None, 'build_base': '/home/jaeseok/ros2_ws/build/esp_serial', 'catkin_cmake_args': None, 'catkin_skip_building_tests': False, 'cmake_args': None, 'cmake_clean_cache': False, 'cmake_clean_first': False, 'cmake_force_configure': False, 'cmake_target': None, 'cmake_target_skip_unavailable': False, 'install_base': '/home/jaeseok/ros2_ws/install/esp_serial', 'merge_install': False, 'path': '/home/jaeseok/ros2_ws/src/esp_serial', 'symlink_install': False, 'test_result_base': None}
[1.021s] INFO:colcon.colcon_core.executor:Executing jobs using 'parallel' executor
[1.036s] DEBUG:colcon.colcon_parallel_executor.executor.parallel:run_until_complete
[1.037s] INFO:colcon.colcon_ros.task.ament_python.build:Building ROS package in '/home/jaeseok/ros2_ws/src/esp_serial' with build type 'ament_python'
[1.038s] Level 1:colcon.colcon_core.shell:create_environment_hook('esp_serial', 'ament_prefix_path')
[1.056s] INFO:colcon.colcon_core.plugin_system:Skipping extension 'colcon_core.shell.bat': Not used on non-Windows systems
[1.056s] INFO:colcon.colcon_core.shell:Creating environment hook '/home/jaeseok/ros2_ws/install/esp_serial/share/esp_serial/hook/ament_prefix_path.ps1'
[1.059s] INFO:colcon.colcon_core.shell:Creating environment descriptor '/home/jaeseok/ros2_ws/install/esp_serial/share/esp_serial/hook/ament_prefix_path.dsv'
[1.060s] INFO:colcon.colcon_core.shell:Creating environment hook '/home/jaeseok/ros2_ws/install/esp_serial/share/esp_serial/hook/ament_prefix_path.sh'
[1.063s] INFO:colcon.colcon_core.shell:Skip shell extension 'powershell' for command environment: Not usable outside of PowerShell
[1.063s] DEBUG:colcon.colcon_core.shell:Skip shell extension 'dsv' for command environment
[1.826s] INFO:colcon.colcon_core.task.python.build:Building Python package in '/home/jaeseok/ros2_ws/src/esp_serial'
[1.828s] INFO:colcon.colcon_core.shell:Skip shell extension 'powershell' for command environment: Not usable outside of PowerShell
[1.828s] DEBUG:colcon.colcon_core.shell:Skip shell extension 'dsv' for command environment
[2.794s] DEBUG:colcon.colcon_core.event_handler.log_command:Invoking command in '/home/jaeseok/ros2_ws/src/esp_serial': PYTHONPATH=/home/jaeseok/ros2_ws/build/esp_serial/prefix_override:/usr/lib/python3/dist-packages/colcon_core/task/python/colcon_distutils_commands:/home/jaeseok/ros2_ws/install/esp_serial/lib/python3.10/site-packages:${PYTHONPATH} /usr/bin/python3 -W ignore:setup.py install is deprecated -W ignore:easy_install command is deprecated setup.py egg_info --egg-base ../../build/esp_serial build --build-base /home/jaeseok/ros2_ws/build/esp_serial/build install --record /home/jaeseok/ros2_ws/build/esp_serial/install.log --single-version-externally-managed install_data
[3.638s] DEBUG:colcon.colcon_core.event_handler.log_command:Invoked command in '/home/jaeseok/ros2_ws/src/esp_serial' returned '0': PYTHONPATH=/home/jaeseok/ros2_ws/build/esp_serial/prefix_override:/usr/lib/python3/dist-packages/colcon_core/task/python/colcon_distutils_commands:/home/jaeseok/ros2_ws/install/esp_serial/lib/python3.10/site-packages:${PYTHONPATH} /usr/bin/python3 -W ignore:setup.py install is deprecated -W ignore:easy_install command is deprecated setup.py egg_info --egg-base ../../build/esp_serial build --build-base /home/jaeseok/ros2_ws/build/esp_serial/build install --record /home/jaeseok/ros2_ws/build/esp_serial/install.log --single-version-externally-managed install_data
[3.645s] Level 1:colcon.colcon_core.environment:checking '/home/jaeseok/ros2_ws/install/esp_serial' for CMake module files
[3.647s] Level 1:colcon.colcon_core.environment:checking '/home/jaeseok/ros2_ws/install/esp_serial' for CMake config files
[3.649s] Level 1:colcon.colcon_core.environment:checking '/home/jaeseok/ros2_ws/install/esp_serial/lib'
[3.650s] Level 1:colcon.colcon_core.environment:checking '/home/jaeseok/ros2_ws/install/esp_serial/bin'
[3.650s] Level 1:colcon.colcon_core.environment:checking '/home/jaeseok/ros2_ws/install/esp_serial/lib/pkgconfig/esp_serial.pc'
[3.651s] Level 1:colcon.colcon_core.environment:checking '/home/jaeseok/ros2_ws/install/esp_serial/lib/python3.10/site-packages'
[3.651s] Level 1:colcon.colcon_core.shell:create_environment_hook('esp_serial', 'pythonpath')
[3.652s] INFO:colcon.colcon_core.shell:Creating environment hook '/home/jaeseok/ros2_ws/install/esp_serial/share/esp_serial/hook/pythonpath.ps1'
[3.655s] INFO:colcon.colcon_core.shell:Creating environment descriptor '/home/jaeseok/ros2_ws/install/esp_serial/share/esp_serial/hook/pythonpath.dsv'
[3.656s] INFO:colcon.colcon_core.shell:Creating environment hook '/home/jaeseok/ros2_ws/install/esp_serial/share/esp_serial/hook/pythonpath.sh'
[3.658s] Level 1:colcon.colcon_core.environment:checking '/home/jaeseok/ros2_ws/install/esp_serial/bin'
[3.659s] Level 1:colcon.colcon_core.environment:create_environment_scripts_only(esp_serial)
[3.660s] INFO:colcon.colcon_core.shell:Creating package script '/home/jaeseok/ros2_ws/install/esp_serial/share/esp_serial/package.ps1'
[3.662s] INFO:colcon.colcon_core.shell:Creating package descriptor '/home/jaeseok/ros2_ws/install/esp_serial/share/esp_serial/package.dsv'
[3.664s] INFO:colcon.colcon_core.shell:Creating package script '/home/jaeseok/ros2_ws/install/esp_serial/share/esp_serial/package.sh'
[3.666s] INFO:colcon.colcon_core.shell:Creating package script '/home/jaeseok/ros2_ws/install/esp_serial/share/esp_serial/package.bash'
[3.669s] INFO:colcon.colcon_core.shell:Creating package script '/home/jaeseok/ros2_ws/install/esp_serial/share/esp_serial/package.zsh'
[3.671s] Level 1:colcon.colcon_core.environment:create_file_with_runtime_dependencies(/home/jaeseok/ros2_ws/install/esp_serial/share/colcon-core/packages/esp_serial)
[3.674s] DEBUG:colcon.colcon_parallel_executor.executor.parallel:closing loop
[3.675s] DEBUG:colcon.colcon_parallel_executor.executor.parallel:loop closed
[3.676s] DEBUG:colcon.colcon_parallel_executor.executor.parallel:run_until_complete finished with '0'
[3.676s] DEBUG:colcon.colcon_core.event_reactor:joining thread
[3.691s] INFO:colcon.colcon_core.plugin_system:Skipping extension 'colcon_notification.desktop_notification.terminal_notifier': Not used on non-Darwin systems
[3.691s] INFO:colcon.colcon_core.plugin_system:Skipping extension 'colcon_notification.desktop_notification.win32': Not used on non-Windows systems
[3.692s] INFO:colcon.colcon_notification.desktop_notification:Sending desktop notification using 'notify2'
[3.708s] DEBUG:colcon.colcon_core.event_reactor:joined thread
[3.709s] INFO:colcon.colcon_core.shell:Creating prefix script '/home/jaeseok/ros2_ws/install/local_setup.ps1'
[3.712s] INFO:colcon.colcon_core.shell:Creating prefix util module '/home/jaeseok/ros2_ws/install/_local_setup_util_ps1.py'
[3.721s] INFO:colcon.colcon_core.shell:Creating prefix chain script '/home/jaeseok/ros2_ws/install/setup.ps1'
[3.725s] INFO:colcon.colcon_core.shell:Creating prefix script '/home/jaeseok/ros2_ws/install/local_setup.sh'
[3.727s] INFO:colcon.colcon_core.shell:Creating prefix util module '/home/jaeseok/ros2_ws/install/_local_setup_util_sh.py'
[3.728s] INFO:colcon.colcon_core.shell:Creating prefix chain script '/home/jaeseok/ros2_ws/install/setup.sh'
[3.732s] INFO:colcon.colcon_core.shell:Creating prefix script '/home/jaeseok/ros2_ws/install/local_setup.bash'
[3.733s] INFO:colcon.colcon_core.shell:Creating prefix chain script '/home/jaeseok/ros2_ws/install/setup.bash'
[3.737s] INFO:colcon.colcon_core.shell:Creating prefix script '/home/jaeseok/ros2_ws/install/local_setup.zsh'
[3.738s] INFO:colcon.colcon_core.shell:Creating prefix chain script '/home/jaeseok/ros2_ws/install/setup.zsh'
