[1.782s] Invoking command in '/home/jaeseok/ros2_ws/src/esp_serial': PYTHONPATH=/home/jaeseok/ros2_ws/build/esp_serial/prefix_override:/usr/lib/python3/dist-packages/colcon_core/task/python/colcon_distutils_commands:/home/jaeseok/ros2_ws/install/esp_serial/lib/python3.10/site-packages:${PYTHONPATH} /usr/bin/python3 -W ignore:setup.py install is deprecated -W ignore:easy_install command is deprecated setup.py egg_info --egg-base ../../build/esp_serial build --build-base /home/jaeseok/ros2_ws/build/esp_serial/build install --record /home/jaeseok/ros2_ws/build/esp_serial/install.log --single-version-externally-managed install_data
[2.431s] running egg_info
[2.433s] creating ../../build/esp_serial/esp_serial.egg-info
[2.434s] writing ../../build/esp_serial/esp_serial.egg-info/PKG-INFO
[2.435s] writing dependency_links to ../../build/esp_serial/esp_serial.egg-info/dependency_links.txt
[2.436s] writing entry points to ../../build/esp_serial/esp_serial.egg-info/entry_points.txt
[2.436s] writing requirements to ../../build/esp_serial/esp_serial.egg-info/requires.txt
[2.437s] writing top-level names to ../../build/esp_serial/esp_serial.egg-info/top_level.txt
[2.437s] writing manifest file '../../build/esp_serial/esp_serial.egg-info/SOURCES.txt'
[2.441s] reading manifest file '../../build/esp_serial/esp_serial.egg-info/SOURCES.txt'
[2.443s] writing manifest file '../../build/esp_serial/esp_serial.egg-info/SOURCES.txt'
[2.443s] running build
[2.443s] running build_py
[2.445s] creating /home/jaeseok/ros2_ws/build/esp_serial/build
[2.446s] creating /home/jaeseok/ros2_ws/build/esp_serial/build/lib
[2.446s] creating /home/jaeseok/ros2_ws/build/esp_serial/build/lib/esp_serial
[2.446s] copying esp_serial/serial_node.py -> /home/jaeseok/ros2_ws/build/esp_serial/build/lib/esp_serial
[2.446s] copying esp_serial/__init__.py -> /home/jaeseok/ros2_ws/build/esp_serial/build/lib/esp_serial
[2.448s] running install
[2.448s] running install_lib
[2.449s] creating /home/jaeseok/ros2_ws/install/esp_serial/lib/python3.10/site-packages/esp_serial
[2.449s] copying /home/jaeseok/ros2_ws/build/esp_serial/build/lib/esp_serial/serial_node.py -> /home/jaeseok/ros2_ws/install/esp_serial/lib/python3.10/site-packages/esp_serial
[2.449s] copying /home/jaeseok/ros2_ws/build/esp_serial/build/lib/esp_serial/__init__.py -> /home/jaeseok/ros2_ws/install/esp_serial/lib/python3.10/site-packages/esp_serial
[2.451s] byte-compiling /home/jaeseok/ros2_ws/install/esp_serial/lib/python3.10/site-packages/esp_serial/serial_node.py to serial_node.cpython-310.pyc
[2.453s] byte-compiling /home/jaeseok/ros2_ws/install/esp_serial/lib/python3.10/site-packages/esp_serial/__init__.py to __init__.cpython-310.pyc
[2.454s] running install_data
[2.454s] creating /home/jaeseok/ros2_ws/install/esp_serial/share/ament_index
[2.455s] creating /home/jaeseok/ros2_ws/install/esp_serial/share/ament_index/resource_index
[2.455s] creating /home/jaeseok/ros2_ws/install/esp_serial/share/ament_index/resource_index/packages
[2.455s] copying resource/esp_serial -> /home/jaeseok/ros2_ws/install/esp_serial/share/ament_index/resource_index/packages
[2.456s] copying package.xml -> /home/jaeseok/ros2_ws/install/esp_serial/share/esp_serial
[2.456s] running install_egg_info
[2.462s] Copying ../../build/esp_serial/esp_serial.egg-info to /home/jaeseok/ros2_ws/install/esp_serial/lib/python3.10/site-packages/esp_serial-0.0.0-py3.10.egg-info
[2.465s] running install_scripts
[2.528s] Installing serial_node script to /home/jaeseok/ros2_ws/install/esp_serial/lib/esp_serial
[2.530s] writing list of installed files to '/home/jaeseok/ros2_ws/build/esp_serial/install.log'
[2.660s] Invoked command in '/home/jaeseok/ros2_ws/src/esp_serial' returned '0': PYTHONPATH=/home/jaeseok/ros2_ws/build/esp_serial/prefix_override:/usr/lib/python3/dist-packages/colcon_core/task/python/colcon_distutils_commands:/home/jaeseok/ros2_ws/install/esp_serial/lib/python3.10/site-packages:${PYTHONPATH} /usr/bin/python3 -W ignore:setup.py install is deprecated -W ignore:easy_install command is deprecated setup.py egg_info --egg-base ../../build/esp_serial build --build-base /home/jaeseok/ros2_ws/build/esp_serial/build install --record /home/jaeseok/ros2_ws/build/esp_serial/install.log --single-version-externally-managed install_data
