running egg_info
creating ../build/lidar_slam_pkg/lidar_slam_pkg.egg-info
writing ../build/lidar_slam_pkg/lidar_slam_pkg.egg-info/PKG-INFO
writing dependency_links to ../build/lidar_slam_pkg/lidar_slam_pkg.egg-info/dependency_links.txt
writing requirements to ../build/lidar_slam_pkg/lidar_slam_pkg.egg-info/requires.txt
writing top-level names to ../build/lidar_slam_pkg/lidar_slam_pkg.egg-info/top_level.txt
writing manifest file '../build/lidar_slam_pkg/lidar_slam_pkg.egg-info/SOURCES.txt'
reading manifest file '../build/lidar_slam_pkg/lidar_slam_pkg.egg-info/SOURCES.txt'
writing manifest file '../build/lidar_slam_pkg/lidar_slam_pkg.egg-info/SOURCES.txt'
running build
running build_py
creating /home/jaeseok/ros2_ws/src/build/lidar_slam_pkg/build
creating /home/jaeseok/ros2_ws/src/build/lidar_slam_pkg/build/lib
creating /home/jaeseok/ros2_ws/src/build/lidar_slam_pkg/build/lib/lidar_slam_pkg
copying lidar_slam_pkg/__init__.py -> /home/jaeseok/ros2_ws/src/build/lidar_slam_pkg/build/lib/lidar_slam_pkg
running install
running install_lib
creating /home/jaeseok/ros2_ws/src/install/lidar_slam_pkg/lib/python3.10/site-packages/lidar_slam_pkg
copying /home/jaeseok/ros2_ws/src/build/lidar_slam_pkg/build/lib/lidar_slam_pkg/__init__.py -> /home/jaeseok/ros2_ws/src/install/lidar_slam_pkg/lib/python3.10/site-packages/lidar_slam_pkg
byte-compiling /home/jaeseok/ros2_ws/src/install/lidar_slam_pkg/lib/python3.10/site-packages/lidar_slam_pkg/__init__.py to __init__.cpython-310.pyc
running install_data
creating /home/jaeseok/ros2_ws/src/install/lidar_slam_pkg/share/ament_index
creating /home/jaeseok/ros2_ws/src/install/lidar_slam_pkg/share/ament_index/resource_index
creating /home/jaeseok/ros2_ws/src/install/lidar_slam_pkg/share/ament_index/resource_index/packages
copying resource/lidar_slam_pkg -> /home/jaeseok/ros2_ws/src/install/lidar_slam_pkg/share/ament_index/resource_index/packages
copying package.xml -> /home/jaeseok/ros2_ws/src/install/lidar_slam_pkg/share/lidar_slam_pkg
creating /home/jaeseok/ros2_ws/src/install/lidar_slam_pkg/share/lidar_slam_pkg/launch
copying launch/lidar_slam.launch.py -> /home/jaeseok/ros2_ws/src/install/lidar_slam_pkg/share/lidar_slam_pkg/launch
running install_egg_info
Copying ../build/lidar_slam_pkg/lidar_slam_pkg.egg-info to /home/jaeseok/ros2_ws/src/install/lidar_slam_pkg/lib/python3.10/site-packages/lidar_slam_pkg-0.0.1-py3.10.egg-info
running install_scripts
writing list of installed files to '/home/jaeseok/ros2_ws/src/build/lidar_slam_pkg/install.log'
