[1.877s] Invoking command in '/home/jaeseok/ros2_ws/src/lidar_slam_pkg': PYTHONPATH=/home/jaeseok/ros2_ws/src/build/lidar_slam_pkg/prefix_override:/usr/lib/python3/dist-packages/colcon_core/task/python/colcon_distutils_commands:/home/jaeseok/ros2_ws/src/install/lidar_slam_pkg/lib/python3.10/site-packages:${PYTHONPATH} /usr/bin/python3 -W ignore:setup.py install is deprecated -W ignore:easy_install command is deprecated setup.py egg_info --egg-base ../build/lidar_slam_pkg build --build-base /home/jaeseok/ros2_ws/src/build/lidar_slam_pkg/build install --record /home/jaeseok/ros2_ws/src/build/lidar_slam_pkg/install.log --single-version-externally-managed install_data
[2.498s] running egg_info
[2.499s] creating ../build/lidar_slam_pkg/lidar_slam_pkg.egg-info
[2.499s] writing ../build/lidar_slam_pkg/lidar_slam_pkg.egg-info/PKG-INFO
[2.500s] writing dependency_links to ../build/lidar_slam_pkg/lidar_slam_pkg.egg-info/dependency_links.txt
[2.501s] writing requirements to ../build/lidar_slam_pkg/lidar_slam_pkg.egg-info/requires.txt
[2.502s] writing top-level names to ../build/lidar_slam_pkg/lidar_slam_pkg.egg-info/top_level.txt
[2.502s] writing manifest file '../build/lidar_slam_pkg/lidar_slam_pkg.egg-info/SOURCES.txt'
[2.507s] reading manifest file '../build/lidar_slam_pkg/lidar_slam_pkg.egg-info/SOURCES.txt'
[2.512s] writing manifest file '../build/lidar_slam_pkg/lidar_slam_pkg.egg-info/SOURCES.txt'
[2.514s] running build
[2.514s] running build_py
[2.514s] creating /home/jaeseok/ros2_ws/src/build/lidar_slam_pkg/build
[2.514s] creating /home/jaeseok/ros2_ws/src/build/lidar_slam_pkg/build/lib
[2.515s] creating /home/jaeseok/ros2_ws/src/build/lidar_slam_pkg/build/lib/lidar_slam_pkg
[2.515s] copying lidar_slam_pkg/__init__.py -> /home/jaeseok/ros2_ws/src/build/lidar_slam_pkg/build/lib/lidar_slam_pkg
[2.515s] running install
[2.515s] running install_lib
[2.517s] creating /home/jaeseok/ros2_ws/src/install/lidar_slam_pkg/lib/python3.10/site-packages/lidar_slam_pkg
[2.517s] copying /home/jaeseok/ros2_ws/src/build/lidar_slam_pkg/build/lib/lidar_slam_pkg/__init__.py -> /home/jaeseok/ros2_ws/src/install/lidar_slam_pkg/lib/python3.10/site-packages/lidar_slam_pkg
[2.519s] byte-compiling /home/jaeseok/ros2_ws/src/install/lidar_slam_pkg/lib/python3.10/site-packages/lidar_slam_pkg/__init__.py to __init__.cpython-310.pyc
[2.550s] running install_data
[2.550s] creating /home/jaeseok/ros2_ws/src/install/lidar_slam_pkg/share/ament_index
[2.550s] creating /home/jaeseok/ros2_ws/src/install/lidar_slam_pkg/share/ament_index/resource_index
[2.550s] creating /home/jaeseok/ros2_ws/src/install/lidar_slam_pkg/share/ament_index/resource_index/packages
[2.551s] copying resource/lidar_slam_pkg -> /home/jaeseok/ros2_ws/src/install/lidar_slam_pkg/share/ament_index/resource_index/packages
[2.551s] copying package.xml -> /home/jaeseok/ros2_ws/src/install/lidar_slam_pkg/share/lidar_slam_pkg
[2.551s] creating /home/jaeseok/ros2_ws/src/install/lidar_slam_pkg/share/lidar_slam_pkg/launch
[2.551s] copying launch/lidar_slam.launch.py -> /home/jaeseok/ros2_ws/src/install/lidar_slam_pkg/share/lidar_slam_pkg/launch
[2.551s] running install_egg_info
[2.557s] Copying ../build/lidar_slam_pkg/lidar_slam_pkg.egg-info to /home/jaeseok/ros2_ws/src/install/lidar_slam_pkg/lib/python3.10/site-packages/lidar_slam_pkg-0.0.1-py3.10.egg-info
[2.560s] running install_scripts
[2.621s] writing list of installed files to '/home/jaeseok/ros2_ws/src/build/lidar_slam_pkg/install.log'
[2.718s] Invoked command in '/home/jaeseok/ros2_ws/src/lidar_slam_pkg' returned '0': PYTHONPATH=/home/jaeseok/ros2_ws/src/build/lidar_slam_pkg/prefix_override:/usr/lib/python3/dist-packages/colcon_core/task/python/colcon_distutils_commands:/home/jaeseok/ros2_ws/src/install/lidar_slam_pkg/lib/python3.10/site-packages:${PYTHONPATH} /usr/bin/python3 -W ignore:setup.py install is deprecated -W ignore:easy_install command is deprecated setup.py egg_info --egg-base ../build/lidar_slam_pkg build --build-base /home/jaeseok/ros2_ws/src/build/lidar_slam_pkg/build install --record /home/jaeseok/ros2_ws/src/build/lidar_slam_pkg/install.log --single-version-externally-managed install_data
