running egg_info
writing ../../build/esp_serial/esp_serial.egg-info/PKG-INFO
writing dependency_links to ../../build/esp_serial/esp_serial.egg-info/dependency_links.txt
writing entry points to ../../build/esp_serial/esp_serial.egg-info/entry_points.txt
writing requirements to ../../build/esp_serial/esp_serial.egg-info/requires.txt
writing top-level names to ../../build/esp_serial/esp_serial.egg-info/top_level.txt
reading manifest file '../../build/esp_serial/esp_serial.egg-info/SOURCES.txt'
writing manifest file '../../build/esp_serial/esp_serial.egg-info/SOURCES.txt'
running build
running build_py
copying esp_serial/serial_node.py -> /home/jaeseok/ros2_ws/build/esp_serial/build/lib/esp_serial
running install
running install_lib
copying /home/jaeseok/ros2_ws/build/esp_serial/build/lib/esp_serial/serial_node.py -> /home/jaeseok/ros2_ws/install/esp_serial/lib/python3.10/site-packages/esp_serial
byte-compiling /home/jaeseok/ros2_ws/install/esp_serial/lib/python3.10/site-packages/esp_serial/serial_node.py to serial_node.cpython-310.pyc
running install_data
running install_egg_info
removing '/home/jaeseok/ros2_ws/install/esp_serial/lib/python3.10/site-packages/esp_serial-0.0.0-py3.10.egg-info' (and everything under it)
Copying ../../build/esp_serial/esp_serial.egg-info to /home/jaeseok/ros2_ws/install/esp_serial/lib/python3.10/site-packages/esp_serial-0.0.0-py3.10.egg-info
running install_scripts
Installing serial_node script to /home/jaeseok/ros2_ws/install/esp_serial/lib/esp_serial
writing list of installed files to '/home/jaeseok/ros2_ws/build/esp_serial/install.log'
