[0.021s] Invoking command in '/home/jaeseok/ros2_ws/build/realsense2_description': CMAKE_PREFIX_PATH=${CMAKE_PREFIX_PATH}:/home/jaeseok/ros2_ws/install/pallet_align:/home/jaeseok/ros2_ws/install/motor_control:/home/jaeseok/ros2_ws/install/encoder_imu_ekf:/opt/ros/humble /usr/bin/cmake /home/jaeseok/ros2_ws/src/realsense-ros/realsense2_description -DCMAKE_BUILD_TYPE=Release -DBUILD_WITHOUT_LIBREALSENSE=ON -DAMENT_CMAKE_SYMLINK_INSTALL=1 -DCMAKE_INSTALL_PREFIX=/home/jaeseok/ros2_ws/install/realsense2_description
[0.174s] -- The C compiler identification is GNU 11.4.0
[0.333s] -- The CXX compiler identification is GNU 11.4.0
[0.358s] -- Detecting C compiler ABI info
[0.572s] -- Detecting C compiler ABI info - done
[0.610s] -- Check for working C compiler: /usr/bin/cc - skipped
[0.611s] -- Detecting C compile features
[0.613s] -- Detecting C compile features - done
[0.622s] -- Detecting CXX compiler ABI info
[0.848s] -- Detecting CXX compiler ABI info - done
[0.873s] -- Check for working CXX compiler: /usr/bin/c++ - skipped
[0.873s] -- Detecting CXX compile features
[0.873s] -- Detecting CXX compile features - done
[0.877s] -- Found ament_cmake: 1.3.11 (/opt/ros/humble/share/ament_cmake/cmake)
[1.410s] -- Found Python3: /usr/bin/python3 (found version "3.10.12") found components: Interpreter 
[1.626s] -- Override CMake install command with custom implementation using symlinks instead of copying resources
[1.908s] -- Configuring done
[1.916s] -- Generating done
[1.919s] [33mCMake Warning:
[1.919s]   Manually-specified variables were not used by the project:
[1.919s] 
[1.919s]     BUILD_WITHOUT_LIBREALSENSE
[1.919s] 
[1.919s] [0m
[1.924s] -- Build files have been written to: /home/jaeseok/ros2_ws/build/realsense2_description
[1.948s] Invoked command in '/home/jaeseok/ros2_ws/build/realsense2_description' returned '0': CMAKE_PREFIX_PATH=${CMAKE_PREFIX_PATH}:/home/jaeseok/ros2_ws/install/pallet_align:/home/jaeseok/ros2_ws/install/motor_control:/home/jaeseok/ros2_ws/install/encoder_imu_ekf:/opt/ros/humble /usr/bin/cmake /home/jaeseok/ros2_ws/src/realsense-ros/realsense2_description -DCMAKE_BUILD_TYPE=Release -DBUILD_WITHOUT_LIBREALSENSE=ON -DAMENT_CMAKE_SYMLINK_INSTALL=1 -DCMAKE_INSTALL_PREFIX=/home/jaeseok/ros2_ws/install/realsense2_description
[1.952s] Invoking command in '/home/jaeseok/ros2_ws/build/realsense2_description': CMAKE_PREFIX_PATH=${CMAKE_PREFIX_PATH}:/home/jaeseok/ros2_ws/install/pallet_align:/home/jaeseok/ros2_ws/install/motor_control:/home/jaeseok/ros2_ws/install/encoder_imu_ekf:/opt/ros/humble /usr/bin/cmake --build /home/jaeseok/ros2_ws/build/realsense2_description -- -j6 -l6
[2.067s] Invoked command in '/home/jaeseok/ros2_ws/build/realsense2_description' returned '0': CMAKE_PREFIX_PATH=${CMAKE_PREFIX_PATH}:/home/jaeseok/ros2_ws/install/pallet_align:/home/jaeseok/ros2_ws/install/motor_control:/home/jaeseok/ros2_ws/install/encoder_imu_ekf:/opt/ros/humble /usr/bin/cmake --build /home/jaeseok/ros2_ws/build/realsense2_description -- -j6 -l6
[2.072s] Invoking command in '/home/jaeseok/ros2_ws/build/realsense2_description': CMAKE_PREFIX_PATH=${CMAKE_PREFIX_PATH}:/home/jaeseok/ros2_ws/install/pallet_align:/home/jaeseok/ros2_ws/install/motor_control:/home/jaeseok/ros2_ws/install/encoder_imu_ekf:/opt/ros/humble /usr/bin/cmake --install /home/jaeseok/ros2_ws/build/realsense2_description
[2.102s] -- Install configuration: "Release"
[2.104s] -- Execute custom install script
[2.107s] -- Symlinking: /home/jaeseok/ros2_ws/install/realsense2_description/share/realsense2_description/launch/launch_utils.py
[2.131s] -- Symlinking: /home/jaeseok/ros2_ws/install/realsense2_description/share/realsense2_description/launch/view_model.launch.py
[2.155s] -- Symlinking: /home/jaeseok/ros2_ws/install/realsense2_description/share/realsense2_description/meshes/d405.stl
[2.179s] -- Symlinking: /home/jaeseok/ros2_ws/install/realsense2_description/share/realsense2_description/meshes/d415.stl
[2.202s] -- Symlinking: /home/jaeseok/ros2_ws/install/realsense2_description/share/realsense2_description/meshes/d435.dae
[2.232s] -- Symlinking: /home/jaeseok/ros2_ws/install/realsense2_description/share/realsense2_description/meshes/d455.stl
[2.255s] -- Symlinking: /home/jaeseok/ros2_ws/install/realsense2_description/share/realsense2_description/meshes/l515.dae
[2.280s] -- Symlinking: /home/jaeseok/ros2_ws/install/realsense2_description/share/realsense2_description/meshes/plug.stl
[2.301s] -- Symlinking: /home/jaeseok/ros2_ws/install/realsense2_description/share/realsense2_description/meshes/plug_collision.stl
[2.328s] -- Symlinking: /home/jaeseok/ros2_ws/install/realsense2_description/share/realsense2_description/rviz/urdf.rviz
[2.353s] -- Symlinking: /home/jaeseok/ros2_ws/install/realsense2_description/share/realsense2_description/urdf/_d405.urdf.xacro
[2.376s] -- Symlinking: /home/jaeseok/ros2_ws/install/realsense2_description/share/realsense2_description/urdf/_d415.urdf.xacro
[2.406s] -- Symlinking: /home/jaeseok/ros2_ws/install/realsense2_description/share/realsense2_description/urdf/_d435.urdf.xacro
[2.430s] -- Symlinking: /home/jaeseok/ros2_ws/install/realsense2_description/share/realsense2_description/urdf/_d435i.urdf.xacro
[2.483s] -- Symlinking: /home/jaeseok/ros2_ws/install/realsense2_description/share/realsense2_description/urdf/_d435i_imu_modules.urdf.xacro
[2.522s] -- Symlinking: /home/jaeseok/ros2_ws/install/realsense2_description/share/realsense2_description/urdf/_d455.urdf.xacro
[2.547s] -- Symlinking: /home/jaeseok/ros2_ws/install/realsense2_description/share/realsense2_description/urdf/_materials.urdf.xacro
[2.571s] -- Symlinking: /home/jaeseok/ros2_ws/install/realsense2_description/share/realsense2_description/urdf/_r410.urdf.xacro
[2.598s] -- Symlinking: /home/jaeseok/ros2_ws/install/realsense2_description/share/realsense2_description/urdf/_r430.urdf.xacro
[2.635s] -- Symlinking: /home/jaeseok/ros2_ws/install/realsense2_description/share/realsense2_description/urdf/_usb_plug.urdf.xacro
[2.660s] -- Symlinking: /home/jaeseok/ros2_ws/install/realsense2_description/share/realsense2_description/urdf/test_d405_camera.urdf.xacro
[2.685s] -- Symlinking: /home/jaeseok/ros2_ws/install/realsense2_description/share/realsense2_description/urdf/test_d415_camera.urdf.xacro
[2.712s] -- Symlinking: /home/jaeseok/ros2_ws/install/realsense2_description/share/realsense2_description/urdf/test_d435_camera.urdf.xacro
[2.739s] -- Symlinking: /home/jaeseok/ros2_ws/install/realsense2_description/share/realsense2_description/urdf/test_d435_multiple_cameras.urdf.xacro
[2.768s] -- Symlinking: /home/jaeseok/ros2_ws/install/realsense2_description/share/realsense2_description/urdf/test_d435i_camera.urdf.xacro
[2.787s] -- Symlinking: /home/jaeseok/ros2_ws/install/realsense2_description/share/realsense2_description/urdf/test_d455_camera.urdf.xacro
[2.806s] -- Symlinking: /home/jaeseok/ros2_ws/install/realsense2_description/share/realsense2_description/urdf/test_r410_camera.urdf.xacro
[2.837s] -- Symlinking: /home/jaeseok/ros2_ws/install/realsense2_description/share/realsense2_description/urdf/test_r430_camera.urdf.xacro
[2.873s] -- Symlinking: /home/jaeseok/ros2_ws/install/realsense2_description/share/ament_index/resource_index/package_run_dependencies/realsense2_description
[2.898s] -- Symlinking: /home/jaeseok/ros2_ws/install/realsense2_description/share/ament_index/resource_index/parent_prefix_path/realsense2_description
[2.921s] -- Symlinking: /home/jaeseok/ros2_ws/install/realsense2_description/share/realsense2_description/environment/ament_prefix_path.sh
[2.947s] -- Symlinking: /home/jaeseok/ros2_ws/install/realsense2_description/share/realsense2_description/environment/ament_prefix_path.dsv
[2.977s] -- Symlinking: /home/jaeseok/ros2_ws/install/realsense2_description/share/realsense2_description/environment/path.sh
[3.001s] -- Symlinking: /home/jaeseok/ros2_ws/install/realsense2_description/share/realsense2_description/environment/path.dsv
[3.031s] -- Symlinking: /home/jaeseok/ros2_ws/install/realsense2_description/share/realsense2_description/local_setup.bash
[3.058s] -- Symlinking: /home/jaeseok/ros2_ws/install/realsense2_description/share/realsense2_description/local_setup.sh
[3.083s] -- Symlinking: /home/jaeseok/ros2_ws/install/realsense2_description/share/realsense2_description/local_setup.zsh
[3.110s] -- Symlinking: /home/jaeseok/ros2_ws/install/realsense2_description/share/realsense2_description/local_setup.dsv
[3.136s] -- Symlinking: /home/jaeseok/ros2_ws/install/realsense2_description/share/realsense2_description/package.dsv
[3.165s] -- Symlinking: /home/jaeseok/ros2_ws/install/realsense2_description/share/ament_index/resource_index/packages/realsense2_description
[3.195s] -- Symlinking: /home/jaeseok/ros2_ws/install/realsense2_description/share/realsense2_description/cmake/realsense2_descriptionConfig.cmake
[3.219s] -- Symlinking: /home/jaeseok/ros2_ws/install/realsense2_description/share/realsense2_description/cmake/realsense2_descriptionConfig-version.cmake
[3.246s] -- Symlinking: /home/jaeseok/ros2_ws/install/realsense2_description/share/realsense2_description/package.xml
[3.280s] Invoked command in '/home/jaeseok/ros2_ws/build/realsense2_description' returned '0': CMAKE_PREFIX_PATH=${CMAKE_PREFIX_PATH}:/home/jaeseok/ros2_ws/install/pallet_align:/home/jaeseok/ros2_ws/install/motor_control:/home/jaeseok/ros2_ws/install/encoder_imu_ekf:/opt/ros/humble /usr/bin/cmake --install /home/jaeseok/ros2_ws/build/realsense2_description
