[0.027s] Invoking command in '/home/jaeseok/ros2_ws/build/realsense2_camera': CMAKE_PREFIX_PATH=${CMAKE_PREFIX_PATH}:/home/jaeseok/ros2_ws/install/pallet_align:/home/jaeseok/ros2_ws/install/motor_control:/home/jaeseok/ros2_ws/install/encoder_imu_ekf:/opt/ros/humble PKG_CONFIG_PATH=/home/jaeseok/ros2_ws/install/librealsense2/lib/aarch64-linux-gnu/pkgconfig:/home/jaeseok/ros2_ws/install/librealsense2/lib/pkgconfig:/usr/local/lib/pkgconfig /usr/bin/cmake /home/jaeseok/ros2_ws/src/realsense-ros/realsense2_camera -DCMAKE_BUILD_TYPE=Release -DBUILD_WITHOUT_LIBREALSENSE=ON -DAMENT_CMAKE_SYMLINK_INSTALL=1 -DCMAKE_INSTALL_PREFIX=/home/jaeseok/ros2_ws/install/realsense2_camera
[0.190s] -- The C compiler identification is GNU 11.4.0
[0.339s] -- The CXX compiler identification is GNU 11.4.0
[0.361s] -- Detecting C compiler ABI info
[0.579s] -- Detecting C compiler ABI info - done
[0.598s] -- Check for working C compiler: /usr/bin/cc - skipped
[0.598s] -- Detecting C compile features
[0.599s] -- Detecting C compile features - done
[0.607s] -- Detecting CXX compiler ABI info
[0.839s] -- Detecting CXX compiler ABI info - done
[0.856s] -- Check for working CXX compiler: /usr/bin/c++ - skipped
[0.858s] -- Detecting CXX compile features
[0.859s] -- Detecting CXX compile features - done
[0.861s] -- Create Release Build.
[0.871s] -- Found ament_cmake: 1.3.11 (/opt/ros/humble/share/ament_cmake/cmake)
[1.329s] -- Found Python3: /usr/bin/python3 (found version "3.10.12") found components: Interpreter 
[1.549s] -- Override CMake install command with custom implementation using symlinks instead of copying resources
[1.642s] -- Found builtin_interfaces: 1.2.1 (/opt/ros/humble/share/builtin_interfaces/cmake)
[1.729s] -- Found rosidl_generator_c: 3.1.6 (/opt/ros/humble/share/rosidl_generator_c/cmake)
[1.745s] -- Found rosidl_adapter: 3.1.6 (/opt/ros/humble/share/rosidl_adapter/cmake)
[1.768s] -- Found rosidl_generator_cpp: 3.1.6 (/opt/ros/humble/share/rosidl_generator_cpp/cmake)
[1.799s] -- Using all available rosidl_typesupport_c: rosidl_typesupport_fastrtps_c;rosidl_typesupport_introspection_c
[1.847s] -- Using all available rosidl_typesupport_cpp: rosidl_typesupport_fastrtps_cpp;rosidl_typesupport_introspection_cpp
[1.887s] -- Found cv_bridge: 3.2.1 (/opt/ros/humble/share/cv_bridge/cmake)
[2.013s] -- Found image_transport: 3.1.12 (/opt/ros/humble/share/image_transport/cmake)
[2.126s] -- Found rmw_implementation_cmake: 6.1.2 (/opt/ros/humble/share/rmw_implementation_cmake/cmake)
[2.134s] -- Found rmw_fastrtps_cpp: 6.2.7 (/opt/ros/humble/share/rmw_fastrtps_cpp/cmake)
[2.412s] -- Found OpenSSL: /usr/lib/aarch64-linux-gnu/libcrypto.so (found version "3.0.2")  
[2.518s] -- Found FastRTPS: /opt/ros/humble/include  
[2.620s] -- Using RMW implementation 'rmw_fastrtps_cpp' as default
[2.649s] -- Looking for pthread.h
[2.885s] -- Looking for pthread.h - found
[2.886s] -- Performing Test CMAKE_HAVE_LIBC_PTHREAD
[3.100s] -- Performing Test CMAKE_HAVE_LIBC_PTHREAD - Success
[3.102s] -- Found Threads: TRUE  
[3.292s] -- Found rclcpp_action: 16.0.12 (/opt/ros/humble/share/rclcpp_action/cmake)
[3.387s] -- Found rclcpp_components: 16.0.12 (/opt/ros/humble/share/rclcpp_components/cmake)
[3.433s] -- Found realsense2_camera_msgs: 4.56.3 (/home/jaeseok/ros2_ws/install/realsense2_camera_msgs/share/realsense2_camera_msgs/cmake)
[3.483s] -- Found std_srvs: 4.8.0 (/opt/ros/humble/share/std_srvs/cmake)
[3.509s] -- Found nav_msgs: 4.8.0 (/opt/ros/humble/share/nav_msgs/cmake)
[3.552s] -- Found tf2_ros: 0.25.13 (/opt/ros/humble/share/tf2_ros/cmake)
[3.636s] -- Found diagnostic_updater: 4.0.6 (/opt/ros/humble/share/diagnostic_updater/cmake)
[3.686s] -- Found OpenCV: /usr (found version "4.8.0") found components: core 
[3.697s] -- Build for ROS2 Humble
[3.724s] -- Found ament_cmake_gtest: 1.3.11 (/opt/ros/humble/share/ament_cmake_gtest/cmake)
[3.730s] -- Found gtest sources under '/opt/ros/humble/src/gtest_vendor': C++ tests using 'Google Test' will be built
[3.749s] -- Found ament_cmake_pytest: 1.3.11 (/opt/ros/humble/share/ament_cmake_pytest/cmake)
[15.043s] -- rs_device_info:
[15.044s] -- Device Name                   Serial Number       Firmware Version
[15.044s] Intel RealSense D435I         944122074142        5.17.0.9
[15.044s] 
[15.044s] -- D455 device found
[24.447s] -- Configuring done
[24.521s] -- Generating done
[24.526s] [33mCMake Warning:
[24.527s]   Manually-specified variables were not used by the project:
[24.527s] 
[24.527s]     BUILD_WITHOUT_LIBREALSENSE
[24.527s] 
[24.527s] [0m
[24.545s] -- Build files have been written to: /home/jaeseok/ros2_ws/build/realsense2_camera
[24.604s] Invoked command in '/home/jaeseok/ros2_ws/build/realsense2_camera' returned '0': CMAKE_PREFIX_PATH=${CMAKE_PREFIX_PATH}:/home/jaeseok/ros2_ws/install/pallet_align:/home/jaeseok/ros2_ws/install/motor_control:/home/jaeseok/ros2_ws/install/encoder_imu_ekf:/opt/ros/humble PKG_CONFIG_PATH=/home/jaeseok/ros2_ws/install/librealsense2/lib/aarch64-linux-gnu/pkgconfig:/home/jaeseok/ros2_ws/install/librealsense2/lib/pkgconfig:/usr/local/lib/pkgconfig /usr/bin/cmake /home/jaeseok/ros2_ws/src/realsense-ros/realsense2_camera -DCMAKE_BUILD_TYPE=Release -DBUILD_WITHOUT_LIBREALSENSE=ON -DAMENT_CMAKE_SYMLINK_INSTALL=1 -DCMAKE_INSTALL_PREFIX=/home/jaeseok/ros2_ws/install/realsense2_camera
[24.605s] Invoking command in '/home/jaeseok/ros2_ws/build/realsense2_camera': CMAKE_PREFIX_PATH=${CMAKE_PREFIX_PATH}:/home/jaeseok/ros2_ws/install/pallet_align:/home/jaeseok/ros2_ws/install/motor_control:/home/jaeseok/ros2_ws/install/encoder_imu_ekf:/opt/ros/humble PKG_CONFIG_PATH=/home/jaeseok/ros2_ws/install/librealsense2/lib/aarch64-linux-gnu/pkgconfig:/home/jaeseok/ros2_ws/install/librealsense2/lib/pkgconfig:/usr/local/lib/pkgconfig /usr/bin/cmake --build /home/jaeseok/ros2_ws/build/realsense2_camera -- -j6 -l6
[24.741s] [  4%] [32mBuilding CXX object CMakeFiles/realsense2_camera_node.dir/rclcpp_components/node_main_realsense2_camera_node.cpp.o[0m
[24.761s] [ 13%] [32mBuilding CXX object CMakeFiles/realsense2_camera.dir/src/base_realsense_node.cpp.o[0m
[24.762s] [ 13%] [32mBuilding CXX object CMakeFiles/realsense2_camera.dir/src/realsense_node_factory.cpp.o[0m
[25.827s] [ 17%] [32mBuilding CXX object CMakeFiles/realsense2_camera.dir/src/parameters.cpp.o[0m
[37.399s] [ 21%] [32m[1mLinking CXX executable realsense2_camera_node[0m
[37.876s] [ 21%] Built target realsense2_camera_node
[74.957s] [ 26%] [32mBuilding CXX object CMakeFiles/realsense2_camera.dir/src/ros_utils.cpp.o[0m
[85.782s] [ 30%] [32mBuilding CXX object CMakeFiles/realsense2_camera.dir/src/dynamic_params.cpp.o[0m
[89.812s] [ 39%] [32mBuilding CXX object CMakeFiles/realsense2_camera.dir/src/sensor_params.cpp.o[0m
[89.812s] [ 39%] [32mBuilding CXX object CMakeFiles/realsense2_camera.dir/src/ros_sensor.cpp.o[0m
[90.891s] [ 43%] [32mBuilding CXX object CMakeFiles/realsense2_camera.dir/src/rs_node_setup.cpp.o[0m
[124.838s] [ 47%] [32mBuilding CXX object CMakeFiles/realsense2_camera.dir/src/image_publisher.cpp.o[0m
[126.878s] [ 52%] [32mBuilding CXX object CMakeFiles/realsense2_camera.dir/src/profile_manager.cpp.o[0m
[128.940s] [ 56%] [32mBuilding CXX object CMakeFiles/realsense2_camera.dir/src/named_filter.cpp.o[0m
[160.806s] [ 60%] [32mBuilding CXX object CMakeFiles/realsense2_camera.dir/src/ros_param_backend.cpp.o[0m
[169.968s] [ 65%] [32mBuilding CXX object CMakeFiles/realsense2_camera.dir/src/actions.cpp.o[0m
[193.962s] [ 69%] [32mBuilding CXX object CMakeFiles/realsense2_camera.dir/src/tfs.cpp.o[0m
[224.241s] [ 73%] [32m[1mLinking CXX shared library librealsense2_camera.so[0m
[226.473s] [ 73%] Built target realsense2_camera
[226.524s] [ 78%] [32mBuilding CXX object gtest/CMakeFiles/gtest_main.dir/src/gtest_main.cc.o[0m
[226.529s] [ 82%] [32mBuilding CXX object gtest/CMakeFiles/gtest.dir/src/gtest-all.cc.o[0m
[228.448s] [ 86%] [32m[1mLinking CXX static library libgtest_main.a[0m
[228.540s] [ 86%] Built target gtest_main
[247.580s] [ 91%] [32m[1mLinking CXX static library libgtest.a[0m
[247.689s] [ 91%] Built target gtest
[247.756s] [ 95%] [32mBuilding CXX object CMakeFiles/gtest_template.dir/test/gtest_template.cpp.o[0m
[250.070s] [100%] [32m[1mLinking CXX executable gtest_template[0m
[250.356s] [100%] Built target gtest_template
[250.402s] Invoked command in '/home/jaeseok/ros2_ws/build/realsense2_camera' returned '0': CMAKE_PREFIX_PATH=${CMAKE_PREFIX_PATH}:/home/jaeseok/ros2_ws/install/pallet_align:/home/jaeseok/ros2_ws/install/motor_control:/home/jaeseok/ros2_ws/install/encoder_imu_ekf:/opt/ros/humble PKG_CONFIG_PATH=/home/jaeseok/ros2_ws/install/librealsense2/lib/aarch64-linux-gnu/pkgconfig:/home/jaeseok/ros2_ws/install/librealsense2/lib/pkgconfig:/usr/local/lib/pkgconfig /usr/bin/cmake --build /home/jaeseok/ros2_ws/build/realsense2_camera -- -j6 -l6
[250.404s] Invoking command in '/home/jaeseok/ros2_ws/build/realsense2_camera': CMAKE_PREFIX_PATH=${CMAKE_PREFIX_PATH}:/home/jaeseok/ros2_ws/install/pallet_align:/home/jaeseok/ros2_ws/install/motor_control:/home/jaeseok/ros2_ws/install/encoder_imu_ekf:/opt/ros/humble PKG_CONFIG_PATH=/home/jaeseok/ros2_ws/install/librealsense2/lib/aarch64-linux-gnu/pkgconfig:/home/jaeseok/ros2_ws/install/librealsense2/lib/pkgconfig:/usr/local/lib/pkgconfig /usr/bin/cmake --install /home/jaeseok/ros2_ws/build/realsense2_camera
[250.429s] -- Install configuration: "Release"
[250.430s] -- Execute custom install script
[250.432s] -- Symlinking: /home/jaeseok/ros2_ws/install/realsense2_camera/lib/realsense2_camera/realsense2_camera_node
[250.459s] -- Symlinking: /home/jaeseok/ros2_ws/install/realsense2_camera/lib/librealsense2_camera.so
[250.489s] -- Symlinking: /home/jaeseok/ros2_ws/install/realsense2_camera/include/base_realsense_node.h
[250.519s] -- Symlinking: /home/jaeseok/ros2_ws/install/realsense2_camera/include/constants.h
[250.544s] -- Symlinking: /home/jaeseok/ros2_ws/install/realsense2_camera/include/dynamic_params.h
[250.567s] -- Symlinking: /home/jaeseok/ros2_ws/install/realsense2_camera/include/gl_window.h
[250.598s] -- Symlinking: /home/jaeseok/ros2_ws/install/realsense2_camera/include/image_publisher.h
[250.622s] -- Symlinking: /home/jaeseok/ros2_ws/install/realsense2_camera/include/named_filter.h
[250.644s] -- Symlinking: /home/jaeseok/ros2_ws/install/realsense2_camera/include/profile_manager.h
[250.671s] -- Symlinking: /home/jaeseok/ros2_ws/install/realsense2_camera/include/realsense_node_factory.h
[250.706s] -- Symlinking: /home/jaeseok/ros2_ws/install/realsense2_camera/include/ros_param_backend.h
[250.729s] -- Symlinking: /home/jaeseok/ros2_ws/install/realsense2_camera/include/ros_sensor.h
[250.755s] -- Symlinking: /home/jaeseok/ros2_ws/install/realsense2_camera/include/ros_utils.h
[250.777s] -- Symlinking: /home/jaeseok/ros2_ws/install/realsense2_camera/include/sensor_params.h
[250.806s] -- Symlinking: /home/jaeseok/ros2_ws/install/realsense2_camera/share/realsense2_camera/launch/default.rviz
[250.829s] -- Symlinking: /home/jaeseok/ros2_ws/install/realsense2_camera/share/realsense2_camera/launch/rs_intra_process_demo_launch.py
[250.855s] -- Symlinking: /home/jaeseok/ros2_ws/install/realsense2_camera/share/realsense2_camera/launch/rs_launch.py
[250.879s] -- Symlinking: /home/jaeseok/ros2_ws/install/realsense2_camera/share/realsense2_camera/launch/rs_multi_camera_launch.py
[250.908s] -- Symlinking: /home/jaeseok/ros2_ws/install/realsense2_camera/share/realsense2_camera/launch/rs_multi_camera_launch_sync.py
[250.931s] -- Symlinking: /home/jaeseok/ros2_ws/install/realsense2_camera/share/realsense2_camera/examples/align_depth/README.md
[250.962s] -- Symlinking: /home/jaeseok/ros2_ws/install/realsense2_camera/share/realsense2_camera/examples/align_depth/rs_align_depth_launch.py
[250.995s] -- Symlinking: /home/jaeseok/ros2_ws/install/realsense2_camera/share/realsense2_camera/examples/d500_tables/calib_config_example.json
[251.022s] -- Symlinking: /home/jaeseok/ros2_ws/install/realsense2_camera/share/realsense2_camera/examples/dual_camera/README.md
[251.048s] -- Symlinking: /home/jaeseok/ros2_ws/install/realsense2_camera/share/realsense2_camera/examples/dual_camera/rs_dual_camera_launch.py
[251.070s] -- Symlinking: /home/jaeseok/ros2_ws/install/realsense2_camera/share/realsense2_camera/examples/dual_camera/rviz/dual_camera_pointcloud.rviz
[251.098s] -- Symlinking: /home/jaeseok/ros2_ws/install/realsense2_camera/share/realsense2_camera/examples/launch_from_rosbag/README.md
[251.128s] -- Symlinking: /home/jaeseok/ros2_ws/install/realsense2_camera/share/realsense2_camera/examples/launch_from_rosbag/rs_launch_from_rosbag.py
[251.157s] -- Symlinking: /home/jaeseok/ros2_ws/install/realsense2_camera/share/realsense2_camera/examples/launch_params_from_file/README.md
[251.183s] -- Symlinking: /home/jaeseok/ros2_ws/install/realsense2_camera/share/realsense2_camera/examples/launch_params_from_file/config/config.yaml
[251.208s] -- Symlinking: /home/jaeseok/ros2_ws/install/realsense2_camera/share/realsense2_camera/examples/launch_params_from_file/rs_launch_get_params_from_yaml.py
[251.235s] -- Symlinking: /home/jaeseok/ros2_ws/install/realsense2_camera/share/realsense2_camera/examples/pointcloud/README.md
[251.262s] -- Symlinking: /home/jaeseok/ros2_ws/install/realsense2_camera/share/realsense2_camera/examples/pointcloud/rs_d405_pointcloud_launch.py
[251.289s] -- Symlinking: /home/jaeseok/ros2_ws/install/realsense2_camera/share/realsense2_camera/examples/pointcloud/rs_d455_pointcloud_launch.py
[251.316s] -- Symlinking: /home/jaeseok/ros2_ws/install/realsense2_camera/share/realsense2_camera/examples/pointcloud/rs_pointcloud_launch.py
[251.337s] -- Symlinking: /home/jaeseok/ros2_ws/install/realsense2_camera/share/realsense2_camera/examples/pointcloud/rviz/pointcloud.rviz
[251.365s] -- Symlinking: /home/jaeseok/ros2_ws/install/realsense2_camera/share/realsense2_camera/examples/pointcloud/rviz/urdf_pointcloud.rviz
[251.390s] -- Symlinking: /home/jaeseok/ros2_ws/install/realsense2_camera/share/realsense2_camera/environment/library_path.sh
[251.414s] -- Symlinking: /home/jaeseok/ros2_ws/install/realsense2_camera/share/realsense2_camera/environment/library_path.dsv
[251.437s] -- Symlinking: /home/jaeseok/ros2_ws/install/realsense2_camera/share/ament_index/resource_index/package_run_dependencies/realsense2_camera
[251.468s] -- Symlinking: /home/jaeseok/ros2_ws/install/realsense2_camera/share/ament_index/resource_index/parent_prefix_path/realsense2_camera
[251.491s] -- Symlinking: /home/jaeseok/ros2_ws/install/realsense2_camera/share/realsense2_camera/environment/ament_prefix_path.sh
[251.518s] -- Symlinking: /home/jaeseok/ros2_ws/install/realsense2_camera/share/realsense2_camera/environment/ament_prefix_path.dsv
[251.543s] -- Symlinking: /home/jaeseok/ros2_ws/install/realsense2_camera/share/realsense2_camera/environment/path.sh
[251.567s] -- Symlinking: /home/jaeseok/ros2_ws/install/realsense2_camera/share/realsense2_camera/environment/path.dsv
[251.590s] -- Symlinking: /home/jaeseok/ros2_ws/install/realsense2_camera/share/realsense2_camera/local_setup.bash
[251.613s] -- Symlinking: /home/jaeseok/ros2_ws/install/realsense2_camera/share/realsense2_camera/local_setup.sh
[251.638s] -- Symlinking: /home/jaeseok/ros2_ws/install/realsense2_camera/share/realsense2_camera/local_setup.zsh
[251.665s] -- Symlinking: /home/jaeseok/ros2_ws/install/realsense2_camera/share/realsense2_camera/local_setup.dsv
[251.691s] -- Symlinking: /home/jaeseok/ros2_ws/install/realsense2_camera/share/realsense2_camera/package.dsv
[251.715s] -- Symlinking: /home/jaeseok/ros2_ws/install/realsense2_camera/share/ament_index/resource_index/packages/realsense2_camera
[251.743s] -- Symlinking: /home/jaeseok/ros2_ws/install/realsense2_camera/share/ament_index/resource_index/rclcpp_components/realsense2_camera
[251.777s] -- Symlinking: /home/jaeseok/ros2_ws/install/realsense2_camera/share/realsense2_camera/cmake/ament_cmake_export_include_directories-extras.cmake
[251.802s] -- Symlinking: /home/jaeseok/ros2_ws/install/realsense2_camera/share/realsense2_camera/cmake/ament_cmake_export_libraries-extras.cmake
[251.828s] -- Symlinking: /home/jaeseok/ros2_ws/install/realsense2_camera/share/realsense2_camera/cmake/ament_cmake_export_dependencies-extras.cmake
[251.852s] -- Symlinking: /home/jaeseok/ros2_ws/install/realsense2_camera/share/realsense2_camera/cmake/realsense2_cameraConfig.cmake
[251.878s] -- Symlinking: /home/jaeseok/ros2_ws/install/realsense2_camera/share/realsense2_camera/cmake/realsense2_cameraConfig-version.cmake
[251.905s] -- Symlinking: /home/jaeseok/ros2_ws/install/realsense2_camera/share/realsense2_camera/package.xml
[251.936s] Invoked command in '/home/jaeseok/ros2_ws/build/realsense2_camera' returned '0': CMAKE_PREFIX_PATH=${CMAKE_PREFIX_PATH}:/home/jaeseok/ros2_ws/install/pallet_align:/home/jaeseok/ros2_ws/install/motor_control:/home/jaeseok/ros2_ws/install/encoder_imu_ekf:/opt/ros/humble PKG_CONFIG_PATH=/home/jaeseok/ros2_ws/install/librealsense2/lib/aarch64-linux-gnu/pkgconfig:/home/jaeseok/ros2_ws/install/librealsense2/lib/pkgconfig:/usr/local/lib/pkgconfig /usr/bin/cmake --install /home/jaeseok/ros2_ws/build/realsense2_camera
