[2.081s] Invoking command in '/home/jaeseok/ros2_ws/build/pallet_align': PYTHONPATH=/home/jaeseok/ros2_ws/build/pallet_align/prefix_override:/usr/lib/python3/dist-packages/colcon_core/task/python/colcon_distutils_commands:/home/jaeseok/ros2_ws/install/pallet_align/lib/python3.10/site-packages:${PYTHONPATH} /usr/bin/python3 -W ignore:setup.py install is deprecated -W ignore:easy_install command is deprecated setup.py develop --editable --build-directory /home/jaeseok/ros2_ws/build/pallet_align/build --no-deps symlink_data --force
[2.961s] running develop
[3.431s] running egg_info
[3.431s] writing pallet_align.egg-info/PKG-INFO
[3.432s] writing dependency_links to pallet_align.egg-info/dependency_links.txt
[3.433s] writing entry points to pallet_align.egg-info/entry_points.txt
[3.433s] writing requirements to pallet_align.egg-info/requires.txt
[3.434s] writing top-level names to pallet_align.egg-info/top_level.txt
[3.443s] reading manifest file 'pallet_align.egg-info/SOURCES.txt'
[3.446s] writing manifest file 'pallet_align.egg-info/SOURCES.txt'
[3.451s] running build_ext
[3.452s] Creating /home/jaeseok/ros2_ws/install/pallet_align/lib/python3.10/site-packages/pallet-align.egg-link (link to .)
[3.456s] Installing aruco_detector_node script to /home/jaeseok/ros2_ws/install/pallet_align/lib/pallet_align
[3.458s] Installing serial_sender_node script to /home/jaeseok/ros2_ws/install/pallet_align/lib/pallet_align
[3.458s] 
[3.459s] Installed /home/jaeseok/ros2_ws/build/pallet_align
[3.459s] running symlink_data
[3.461s] symbolically linking /home/jaeseok/ros2_ws/build/pallet_align/resource/pallet_align -> /home/jaeseok/ros2_ws/install/pallet_align/share/ament_index/resource_index/packages
[3.461s] symbolically linking /home/jaeseok/ros2_ws/build/pallet_align/package.xml -> /home/jaeseok/ros2_ws/install/pallet_align/share/pallet_align
[3.465s] symbolically linking /home/jaeseok/ros2_ws/build/pallet_align/launch/pallet_align.launch.py -> /home/jaeseok/ros2_ws/install/pallet_align/share/pallet_align/launch
[3.624s] Invoked command in '/home/jaeseok/ros2_ws/build/pallet_align' returned '0': PYTHONPATH=/home/jaeseok/ros2_ws/build/pallet_align/prefix_override:/usr/lib/python3/dist-packages/colcon_core/task/python/colcon_distutils_commands:/home/jaeseok/ros2_ws/install/pallet_align/lib/python3.10/site-packages:${PYTHONPATH} /usr/bin/python3 -W ignore:setup.py install is deprecated -W ignore:easy_install command is deprecated setup.py develop --editable --build-directory /home/jaeseok/ros2_ws/build/pallet_align/build --no-deps symlink_data --force
