[1.707s] Invoking command in '/home/jaeseok/ros2_ws/build/pallet_align': PYTHONPATH=/home/jaeseok/ros2_ws/build/pallet_align/prefix_override:/usr/lib/python3/dist-packages/colcon_core/task/python/colcon_distutils_commands:/home/jaeseok/ros2_ws/install/pallet_align/lib/python3.10/site-packages:${PYTHONPATH} /usr/bin/python3 -W ignore:setup.py install is deprecated -W ignore:easy_install command is deprecated setup.py develop --editable --build-directory /home/jaeseok/ros2_ws/build/pallet_align/build --no-deps symlink_data --force
[2.391s] running develop
[2.781s] running egg_info
[2.781s] writing pallet_align.egg-info/PKG-INFO
[2.782s] writing dependency_links to pallet_align.egg-info/dependency_links.txt
[2.783s] writing entry points to pallet_align.egg-info/entry_points.txt
[2.783s] writing requirements to pallet_align.egg-info/requires.txt
[2.783s] writing top-level names to pallet_align.egg-info/top_level.txt
[2.788s] reading manifest file 'pallet_align.egg-info/SOURCES.txt'
[2.790s] writing manifest file 'pallet_align.egg-info/SOURCES.txt'
[2.794s] running build_ext
[2.795s] Creating /home/jaeseok/ros2_ws/install/pallet_align/lib/python3.10/site-packages/pallet-align.egg-link (link to .)
[2.798s] Installing aruco_detector_node script to /home/jaeseok/ros2_ws/install/pallet_align/lib/pallet_align
[2.800s] Installing serial_sender_node script to /home/jaeseok/ros2_ws/install/pallet_align/lib/pallet_align
[2.800s] 
[2.801s] Installed /home/jaeseok/ros2_ws/build/pallet_align
[2.801s] running symlink_data
[2.801s] symbolically linking /home/jaeseok/ros2_ws/build/pallet_align/resource/pallet_align -> /home/jaeseok/ros2_ws/install/pallet_align/share/ament_index/resource_index/packages
[2.802s] symbolically linking /home/jaeseok/ros2_ws/build/pallet_align/package.xml -> /home/jaeseok/ros2_ws/install/pallet_align/share/pallet_align
[2.802s] symbolically linking /home/jaeseok/ros2_ws/build/pallet_align/launch/pallet_align.launch.py -> /home/jaeseok/ros2_ws/install/pallet_align/share/pallet_align/launch
[2.937s] Invoked command in '/home/jaeseok/ros2_ws/build/pallet_align' returned '0': PYTHONPATH=/home/jaeseok/ros2_ws/build/pallet_align/prefix_override:/usr/lib/python3/dist-packages/colcon_core/task/python/colcon_distutils_commands:/home/jaeseok/ros2_ws/install/pallet_align/lib/python3.10/site-packages:${PYTHONPATH} /usr/bin/python3 -W ignore:setup.py install is deprecated -W ignore:easy_install command is deprecated setup.py develop --editable --build-directory /home/jaeseok/ros2_ws/build/pallet_align/build --no-deps symlink_data --force
