[1.748s] Invoking command in '/home/jaeseok/ros2_ws/src/move_nav': PYTHONPATH=/home/jaeseok/ros2_ws/build/move_nav/prefix_override:/usr/lib/python3/dist-packages/colcon_core/task/python/colcon_distutils_commands:/home/jaeseok/ros2_ws/install/move_nav/lib/python3.10/site-packages:${PYTHONPATH} /usr/bin/python3 -W ignore:setup.py install is deprecated -W ignore:easy_install command is deprecated setup.py egg_info --egg-base ../../build/move_nav build --build-base /home/jaeseok/ros2_ws/build/move_nav/build install --record /home/jaeseok/ros2_ws/build/move_nav/install.log --single-version-externally-managed install_data
[2.358s] running egg_info
[2.361s] creating ../../build/move_nav/move_nav.egg-info
[2.363s] writing ../../build/move_nav/move_nav.egg-info/PKG-INFO
[2.364s] writing dependency_links to ../../build/move_nav/move_nav.egg-info/dependency_links.txt
[2.364s] writing entry points to ../../build/move_nav/move_nav.egg-info/entry_points.txt
[2.365s] writing requirements to ../../build/move_nav/move_nav.egg-info/requires.txt
[2.366s] writing top-level names to ../../build/move_nav/move_nav.egg-info/top_level.txt
[2.367s] writing manifest file '../../build/move_nav/move_nav.egg-info/SOURCES.txt'
[2.368s] reading manifest file '../../build/move_nav/move_nav.egg-info/SOURCES.txt'
[2.370s] writing manifest file '../../build/move_nav/move_nav.egg-info/SOURCES.txt'
[2.371s] running build
[2.372s] running build_py
[2.373s] creating /home/jaeseok/ros2_ws/build/move_nav/build
[2.374s] creating /home/jaeseok/ros2_ws/build/move_nav/build/lib
[2.375s] creating /home/jaeseok/ros2_ws/build/move_nav/build/lib/move_nav
[2.376s] copying move_nav/encoder_imu_ekf.py -> /home/jaeseok/ros2_ws/build/move_nav/build/lib/move_nav
[2.376s] copying move_nav/__init__.py -> /home/jaeseok/ros2_ws/build/move_nav/build/lib/move_nav
[2.377s] running install
[2.377s] running install_lib
[2.377s] creating /home/jaeseok/ros2_ws/install/move_nav/lib/python3.10/site-packages/move_nav
[2.377s] copying /home/jaeseok/ros2_ws/build/move_nav/build/lib/move_nav/encoder_imu_ekf.py -> /home/jaeseok/ros2_ws/install/move_nav/lib/python3.10/site-packages/move_nav
[2.378s] copying /home/jaeseok/ros2_ws/build/move_nav/build/lib/move_nav/__init__.py -> /home/jaeseok/ros2_ws/install/move_nav/lib/python3.10/site-packages/move_nav
[2.378s] byte-compiling /home/jaeseok/ros2_ws/install/move_nav/lib/python3.10/site-packages/move_nav/encoder_imu_ekf.py to encoder_imu_ekf.cpython-310.pyc
[2.381s] byte-compiling /home/jaeseok/ros2_ws/install/move_nav/lib/python3.10/site-packages/move_nav/__init__.py to __init__.cpython-310.pyc
[2.382s] running install_data
[2.382s] creating /home/jaeseok/ros2_ws/install/move_nav/share/ament_index
[2.382s] creating /home/jaeseok/ros2_ws/install/move_nav/share/ament_index/resource_index
[2.384s] creating /home/jaeseok/ros2_ws/install/move_nav/share/ament_index/resource_index/packages
[2.384s] copying resource/move_nav -> /home/jaeseok/ros2_ws/install/move_nav/share/ament_index/resource_index/packages
[2.385s] copying package.xml -> /home/jaeseok/ros2_ws/install/move_nav/share/move_nav
[2.385s] running install_egg_info
[2.389s] Copying ../../build/move_nav/move_nav.egg-info to /home/jaeseok/ros2_ws/install/move_nav/lib/python3.10/site-packages/move_nav-0.0.0-py3.10.egg-info
[2.391s] running install_scripts
[2.449s] Installing encoder_imu_ekf script to /home/jaeseok/ros2_ws/install/move_nav/lib/move_nav
[2.450s] writing list of installed files to '/home/jaeseok/ros2_ws/build/move_nav/install.log'
[2.579s] Invoked command in '/home/jaeseok/ros2_ws/src/move_nav' returned '0': PYTHONPATH=/home/jaeseok/ros2_ws/build/move_nav/prefix_override:/usr/lib/python3/dist-packages/colcon_core/task/python/colcon_distutils_commands:/home/jaeseok/ros2_ws/install/move_nav/lib/python3.10/site-packages:${PYTHONPATH} /usr/bin/python3 -W ignore:setup.py install is deprecated -W ignore:easy_install command is deprecated setup.py egg_info --egg-base ../../build/move_nav build --build-base /home/jaeseok/ros2_ws/build/move_nav/build install --record /home/jaeseok/ros2_ws/build/move_nav/install.log --single-version-externally-managed install_data
