[0.316s] DEBUG:colcon:Command line arguments: ['/usr/bin/colcon', 'build', '--symlink-install', '--packages-select', 'pallet_align']
[0.316s] DEBUG:colcon:Parsed command line arguments: Namespace(log_base=None, log_level=None, verb_name='build', build_base='build', install_base='install', merge_install=False, symlink_install=True, test_result_base=None, continue_on_error=False, executor='parallel', parallel_workers=6, event_handlers=None, ignore_user_meta=False, metas=['./colcon.meta'], base_paths=['.'], packages_ignore=None, packages_ignore_regex=None, paths=None, packages_up_to=None, packages_up_to_regex=None, packages_above=None, packages_above_and_dependencies=None, packages_above_depth=None, packages_select_by_dep=None, packages_skip_by_dep=None, packages_skip_up_to=None, packages_select_build_failed=False, packages_skip_build_finished=False, packages_select_test_failures=False, packages_skip_test_passed=False, packages_select=['pallet_align'], packages_skip=None, packages_select_regex=None, packages_skip_regex=None, packages_start=None, packages_end=None, allow_overriding=[], cmake_args=None, cmake_target=None, cmake_target_skip_unavailable=False, cmake_clean_cache=False, cmake_clean_first=False, cmake_force_configure=False, ament_cmake_args=None, catkin_cmake_args=None, catkin_skip_building_tests=False, verb_parser=<colcon_defaults.argument_parser.defaults.DefaultArgumentsDecorator object at 0xffffa75fca60>, verb_extension=<colcon_core.verb.build.BuildVerb object at 0xffffa75fc4f0>, main=<bound method BuildVerb.main of <colcon_core.verb.build.BuildVerb object at 0xffffa75fc4f0>>)
[0.731s] Level 1:colcon.colcon_core.package_discovery:discover_packages(colcon_meta) check parameters
[0.732s] Level 1:colcon.colcon_core.package_discovery:discover_packages(recursive) check parameters
[0.732s] Level 1:colcon.colcon_core.package_discovery:discover_packages(ignore) check parameters
[0.732s] Level 1:colcon.colcon_core.package_discovery:discover_packages(path) check parameters
[0.732s] Level 1:colcon.colcon_core.package_discovery:discover_packages(colcon_meta) discover
[0.732s] Level 1:colcon.colcon_core.package_discovery:discover_packages(recursive) discover
[0.733s] INFO:colcon.colcon_core.package_discovery:Crawling recursively for packages in '/home/jaeseok/ros2_ws'
[0.733s] Level 1:colcon.colcon_core.package_identification:_identify(.) by extensions ['ignore', 'ignore_ament_install']
[0.733s] Level 1:colcon.colcon_core.package_identification:_identify(.) by extension 'ignore'
[0.733s] Level 1:colcon.colcon_core.package_identification:_identify(.) by extension 'ignore_ament_install'
[0.734s] Level 1:colcon.colcon_core.package_identification:_identify(.) by extensions ['colcon_pkg']
[0.734s] Level 1:colcon.colcon_core.package_identification:_identify(.) by extension 'colcon_pkg'
[0.734s] Level 1:colcon.colcon_core.package_identification:_identify(.) by extensions ['colcon_meta']
[0.734s] Level 1:colcon.colcon_core.package_identification:_identify(.) by extension 'colcon_meta'
[0.734s] Level 1:colcon.colcon_core.package_identification:_identify(.) by extensions ['ros']
[0.734s] Level 1:colcon.colcon_core.package_identification:_identify(.) by extension 'ros'
[0.765s] Level 1:colcon.colcon_core.package_identification:_identify(.) by extensions ['cmake', 'python']
[0.765s] Level 1:colcon.colcon_core.package_identification:_identify(.) by extension 'cmake'
[0.765s] Level 1:colcon.colcon_core.package_identification:_identify(.) by extension 'python'
[0.765s] Level 1:colcon.colcon_core.package_identification:_identify(.) by extensions ['python_setup_py']
[0.765s] Level 1:colcon.colcon_core.package_identification:_identify(.) by extension 'python_setup_py'
[0.766s] Level 1:colcon.colcon_core.package_identification:_identify(build) by extensions ['ignore', 'ignore_ament_install']
[0.766s] Level 1:colcon.colcon_core.package_identification:_identify(build) by extension 'ignore'
[0.766s] Level 1:colcon.colcon_core.package_identification:_identify(build) ignored
[0.767s] Level 1:colcon.colcon_core.package_identification:_identify(install) by extensions ['ignore', 'ignore_ament_install']
[0.767s] Level 1:colcon.colcon_core.package_identification:_identify(install) by extension 'ignore'
[0.767s] Level 1:colcon.colcon_core.package_identification:_identify(install) ignored
[0.767s] Level 1:colcon.colcon_core.package_identification:_identify(librealsense) by extensions ['ignore', 'ignore_ament_install']
[0.768s] Level 1:colcon.colcon_core.package_identification:_identify(librealsense) by extension 'ignore'
[0.768s] Level 1:colcon.colcon_core.package_identification:_identify(librealsense) by extension 'ignore_ament_install'
[0.768s] Level 1:colcon.colcon_core.package_identification:_identify(librealsense) by extensions ['colcon_pkg']
[0.768s] Level 1:colcon.colcon_core.package_identification:_identify(librealsense) by extension 'colcon_pkg'
[0.768s] Level 1:colcon.colcon_core.package_identification:_identify(librealsense) by extensions ['colcon_meta']
[0.768s] Level 1:colcon.colcon_core.package_identification:_identify(librealsense) by extension 'colcon_meta'
[0.768s] Level 1:colcon.colcon_core.package_identification:_identify(librealsense) by extensions ['ros']
[0.768s] Level 1:colcon.colcon_core.package_identification:_identify(librealsense) by extension 'ros'
[0.776s] DEBUG:colcon.colcon_core.package_identification:Package 'librealsense' with type 'ros.cmake' and name 'librealsense2'
[0.776s] Level 1:colcon.colcon_core.package_identification:_identify(log) by extensions ['ignore', 'ignore_ament_install']
[0.776s] Level 1:colcon.colcon_core.package_identification:_identify(log) by extension 'ignore'
[0.777s] Level 1:colcon.colcon_core.package_identification:_identify(log) ignored
[0.777s] Level 1:colcon.colcon_core.package_identification:_identify(parameter) by extensions ['ignore', 'ignore_ament_install']
[0.777s] Level 1:colcon.colcon_core.package_identification:_identify(parameter) by extension 'ignore'
[0.777s] Level 1:colcon.colcon_core.package_identification:_identify(parameter) by extension 'ignore_ament_install'
[0.777s] Level 1:colcon.colcon_core.package_identification:_identify(parameter) by extensions ['colcon_pkg']
[0.777s] Level 1:colcon.colcon_core.package_identification:_identify(parameter) by extension 'colcon_pkg'
[0.777s] Level 1:colcon.colcon_core.package_identification:_identify(parameter) by extensions ['colcon_meta']
[0.778s] Level 1:colcon.colcon_core.package_identification:_identify(parameter) by extension 'colcon_meta'
[0.778s] Level 1:colcon.colcon_core.package_identification:_identify(parameter) by extensions ['ros']
[0.778s] Level 1:colcon.colcon_core.package_identification:_identify(parameter) by extension 'ros'
[0.778s] Level 1:colcon.colcon_core.package_identification:_identify(parameter) by extensions ['cmake', 'python']
[0.778s] Level 1:colcon.colcon_core.package_identification:_identify(parameter) by extension 'cmake'
[0.778s] Level 1:colcon.colcon_core.package_identification:_identify(parameter) by extension 'python'
[0.778s] Level 1:colcon.colcon_core.package_identification:_identify(parameter) by extensions ['python_setup_py']
[0.778s] Level 1:colcon.colcon_core.package_identification:_identify(parameter) by extension 'python_setup_py'
[0.779s] Level 1:colcon.colcon_core.package_identification:_identify(src) by extensions ['ignore', 'ignore_ament_install']
[0.779s] Level 1:colcon.colcon_core.package_identification:_identify(src) by extension 'ignore'
[0.779s] Level 1:colcon.colcon_core.package_identification:_identify(src) by extension 'ignore_ament_install'
[0.779s] Level 1:colcon.colcon_core.package_identification:_identify(src) by extensions ['colcon_pkg']
[0.779s] Level 1:colcon.colcon_core.package_identification:_identify(src) by extension 'colcon_pkg'
[0.779s] Level 1:colcon.colcon_core.package_identification:_identify(src) by extensions ['colcon_meta']
[0.779s] Level 1:colcon.colcon_core.package_identification:_identify(src) by extension 'colcon_meta'
[0.779s] Level 1:colcon.colcon_core.package_identification:_identify(src) by extensions ['ros']
[0.780s] Level 1:colcon.colcon_core.package_identification:_identify(src) by extension 'ros'
[0.780s] Level 1:colcon.colcon_core.package_identification:_identify(src) by extensions ['cmake', 'python']
[0.780s] Level 1:colcon.colcon_core.package_identification:_identify(src) by extension 'cmake'
[0.780s] Level 1:colcon.colcon_core.package_identification:_identify(src) by extension 'python'
[0.780s] Level 1:colcon.colcon_core.package_identification:_identify(src) by extensions ['python_setup_py']
[0.780s] Level 1:colcon.colcon_core.package_identification:_identify(src) by extension 'python_setup_py'
[0.780s] Level 1:colcon.colcon_core.package_identification:_identify(src/build) by extensions ['ignore', 'ignore_ament_install']
[0.781s] Level 1:colcon.colcon_core.package_identification:_identify(src/build) by extension 'ignore'
[0.781s] Level 1:colcon.colcon_core.package_identification:_identify(src/build) ignored
[0.781s] Level 1:colcon.colcon_core.package_identification:_identify(src/encoder_imu_ekf) by extensions ['ignore', 'ignore_ament_install']
[0.781s] Level 1:colcon.colcon_core.package_identification:_identify(src/encoder_imu_ekf) by extension 'ignore'
[0.781s] Level 1:colcon.colcon_core.package_identification:_identify(src/encoder_imu_ekf) by extension 'ignore_ament_install'
[0.781s] Level 1:colcon.colcon_core.package_identification:_identify(src/encoder_imu_ekf) by extensions ['colcon_pkg']
[0.781s] Level 1:colcon.colcon_core.package_identification:_identify(src/encoder_imu_ekf) by extension 'colcon_pkg'
[0.782s] Level 1:colcon.colcon_core.package_identification:_identify(src/encoder_imu_ekf) by extensions ['colcon_meta']
[0.782s] Level 1:colcon.colcon_core.package_identification:_identify(src/encoder_imu_ekf) by extension 'colcon_meta'
[0.782s] Level 1:colcon.colcon_core.package_identification:_identify(src/encoder_imu_ekf) by extensions ['ros']
[0.782s] Level 1:colcon.colcon_core.package_identification:_identify(src/encoder_imu_ekf) by extension 'ros'
[0.783s] DEBUG:colcon.colcon_core.package_identification:Package 'src/encoder_imu_ekf' with type 'ros.ament_python' and name 'encoder_imu_ekf'
[0.783s] Level 1:colcon.colcon_core.package_identification:_identify(src/esp_serial) by extensions ['ignore', 'ignore_ament_install']
[0.784s] Level 1:colcon.colcon_core.package_identification:_identify(src/esp_serial) by extension 'ignore'
[0.784s] Level 1:colcon.colcon_core.package_identification:_identify(src/esp_serial) by extension 'ignore_ament_install'
[0.784s] Level 1:colcon.colcon_core.package_identification:_identify(src/esp_serial) by extensions ['colcon_pkg']
[0.784s] Level 1:colcon.colcon_core.package_identification:_identify(src/esp_serial) by extension 'colcon_pkg'
[0.784s] Level 1:colcon.colcon_core.package_identification:_identify(src/esp_serial) by extensions ['colcon_meta']
[0.784s] Level 1:colcon.colcon_core.package_identification:_identify(src/esp_serial) by extension 'colcon_meta'
[0.784s] Level 1:colcon.colcon_core.package_identification:_identify(src/esp_serial) by extensions ['ros']
[0.785s] Level 1:colcon.colcon_core.package_identification:_identify(src/esp_serial) by extension 'ros'
[0.786s] DEBUG:colcon.colcon_core.package_identification:Package 'src/esp_serial' with type 'ros.ament_python' and name 'esp_serial'
[0.786s] Level 1:colcon.colcon_core.package_identification:_identify(src/install) by extensions ['ignore', 'ignore_ament_install']
[0.786s] Level 1:colcon.colcon_core.package_identification:_identify(src/install) by extension 'ignore'
[0.787s] Level 1:colcon.colcon_core.package_identification:_identify(src/install) ignored
[0.787s] Level 1:colcon.colcon_core.package_identification:_identify(src/log) by extensions ['ignore', 'ignore_ament_install']
[0.787s] Level 1:colcon.colcon_core.package_identification:_identify(src/log) by extension 'ignore'
[0.787s] Level 1:colcon.colcon_core.package_identification:_identify(src/log) ignored
[0.787s] Level 1:colcon.colcon_core.package_identification:_identify(src/motor_control) by extensions ['ignore', 'ignore_ament_install']
[0.788s] Level 1:colcon.colcon_core.package_identification:_identify(src/motor_control) by extension 'ignore'
[0.788s] Level 1:colcon.colcon_core.package_identification:_identify(src/motor_control) by extension 'ignore_ament_install'
[0.788s] Level 1:colcon.colcon_core.package_identification:_identify(src/motor_control) by extensions ['colcon_pkg']
[0.788s] Level 1:colcon.colcon_core.package_identification:_identify(src/motor_control) by extension 'colcon_pkg'
[0.788s] Level 1:colcon.colcon_core.package_identification:_identify(src/motor_control) by extensions ['colcon_meta']
[0.788s] Level 1:colcon.colcon_core.package_identification:_identify(src/motor_control) by extension 'colcon_meta'
[0.788s] Level 1:colcon.colcon_core.package_identification:_identify(src/motor_control) by extensions ['ros']
[0.788s] Level 1:colcon.colcon_core.package_identification:_identify(src/motor_control) by extension 'ros'
[0.790s] DEBUG:colcon.colcon_core.package_identification:Package 'src/motor_control' with type 'ros.ament_python' and name 'motor_control'
[0.790s] Level 1:colcon.colcon_core.package_identification:_identify(src/my_robot_description) by extensions ['ignore', 'ignore_ament_install']
[0.790s] Level 1:colcon.colcon_core.package_identification:_identify(src/my_robot_description) by extension 'ignore'
[0.790s] Level 1:colcon.colcon_core.package_identification:_identify(src/my_robot_description) by extension 'ignore_ament_install'
[0.790s] Level 1:colcon.colcon_core.package_identification:_identify(src/my_robot_description) by extensions ['colcon_pkg']
[0.791s] Level 1:colcon.colcon_core.package_identification:_identify(src/my_robot_description) by extension 'colcon_pkg'
[0.791s] Level 1:colcon.colcon_core.package_identification:_identify(src/my_robot_description) by extensions ['colcon_meta']
[0.791s] Level 1:colcon.colcon_core.package_identification:_identify(src/my_robot_description) by extension 'colcon_meta'
[0.791s] Level 1:colcon.colcon_core.package_identification:_identify(src/my_robot_description) by extensions ['ros']
[0.791s] Level 1:colcon.colcon_core.package_identification:_identify(src/my_robot_description) by extension 'ros'
[0.792s] DEBUG:colcon.colcon_core.package_identification:Package 'src/my_robot_description' with type 'ros.ament_cmake' and name 'my_robot_description'
[0.792s] Level 1:colcon.colcon_core.package_identification:_identify(src/pallet_align) by extensions ['ignore', 'ignore_ament_install']
[0.792s] Level 1:colcon.colcon_core.package_identification:_identify(src/pallet_align) by extension 'ignore'
[0.793s] Level 1:colcon.colcon_core.package_identification:_identify(src/pallet_align) by extension 'ignore_ament_install'
[0.793s] Level 1:colcon.colcon_core.package_identification:_identify(src/pallet_align) by extensions ['colcon_pkg']
[0.793s] Level 1:colcon.colcon_core.package_identification:_identify(src/pallet_align) by extension 'colcon_pkg'
[0.793s] Level 1:colcon.colcon_core.package_identification:_identify(src/pallet_align) by extensions ['colcon_meta']
[0.793s] Level 1:colcon.colcon_core.package_identification:_identify(src/pallet_align) by extension 'colcon_meta'
[0.793s] Level 1:colcon.colcon_core.package_identification:_identify(src/pallet_align) by extensions ['ros']
[0.793s] Level 1:colcon.colcon_core.package_identification:_identify(src/pallet_align) by extension 'ros'
[0.794s] DEBUG:colcon.colcon_core.package_identification:Package 'src/pallet_align' with type 'ros.ament_python' and name 'pallet_align'
[0.795s] Level 1:colcon.colcon_core.package_identification:_identify(src/realsense-ros) by extensions ['ignore', 'ignore_ament_install']
[0.795s] Level 1:colcon.colcon_core.package_identification:_identify(src/realsense-ros) by extension 'ignore'
[0.795s] Level 1:colcon.colcon_core.package_identification:_identify(src/realsense-ros) by extension 'ignore_ament_install'
[0.795s] Level 1:colcon.colcon_core.package_identification:_identify(src/realsense-ros) by extensions ['colcon_pkg']
[0.795s] Level 1:colcon.colcon_core.package_identification:_identify(src/realsense-ros) by extension 'colcon_pkg'
[0.795s] Level 1:colcon.colcon_core.package_identification:_identify(src/realsense-ros) by extensions ['colcon_meta']
[0.795s] Level 1:colcon.colcon_core.package_identification:_identify(src/realsense-ros) by extension 'colcon_meta'
[0.796s] Level 1:colcon.colcon_core.package_identification:_identify(src/realsense-ros) by extensions ['ros']
[0.796s] Level 1:colcon.colcon_core.package_identification:_identify(src/realsense-ros) by extension 'ros'
[0.796s] Level 1:colcon.colcon_core.package_identification:_identify(src/realsense-ros) by extensions ['cmake', 'python']
[0.796s] Level 1:colcon.colcon_core.package_identification:_identify(src/realsense-ros) by extension 'cmake'
[0.796s] Level 1:colcon.colcon_core.package_identification:_identify(src/realsense-ros) by extension 'python'
[0.796s] Level 1:colcon.colcon_core.package_identification:_identify(src/realsense-ros) by extensions ['python_setup_py']
[0.796s] Level 1:colcon.colcon_core.package_identification:_identify(src/realsense-ros) by extension 'python_setup_py'
[0.797s] Level 1:colcon.colcon_core.package_identification:_identify(src/realsense-ros/realsense2_camera) by extensions ['ignore', 'ignore_ament_install']
[0.797s] Level 1:colcon.colcon_core.package_identification:_identify(src/realsense-ros/realsense2_camera) by extension 'ignore'
[0.797s] Level 1:colcon.colcon_core.package_identification:_identify(src/realsense-ros/realsense2_camera) by extension 'ignore_ament_install'
[0.797s] Level 1:colcon.colcon_core.package_identification:_identify(src/realsense-ros/realsense2_camera) by extensions ['colcon_pkg']
[0.797s] Level 1:colcon.colcon_core.package_identification:_identify(src/realsense-ros/realsense2_camera) by extension 'colcon_pkg'
[0.797s] Level 1:colcon.colcon_core.package_identification:_identify(src/realsense-ros/realsense2_camera) by extensions ['colcon_meta']
[0.797s] Level 1:colcon.colcon_core.package_identification:_identify(src/realsense-ros/realsense2_camera) by extension 'colcon_meta'
[0.797s] Level 1:colcon.colcon_core.package_identification:_identify(src/realsense-ros/realsense2_camera) by extensions ['ros']
[0.797s] Level 1:colcon.colcon_core.package_identification:_identify(src/realsense-ros/realsense2_camera) by extension 'ros'
[0.810s] DEBUG:colcon.colcon_core.package_identification:Package 'src/realsense-ros/realsense2_camera' with type 'ros.ament_cmake' and name 'realsense2_camera'
[0.810s] Level 1:colcon.colcon_core.package_identification:_identify(src/realsense-ros/realsense2_camera_msgs) by extensions ['ignore', 'ignore_ament_install']
[0.811s] Level 1:colcon.colcon_core.package_identification:_identify(src/realsense-ros/realsense2_camera_msgs) by extension 'ignore'
[0.811s] Level 1:colcon.colcon_core.package_identification:_identify(src/realsense-ros/realsense2_camera_msgs) by extension 'ignore_ament_install'
[0.811s] Level 1:colcon.colcon_core.package_identification:_identify(src/realsense-ros/realsense2_camera_msgs) by extensions ['colcon_pkg']
[0.811s] Level 1:colcon.colcon_core.package_identification:_identify(src/realsense-ros/realsense2_camera_msgs) by extension 'colcon_pkg'
[0.811s] Level 1:colcon.colcon_core.package_identification:_identify(src/realsense-ros/realsense2_camera_msgs) by extensions ['colcon_meta']
[0.811s] Level 1:colcon.colcon_core.package_identification:_identify(src/realsense-ros/realsense2_camera_msgs) by extension 'colcon_meta'
[0.812s] Level 1:colcon.colcon_core.package_identification:_identify(src/realsense-ros/realsense2_camera_msgs) by extensions ['ros']
[0.812s] Level 1:colcon.colcon_core.package_identification:_identify(src/realsense-ros/realsense2_camera_msgs) by extension 'ros'
[0.814s] DEBUG:colcon.colcon_core.package_identification:Package 'src/realsense-ros/realsense2_camera_msgs' with type 'ros.ament_cmake' and name 'realsense2_camera_msgs'
[0.814s] Level 1:colcon.colcon_core.package_identification:_identify(src/realsense-ros/realsense2_description) by extensions ['ignore', 'ignore_ament_install']
[0.815s] Level 1:colcon.colcon_core.package_identification:_identify(src/realsense-ros/realsense2_description) by extension 'ignore'
[0.815s] Level 1:colcon.colcon_core.package_identification:_identify(src/realsense-ros/realsense2_description) by extension 'ignore_ament_install'
[0.815s] Level 1:colcon.colcon_core.package_identification:_identify(src/realsense-ros/realsense2_description) by extensions ['colcon_pkg']
[0.815s] Level 1:colcon.colcon_core.package_identification:_identify(src/realsense-ros/realsense2_description) by extension 'colcon_pkg'
[0.815s] Level 1:colcon.colcon_core.package_identification:_identify(src/realsense-ros/realsense2_description) by extensions ['colcon_meta']
[0.815s] Level 1:colcon.colcon_core.package_identification:_identify(src/realsense-ros/realsense2_description) by extension 'colcon_meta'
[0.815s] Level 1:colcon.colcon_core.package_identification:_identify(src/realsense-ros/realsense2_description) by extensions ['ros']
[0.816s] Level 1:colcon.colcon_core.package_identification:_identify(src/realsense-ros/realsense2_description) by extension 'ros'
[0.817s] DEBUG:colcon.colcon_core.package_identification:Package 'src/realsense-ros/realsense2_description' with type 'ros.ament_cmake' and name 'realsense2_description'
[0.818s] Level 1:colcon.colcon_core.package_identification:_identify(src/realsense-ros/scripts) by extensions ['ignore', 'ignore_ament_install']
[0.818s] Level 1:colcon.colcon_core.package_identification:_identify(src/realsense-ros/scripts) by extension 'ignore'
[0.818s] Level 1:colcon.colcon_core.package_identification:_identify(src/realsense-ros/scripts) by extension 'ignore_ament_install'
[0.818s] Level 1:colcon.colcon_core.package_identification:_identify(src/realsense-ros/scripts) by extensions ['colcon_pkg']
[0.818s] Level 1:colcon.colcon_core.package_identification:_identify(src/realsense-ros/scripts) by extension 'colcon_pkg'
[0.818s] Level 1:colcon.colcon_core.package_identification:_identify(src/realsense-ros/scripts) by extensions ['colcon_meta']
[0.818s] Level 1:colcon.colcon_core.package_identification:_identify(src/realsense-ros/scripts) by extension 'colcon_meta'
[0.818s] Level 1:colcon.colcon_core.package_identification:_identify(src/realsense-ros/scripts) by extensions ['ros']
[0.819s] Level 1:colcon.colcon_core.package_identification:_identify(src/realsense-ros/scripts) by extension 'ros'
[0.819s] Level 1:colcon.colcon_core.package_identification:_identify(src/realsense-ros/scripts) by extensions ['cmake', 'python']
[0.819s] Level 1:colcon.colcon_core.package_identification:_identify(src/realsense-ros/scripts) by extension 'cmake'
[0.819s] Level 1:colcon.colcon_core.package_identification:_identify(src/realsense-ros/scripts) by extension 'python'
[0.819s] Level 1:colcon.colcon_core.package_identification:_identify(src/realsense-ros/scripts) by extensions ['python_setup_py']
[0.819s] Level 1:colcon.colcon_core.package_identification:_identify(src/realsense-ros/scripts) by extension 'python_setup_py'
[0.819s] Level 1:colcon.colcon_core.package_identification:_identify(src/sllidar_ros2) by extensions ['ignore', 'ignore_ament_install']
[0.820s] Level 1:colcon.colcon_core.package_identification:_identify(src/sllidar_ros2) by extension 'ignore'
[0.820s] Level 1:colcon.colcon_core.package_identification:_identify(src/sllidar_ros2) by extension 'ignore_ament_install'
[0.820s] Level 1:colcon.colcon_core.package_identification:_identify(src/sllidar_ros2) by extensions ['colcon_pkg']
[0.820s] Level 1:colcon.colcon_core.package_identification:_identify(src/sllidar_ros2) by extension 'colcon_pkg'
[0.820s] Level 1:colcon.colcon_core.package_identification:_identify(src/sllidar_ros2) by extensions ['colcon_meta']
[0.820s] Level 1:colcon.colcon_core.package_identification:_identify(src/sllidar_ros2) by extension 'colcon_meta'
[0.820s] Level 1:colcon.colcon_core.package_identification:_identify(src/sllidar_ros2) by extensions ['ros']
[0.820s] Level 1:colcon.colcon_core.package_identification:_identify(src/sllidar_ros2) by extension 'ros'
[0.822s] DEBUG:colcon.colcon_core.package_identification:Package 'src/sllidar_ros2' with type 'ros.ament_cmake' and name 'sllidar_ros2'
[0.822s] Level 1:colcon.colcon_core.package_identification:_identify(src/static_tf_broadcaster) by extensions ['ignore', 'ignore_ament_install']
[0.822s] Level 1:colcon.colcon_core.package_identification:_identify(src/static_tf_broadcaster) by extension 'ignore'
[0.822s] Level 1:colcon.colcon_core.package_identification:_identify(src/static_tf_broadcaster) by extension 'ignore_ament_install'
[0.823s] Level 1:colcon.colcon_core.package_identification:_identify(src/static_tf_broadcaster) by extensions ['colcon_pkg']
[0.823s] Level 1:colcon.colcon_core.package_identification:_identify(src/static_tf_broadcaster) by extension 'colcon_pkg'
[0.823s] Level 1:colcon.colcon_core.package_identification:_identify(src/static_tf_broadcaster) by extensions ['colcon_meta']
[0.823s] Level 1:colcon.colcon_core.package_identification:_identify(src/static_tf_broadcaster) by extension 'colcon_meta'
[0.823s] Level 1:colcon.colcon_core.package_identification:_identify(src/static_tf_broadcaster) by extensions ['ros']
[0.823s] Level 1:colcon.colcon_core.package_identification:_identify(src/static_tf_broadcaster) by extension 'ros'
[0.824s] DEBUG:colcon.colcon_core.package_identification:Package 'src/static_tf_broadcaster' with type 'ros.ament_python' and name 'static_tf_broadcaster'
[0.824s] Level 1:colcon.colcon_core.package_identification:_identify(src/tgt_nav) by extensions ['ignore', 'ignore_ament_install']
[0.825s] Level 1:colcon.colcon_core.package_identification:_identify(src/tgt_nav) by extension 'ignore'
[0.825s] Level 1:colcon.colcon_core.package_identification:_identify(src/tgt_nav) by extension 'ignore_ament_install'
[0.825s] Level 1:colcon.colcon_core.package_identification:_identify(src/tgt_nav) by extensions ['colcon_pkg']
[0.825s] Level 1:colcon.colcon_core.package_identification:_identify(src/tgt_nav) by extension 'colcon_pkg'
[0.825s] Level 1:colcon.colcon_core.package_identification:_identify(src/tgt_nav) by extensions ['colcon_meta']
[0.825s] Level 1:colcon.colcon_core.package_identification:_identify(src/tgt_nav) by extension 'colcon_meta'
[0.825s] Level 1:colcon.colcon_core.package_identification:_identify(src/tgt_nav) by extensions ['ros']
[0.825s] Level 1:colcon.colcon_core.package_identification:_identify(src/tgt_nav) by extension 'ros'
[0.827s] DEBUG:colcon.colcon_core.package_identification:Package 'src/tgt_nav' with type 'ros.ament_python' and name 'tgt_nav'
[0.827s] Level 1:colcon.colcon_core.package_discovery:discover_packages(recursive) using defaults
[0.827s] Level 1:colcon.colcon_core.package_discovery:discover_packages(ignore) discover
[0.827s] Level 1:colcon.colcon_core.package_discovery:discover_packages(ignore) using defaults
[0.827s] Level 1:colcon.colcon_core.package_discovery:discover_packages(path) discover
[0.828s] Level 1:colcon.colcon_core.package_discovery:discover_packages(path) using defaults
[0.947s] INFO:colcon.colcon_core.package_selection:Skipping not selected package 'encoder_imu_ekf' in 'src/encoder_imu_ekf'
[0.947s] INFO:colcon.colcon_core.package_selection:Skipping not selected package 'esp_serial' in 'src/esp_serial'
[0.947s] INFO:colcon.colcon_core.package_selection:Skipping not selected package 'librealsense2' in 'librealsense'
[0.947s] INFO:colcon.colcon_core.package_selection:Skipping not selected package 'motor_control' in 'src/motor_control'
[0.947s] INFO:colcon.colcon_core.package_selection:Skipping not selected package 'my_robot_description' in 'src/my_robot_description'
[0.948s] INFO:colcon.colcon_core.package_selection:Skipping not selected package 'realsense2_camera_msgs' in 'src/realsense-ros/realsense2_camera_msgs'
[0.948s] INFO:colcon.colcon_core.package_selection:Skipping not selected package 'sllidar_ros2' in 'src/sllidar_ros2'
[0.948s] INFO:colcon.colcon_core.package_selection:Skipping not selected package 'static_tf_broadcaster' in 'src/static_tf_broadcaster'
[0.948s] INFO:colcon.colcon_core.package_selection:Skipping not selected package 'tgt_nav' in 'src/tgt_nav'
[0.948s] INFO:colcon.colcon_core.package_selection:Skipping not selected package 'realsense2_camera' in 'src/realsense-ros/realsense2_camera'
[0.948s] INFO:colcon.colcon_core.package_selection:Skipping not selected package 'realsense2_description' in 'src/realsense-ros/realsense2_description'
[0.949s] Level 1:colcon.colcon_core.package_discovery:discover_packages(prefix_path) check parameters
[0.949s] Level 1:colcon.colcon_core.package_discovery:discover_packages(prefix_path) discover
[0.956s] DEBUG:colcon.colcon_installed_package_information.package_discovery:Found 9 installed packages in /home/jaeseok/ros2_ws/install
[0.959s] DEBUG:colcon.colcon_installed_package_information.package_discovery:Found 320 installed packages in /opt/ros/humble
[0.963s] Level 1:colcon.colcon_core.package_discovery:discover_packages(prefix_path) using defaults
[1.068s] Level 5:colcon.colcon_core.verb:set package 'pallet_align' build argument 'cmake_args' from command line to 'None'
[1.068s] Level 5:colcon.colcon_core.verb:set package 'pallet_align' build argument 'cmake_target' from command line to 'None'
[1.068s] Level 5:colcon.colcon_core.verb:set package 'pallet_align' build argument 'cmake_target_skip_unavailable' from command line to 'False'
[1.068s] Level 5:colcon.colcon_core.verb:set package 'pallet_align' build argument 'cmake_clean_cache' from command line to 'False'
[1.068s] Level 5:colcon.colcon_core.verb:set package 'pallet_align' build argument 'cmake_clean_first' from command line to 'False'
[1.068s] Level 5:colcon.colcon_core.verb:set package 'pallet_align' build argument 'cmake_force_configure' from command line to 'False'
[1.069s] Level 5:colcon.colcon_core.verb:set package 'pallet_align' build argument 'ament_cmake_args' from command line to 'None'
[1.069s] Level 5:colcon.colcon_core.verb:set package 'pallet_align' build argument 'catkin_cmake_args' from command line to 'None'
[1.069s] Level 5:colcon.colcon_core.verb:set package 'pallet_align' build argument 'catkin_skip_building_tests' from command line to 'False'
[1.069s] DEBUG:colcon.colcon_core.verb:Building package 'pallet_align' with the following arguments: {'ament_cmake_args': None, 'build_base': '/home/jaeseok/ros2_ws/build/pallet_align', 'catkin_cmake_args': None, 'catkin_skip_building_tests': False, 'cmake_args': None, 'cmake_clean_cache': False, 'cmake_clean_first': False, 'cmake_force_configure': False, 'cmake_target': None, 'cmake_target_skip_unavailable': False, 'install_base': '/home/jaeseok/ros2_ws/install/pallet_align', 'merge_install': False, 'path': '/home/jaeseok/ros2_ws/src/pallet_align', 'symlink_install': True, 'test_result_base': None}
[1.069s] INFO:colcon.colcon_core.executor:Executing jobs using 'parallel' executor
[1.073s] DEBUG:colcon.colcon_parallel_executor.executor.parallel:run_until_complete
[1.074s] INFO:colcon.colcon_ros.task.ament_python.build:Building ROS package in '/home/jaeseok/ros2_ws/src/pallet_align' with build type 'ament_python'
[1.074s] Level 1:colcon.colcon_core.shell:create_environment_hook('pallet_align', 'ament_prefix_path')
[1.082s] INFO:colcon.colcon_core.plugin_system:Skipping extension 'colcon_core.shell.bat': Not used on non-Windows systems
[1.083s] INFO:colcon.colcon_core.shell:Creating environment hook '/home/jaeseok/ros2_ws/install/pallet_align/share/pallet_align/hook/ament_prefix_path.ps1'
[1.085s] INFO:colcon.colcon_core.shell:Creating environment descriptor '/home/jaeseok/ros2_ws/install/pallet_align/share/pallet_align/hook/ament_prefix_path.dsv'
[1.086s] INFO:colcon.colcon_core.shell:Creating environment hook '/home/jaeseok/ros2_ws/install/pallet_align/share/pallet_align/hook/ament_prefix_path.sh'
[1.089s] INFO:colcon.colcon_core.shell:Skip shell extension 'powershell' for command environment: Not usable outside of PowerShell
[1.089s] DEBUG:colcon.colcon_core.shell:Skip shell extension 'dsv' for command environment
[1.829s] INFO:colcon.colcon_core.task.python.build:Building Python package in '/home/jaeseok/ros2_ws/src/pallet_align'
[1.830s] INFO:colcon.colcon_core.shell:Skip shell extension 'powershell' for command environment: Not usable outside of PowerShell
[1.830s] DEBUG:colcon.colcon_core.shell:Skip shell extension 'dsv' for command environment
[2.816s] DEBUG:colcon.colcon_core.event_handler.log_command:Invoking command in '/home/jaeseok/ros2_ws/build/pallet_align': PYTHONPATH=/home/jaeseok/ros2_ws/build/pallet_align/prefix_override:/usr/lib/python3/dist-packages/colcon_core/task/python/colcon_distutils_commands:/home/jaeseok/ros2_ws/install/pallet_align/lib/python3.10/site-packages:${PYTHONPATH} /usr/bin/python3 -W ignore:setup.py install is deprecated -W ignore:easy_install command is deprecated setup.py develop --editable --build-directory /home/jaeseok/ros2_ws/build/pallet_align/build --no-deps symlink_data
[4.071s] Level 1:colcon.colcon_core.shell:create_environment_hook('pallet_align', 'pythonpath_develop')
[4.073s] INFO:colcon.colcon_core.shell:Creating environment hook '/home/jaeseok/ros2_ws/build/pallet_align/share/pallet_align/hook/pythonpath_develop.ps1'
[4.075s] DEBUG:colcon.colcon_core.event_handler.log_command:Invoked command in '/home/jaeseok/ros2_ws/build/pallet_align' returned '0': PYTHONPATH=/home/jaeseok/ros2_ws/build/pallet_align/prefix_override:/usr/lib/python3/dist-packages/colcon_core/task/python/colcon_distutils_commands:/home/jaeseok/ros2_ws/install/pallet_align/lib/python3.10/site-packages:${PYTHONPATH} /usr/bin/python3 -W ignore:setup.py install is deprecated -W ignore:easy_install command is deprecated setup.py develop --editable --build-directory /home/jaeseok/ros2_ws/build/pallet_align/build --no-deps symlink_data
[4.077s] INFO:colcon.colcon_core.shell:Creating environment descriptor '/home/jaeseok/ros2_ws/build/pallet_align/share/pallet_align/hook/pythonpath_develop.dsv'
[4.079s] INFO:colcon.colcon_core.shell:Creating environment hook '/home/jaeseok/ros2_ws/build/pallet_align/share/pallet_align/hook/pythonpath_develop.sh'
[4.090s] Level 1:colcon.colcon_core.environment:checking '/home/jaeseok/ros2_ws/install/pallet_align' for CMake module files
[4.092s] Level 1:colcon.colcon_core.environment:checking '/home/jaeseok/ros2_ws/install/pallet_align' for CMake config files
[4.094s] Level 1:colcon.colcon_core.environment:checking '/home/jaeseok/ros2_ws/install/pallet_align/lib'
[4.095s] Level 1:colcon.colcon_core.environment:checking '/home/jaeseok/ros2_ws/install/pallet_align/bin'
[4.099s] Level 1:colcon.colcon_core.environment:checking '/home/jaeseok/ros2_ws/install/pallet_align/lib/pkgconfig/pallet_align.pc'
[4.100s] Level 1:colcon.colcon_core.environment:checking '/home/jaeseok/ros2_ws/install/pallet_align/lib/python3.10/site-packages'
[4.100s] Level 1:colcon.colcon_core.shell:create_environment_hook('pallet_align', 'pythonpath')
[4.101s] INFO:colcon.colcon_core.shell:Creating environment hook '/home/jaeseok/ros2_ws/install/pallet_align/share/pallet_align/hook/pythonpath.ps1'
[4.103s] INFO:colcon.colcon_core.shell:Creating environment descriptor '/home/jaeseok/ros2_ws/install/pallet_align/share/pallet_align/hook/pythonpath.dsv'
[4.105s] INFO:colcon.colcon_core.shell:Creating environment hook '/home/jaeseok/ros2_ws/install/pallet_align/share/pallet_align/hook/pythonpath.sh'
[4.108s] Level 1:colcon.colcon_core.environment:checking '/home/jaeseok/ros2_ws/install/pallet_align/bin'
[4.108s] Level 1:colcon.colcon_core.environment:create_environment_scripts_only(pallet_align)
[4.109s] INFO:colcon.colcon_core.shell:Creating package script '/home/jaeseok/ros2_ws/install/pallet_align/share/pallet_align/package.ps1'
[4.114s] INFO:colcon.colcon_core.shell:Creating package descriptor '/home/jaeseok/ros2_ws/install/pallet_align/share/pallet_align/package.dsv'
[4.117s] INFO:colcon.colcon_core.shell:Creating package script '/home/jaeseok/ros2_ws/install/pallet_align/share/pallet_align/package.sh'
[4.120s] INFO:colcon.colcon_core.shell:Creating package script '/home/jaeseok/ros2_ws/install/pallet_align/share/pallet_align/package.bash'
[4.124s] INFO:colcon.colcon_core.shell:Creating package script '/home/jaeseok/ros2_ws/install/pallet_align/share/pallet_align/package.zsh'
[4.128s] Level 1:colcon.colcon_core.environment:create_file_with_runtime_dependencies(/home/jaeseok/ros2_ws/install/pallet_align/share/colcon-core/packages/pallet_align)
[4.129s] DEBUG:colcon.colcon_parallel_executor.executor.parallel:closing loop
[4.132s] DEBUG:colcon.colcon_parallel_executor.executor.parallel:loop closed
[4.132s] DEBUG:colcon.colcon_parallel_executor.executor.parallel:run_until_complete finished with '0'
[4.133s] DEBUG:colcon.colcon_core.event_reactor:joining thread
[4.153s] INFO:colcon.colcon_core.plugin_system:Skipping extension 'colcon_notification.desktop_notification.terminal_notifier': Not used on non-Darwin systems
[4.154s] INFO:colcon.colcon_core.plugin_system:Skipping extension 'colcon_notification.desktop_notification.win32': Not used on non-Windows systems
[4.154s] INFO:colcon.colcon_notification.desktop_notification:Sending desktop notification using 'notify2'
[4.172s] DEBUG:colcon.colcon_core.event_reactor:joined thread
[4.174s] INFO:colcon.colcon_core.shell:Creating prefix script '/home/jaeseok/ros2_ws/install/local_setup.ps1'
[4.178s] INFO:colcon.colcon_core.shell:Creating prefix util module '/home/jaeseok/ros2_ws/install/_local_setup_util_ps1.py'
[4.183s] INFO:colcon.colcon_core.shell:Creating prefix chain script '/home/jaeseok/ros2_ws/install/setup.ps1'
[4.187s] INFO:colcon.colcon_core.shell:Creating prefix script '/home/jaeseok/ros2_ws/install/local_setup.sh'
[4.189s] INFO:colcon.colcon_core.shell:Creating prefix util module '/home/jaeseok/ros2_ws/install/_local_setup_util_sh.py'
[4.191s] INFO:colcon.colcon_core.shell:Creating prefix chain script '/home/jaeseok/ros2_ws/install/setup.sh'
[4.196s] INFO:colcon.colcon_core.shell:Creating prefix script '/home/jaeseok/ros2_ws/install/local_setup.bash'
[4.198s] INFO:colcon.colcon_core.shell:Creating prefix chain script '/home/jaeseok/ros2_ws/install/setup.bash'
[4.202s] INFO:colcon.colcon_core.shell:Creating prefix script '/home/jaeseok/ros2_ws/install/local_setup.zsh'
[4.203s] INFO:colcon.colcon_core.shell:Creating prefix chain script '/home/jaeseok/ros2_ws/install/setup.zsh'
