[1.775s] Invoking command in '/home/jaeseok/ros2_ws/src/encoder_imu_ekf': PYTHONPATH=/home/jaeseok/ros2_ws/build/encoder_imu_ekf/prefix_override:/usr/lib/python3/dist-packages/colcon_core/task/python/colcon_distutils_commands:/home/jaeseok/ros2_ws/install/encoder_imu_ekf/lib/python3.10/site-packages:${PYTHONPATH} /usr/bin/python3 -W ignore:setup.py install is deprecated -W ignore:easy_install command is deprecated setup.py egg_info --egg-base ../../build/encoder_imu_ekf build --build-base /home/jaeseok/ros2_ws/build/encoder_imu_ekf/build install --record /home/jaeseok/ros2_ws/build/encoder_imu_ekf/install.log --single-version-externally-managed install_data
[2.426s] running egg_info
[2.427s] writing ../../build/encoder_imu_ekf/encoder_imu_ekf.egg-info/PKG-INFO
[2.429s] writing dependency_links to ../../build/encoder_imu_ekf/encoder_imu_ekf.egg-info/dependency_links.txt
[2.430s] writing entry points to ../../build/encoder_imu_ekf/encoder_imu_ekf.egg-info/entry_points.txt
[2.431s] writing requirements to ../../build/encoder_imu_ekf/encoder_imu_ekf.egg-info/requires.txt
[2.432s] writing top-level names to ../../build/encoder_imu_ekf/encoder_imu_ekf.egg-info/top_level.txt
[2.439s] reading manifest file '../../build/encoder_imu_ekf/encoder_imu_ekf.egg-info/SOURCES.txt'
[2.441s] writing manifest file '../../build/encoder_imu_ekf/encoder_imu_ekf.egg-info/SOURCES.txt'
[2.442s] running build
[2.442s] running build_py
[2.443s] running install
[2.444s] running install_lib
[2.447s] running install_data
[2.447s] running install_egg_info
[2.453s] removing '/home/jaeseok/ros2_ws/install/encoder_imu_ekf/lib/python3.10/site-packages/encoder_imu_ekf-0.0.1-py3.10.egg-info' (and everything under it)
[2.454s] Copying ../../build/encoder_imu_ekf/encoder_imu_ekf.egg-info to /home/jaeseok/ros2_ws/install/encoder_imu_ekf/lib/python3.10/site-packages/encoder_imu_ekf-0.0.1-py3.10.egg-info
[2.456s] running install_scripts
[2.523s] Installing encoder_imu_ekf script to /home/jaeseok/ros2_ws/install/encoder_imu_ekf/lib/encoder_imu_ekf
[2.524s] writing list of installed files to '/home/jaeseok/ros2_ws/build/encoder_imu_ekf/install.log'
[2.649s] Invoked command in '/home/jaeseok/ros2_ws/src/encoder_imu_ekf' returned '0': PYTHONPATH=/home/jaeseok/ros2_ws/build/encoder_imu_ekf/prefix_override:/usr/lib/python3/dist-packages/colcon_core/task/python/colcon_distutils_commands:/home/jaeseok/ros2_ws/install/encoder_imu_ekf/lib/python3.10/site-packages:${PYTHONPATH} /usr/bin/python3 -W ignore:setup.py install is deprecated -W ignore:easy_install command is deprecated setup.py egg_info --egg-base ../../build/encoder_imu_ekf build --build-base /home/jaeseok/ros2_ws/build/encoder_imu_ekf/build install --record /home/jaeseok/ros2_ws/build/encoder_imu_ekf/install.log --single-version-externally-managed install_data
