[0.054s] Invoking command in '/home/jaeseok/ros2_ws/build/realsense2_camera': CMAKE_PREFIX_PATH=/home/jaeseok/ros2_ws/install/realsense2_camera_msgs:/home/jaeseok/ros2_ws/install/sllidar_ros2:/home/jaeseok/ros2_ws/install/realsense2_description:/home/jaeseok/ros2_ws/install/realsense2_camera:/home/jaeseok/ros2_ws/install/my_robot_description:/home/jaeseok/ros2_ws/install/pallet_align:/home/jaeseok/ros2_ws/install/motor_control:/home/jaeseok/ros2_ws/install/encoder_imu_ekf:/opt/ros/humble LD_LIBRARY_PATH=/home/jaeseok/ros2_ws/install/realsense2_camera_msgs/lib:/home/jaeseok/ros2_ws/install/realsense2_camera/lib:/opt/ros/humble/opt/rviz_ogre_vendor/lib:/opt/ros/humble/lib/aarch64-linux-gnu:/opt/ros/humble/lib /usr/bin/cmake /home/jaeseok/ros2_ws/src/realsense-ros/realsense2_camera -DAMENT_CMAKE_SYMLINK_INSTALL=1 -DCMAKE_INSTALL_PREFIX=/home/jaeseok/ros2_ws/install/realsense2_camera
[0.189s] -- Create Release Build.
[0.190s] -- Found ament_cmake: 1.3.11 (/opt/ros/humble/share/ament_cmake/cmake)
[0.576s] -- Override CMake install command with custom implementation using symlinks instead of copying resources
[0.618s] -- Found builtin_interfaces: 1.2.1 (/opt/ros/humble/share/builtin_interfaces/cmake)
[0.705s] -- Found rosidl_generator_c: 3.1.6 (/opt/ros/humble/share/rosidl_generator_c/cmake)
[0.717s] -- Found rosidl_adapter: 3.1.6 (/opt/ros/humble/share/rosidl_adapter/cmake)
[0.747s] -- Found rosidl_generator_cpp: 3.1.6 (/opt/ros/humble/share/rosidl_generator_cpp/cmake)
[0.782s] -- Using all available rosidl_typesupport_c: rosidl_typesupport_fastrtps_c;rosidl_typesupport_introspection_c
[0.823s] -- Using all available rosidl_typesupport_cpp: rosidl_typesupport_fastrtps_cpp;rosidl_typesupport_introspection_cpp
[0.858s] -- Found cv_bridge: 3.2.1 (/opt/ros/humble/share/cv_bridge/cmake)
[1.011s] -- Found image_transport: 3.1.12 (/opt/ros/humble/share/image_transport/cmake)
[1.126s] -- Found rmw_implementation_cmake: 6.1.2 (/opt/ros/humble/share/rmw_implementation_cmake/cmake)
[1.134s] -- Found rmw_fastrtps_cpp: 6.2.7 (/opt/ros/humble/share/rmw_fastrtps_cpp/cmake)
[1.423s] -- Using RMW implementation 'rmw_fastrtps_cpp' as default
[1.625s] -- Found rclcpp_action: 16.0.12 (/opt/ros/humble/share/rclcpp_action/cmake)
[1.771s] -- Found rclcpp_components: 16.0.12 (/opt/ros/humble/share/rclcpp_components/cmake)
[1.844s] -- Found realsense2_camera_msgs: 4.56.3 (/home/jaeseok/ros2_ws/install/realsense2_camera_msgs/share/realsense2_camera_msgs/cmake)
[1.900s] -- Found std_srvs: 4.8.0 (/opt/ros/humble/share/std_srvs/cmake)
[1.933s] -- Found nav_msgs: 4.8.0 (/opt/ros/humble/share/nav_msgs/cmake)
[1.983s] -- Found tf2_ros: 0.25.13 (/opt/ros/humble/share/tf2_ros/cmake)
[2.066s] -- Found diagnostic_updater: 4.0.6 (/opt/ros/humble/share/diagnostic_updater/cmake)
[2.124s] -- Build for ROS2 Humble
[2.152s] -- Found ament_cmake_gtest: 1.3.11 (/opt/ros/humble/share/ament_cmake_gtest/cmake)
[2.155s] -- Found gtest sources under '/opt/ros/humble/src/gtest_vendor': C++ tests using 'Google Test' will be built
[2.175s] -- Found ament_cmake_pytest: 1.3.11 (/opt/ros/humble/share/ament_cmake_pytest/cmake)
[13.571s] -- rs_device_info:
[13.571s] -- Device Name                   Serial Number       Firmware Version
[13.572s] Intel RealSense D435I         944122074142        5.17.0.9
[13.572s] 
[13.572s] -- D455 device found
[23.204s] -- Configuring done
[23.348s] -- Generating done
[23.374s] -- Build files have been written to: /home/jaeseok/ros2_ws/build/realsense2_camera
[23.430s] Invoked command in '/home/jaeseok/ros2_ws/build/realsense2_camera' returned '0': CMAKE_PREFIX_PATH=/home/jaeseok/ros2_ws/install/realsense2_camera_msgs:/home/jaeseok/ros2_ws/install/sllidar_ros2:/home/jaeseok/ros2_ws/install/realsense2_description:/home/jaeseok/ros2_ws/install/realsense2_camera:/home/jaeseok/ros2_ws/install/my_robot_description:/home/jaeseok/ros2_ws/install/pallet_align:/home/jaeseok/ros2_ws/install/motor_control:/home/jaeseok/ros2_ws/install/encoder_imu_ekf:/opt/ros/humble LD_LIBRARY_PATH=/home/jaeseok/ros2_ws/install/realsense2_camera_msgs/lib:/home/jaeseok/ros2_ws/install/realsense2_camera/lib:/opt/ros/humble/opt/rviz_ogre_vendor/lib:/opt/ros/humble/lib/aarch64-linux-gnu:/opt/ros/humble/lib /usr/bin/cmake /home/jaeseok/ros2_ws/src/realsense-ros/realsense2_camera -DAMENT_CMAKE_SYMLINK_INSTALL=1 -DCMAKE_INSTALL_PREFIX=/home/jaeseok/ros2_ws/install/realsense2_camera
[23.432s] Invoking command in '/home/jaeseok/ros2_ws/build/realsense2_camera': CMAKE_PREFIX_PATH=/home/jaeseok/ros2_ws/install/realsense2_camera_msgs:/home/jaeseok/ros2_ws/install/sllidar_ros2:/home/jaeseok/ros2_ws/install/realsense2_description:/home/jaeseok/ros2_ws/install/realsense2_camera:/home/jaeseok/ros2_ws/install/my_robot_description:/home/jaeseok/ros2_ws/install/pallet_align:/home/jaeseok/ros2_ws/install/motor_control:/home/jaeseok/ros2_ws/install/encoder_imu_ekf:/opt/ros/humble LD_LIBRARY_PATH=/home/jaeseok/ros2_ws/install/realsense2_camera_msgs/lib:/home/jaeseok/ros2_ws/install/realsense2_camera/lib:/opt/ros/humble/opt/rviz_ogre_vendor/lib:/opt/ros/humble/lib/aarch64-linux-gnu:/opt/ros/humble/lib /usr/bin/cmake --build /home/jaeseok/ros2_ws/build/realsense2_camera -- -j6 -l6
[23.569s] [35m[1mConsolidate compiler generated dependencies of target gtest_main[0m
[23.587s] [35m[1mConsolidate compiler generated dependencies of target gtest[0m
[23.603s] [35m[1mConsolidate compiler generated dependencies of target realsense2_camera_node[0m
[23.636s] [35m[1mConsolidate compiler generated dependencies of target realsense2_camera[0m
[23.678s] [  8%] Built target gtest_main
[23.692s] [ 17%] Built target gtest
[23.726s] [ 26%] Built target realsense2_camera_node
[23.735s] [35m[1mConsolidate compiler generated dependencies of target gtest_template[0m
[23.823s] [ 34%] Built target gtest_template
[23.911s] [100%] Built target realsense2_camera
[23.950s] Invoked command in '/home/jaeseok/ros2_ws/build/realsense2_camera' returned '0': CMAKE_PREFIX_PATH=/home/jaeseok/ros2_ws/install/realsense2_camera_msgs:/home/jaeseok/ros2_ws/install/sllidar_ros2:/home/jaeseok/ros2_ws/install/realsense2_description:/home/jaeseok/ros2_ws/install/realsense2_camera:/home/jaeseok/ros2_ws/install/my_robot_description:/home/jaeseok/ros2_ws/install/pallet_align:/home/jaeseok/ros2_ws/install/motor_control:/home/jaeseok/ros2_ws/install/encoder_imu_ekf:/opt/ros/humble LD_LIBRARY_PATH=/home/jaeseok/ros2_ws/install/realsense2_camera_msgs/lib:/home/jaeseok/ros2_ws/install/realsense2_camera/lib:/opt/ros/humble/opt/rviz_ogre_vendor/lib:/opt/ros/humble/lib/aarch64-linux-gnu:/opt/ros/humble/lib /usr/bin/cmake --build /home/jaeseok/ros2_ws/build/realsense2_camera -- -j6 -l6
[24.011s] Invoking command in '/home/jaeseok/ros2_ws/build/realsense2_camera': CMAKE_PREFIX_PATH=/home/jaeseok/ros2_ws/install/realsense2_camera_msgs:/home/jaeseok/ros2_ws/install/sllidar_ros2:/home/jaeseok/ros2_ws/install/realsense2_description:/home/jaeseok/ros2_ws/install/realsense2_camera:/home/jaeseok/ros2_ws/install/my_robot_description:/home/jaeseok/ros2_ws/install/pallet_align:/home/jaeseok/ros2_ws/install/motor_control:/home/jaeseok/ros2_ws/install/encoder_imu_ekf:/opt/ros/humble LD_LIBRARY_PATH=/home/jaeseok/ros2_ws/install/realsense2_camera_msgs/lib:/home/jaeseok/ros2_ws/install/realsense2_camera/lib:/opt/ros/humble/opt/rviz_ogre_vendor/lib:/opt/ros/humble/lib/aarch64-linux-gnu:/opt/ros/humble/lib /usr/bin/cmake --install /home/jaeseok/ros2_ws/build/realsense2_camera
[24.041s] -- Install configuration: "Release"
[24.042s] -- Execute custom install script
[24.043s] -- Up-to-date symlink: /home/jaeseok/ros2_ws/install/realsense2_camera/lib/realsense2_camera/realsense2_camera_node
[24.044s] -- Up-to-date symlink: /home/jaeseok/ros2_ws/install/realsense2_camera/lib/librealsense2_camera.so
[24.045s] -- Up-to-date symlink: /home/jaeseok/ros2_ws/install/realsense2_camera/include/base_realsense_node.h
[24.045s] -- Up-to-date symlink: /home/jaeseok/ros2_ws/install/realsense2_camera/include/constants.h
[24.045s] -- Up-to-date symlink: /home/jaeseok/ros2_ws/install/realsense2_camera/include/dynamic_params.h
[24.047s] -- Up-to-date symlink: /home/jaeseok/ros2_ws/install/realsense2_camera/include/gl_window.h
[24.047s] -- Up-to-date symlink: /home/jaeseok/ros2_ws/install/realsense2_camera/include/image_publisher.h
[24.049s] -- Up-to-date symlink: /home/jaeseok/ros2_ws/install/realsense2_camera/include/named_filter.h
[24.049s] -- Up-to-date symlink: /home/jaeseok/ros2_ws/install/realsense2_camera/include/profile_manager.h
[24.050s] -- Up-to-date symlink: /home/jaeseok/ros2_ws/install/realsense2_camera/include/realsense_node_factory.h
[24.051s] -- Up-to-date symlink: /home/jaeseok/ros2_ws/install/realsense2_camera/include/ros_param_backend.h
[24.052s] -- Up-to-date symlink: /home/jaeseok/ros2_ws/install/realsense2_camera/include/ros_sensor.h
[24.053s] -- Up-to-date symlink: /home/jaeseok/ros2_ws/install/realsense2_camera/include/ros_utils.h
[24.054s] -- Up-to-date symlink: /home/jaeseok/ros2_ws/install/realsense2_camera/include/sensor_params.h
[24.054s] -- Up-to-date symlink: /home/jaeseok/ros2_ws/install/realsense2_camera/share/realsense2_camera/launch/default.rviz
[24.054s] -- Up-to-date symlink: /home/jaeseok/ros2_ws/install/realsense2_camera/share/realsense2_camera/launch/rs_intra_process_demo_launch.py
[24.055s] -- Up-to-date symlink: /home/jaeseok/ros2_ws/install/realsense2_camera/share/realsense2_camera/launch/rs_launch.py
[24.056s] -- Up-to-date symlink: /home/jaeseok/ros2_ws/install/realsense2_camera/share/realsense2_camera/launch/rs_multi_camera_launch.py
[24.056s] -- Up-to-date symlink: /home/jaeseok/ros2_ws/install/realsense2_camera/share/realsense2_camera/launch/rs_multi_camera_launch_sync.py
[24.057s] -- Up-to-date symlink: /home/jaeseok/ros2_ws/install/realsense2_camera/share/realsense2_camera/examples/align_depth/README.md
[24.057s] -- Up-to-date symlink: /home/jaeseok/ros2_ws/install/realsense2_camera/share/realsense2_camera/examples/align_depth/rs_align_depth_launch.py
[24.061s] -- Up-to-date symlink: /home/jaeseok/ros2_ws/install/realsense2_camera/share/realsense2_camera/examples/d500_tables/calib_config_example.json
[24.061s] -- Up-to-date symlink: /home/jaeseok/ros2_ws/install/realsense2_camera/share/realsense2_camera/examples/dual_camera/README.md
[24.061s] -- Up-to-date symlink: /home/jaeseok/ros2_ws/install/realsense2_camera/share/realsense2_camera/examples/dual_camera/rs_dual_camera_launch.py
[24.061s] -- Up-to-date symlink: /home/jaeseok/ros2_ws/install/realsense2_camera/share/realsense2_camera/examples/dual_camera/rviz/dual_camera_pointcloud.rviz
[24.061s] -- Up-to-date symlink: /home/jaeseok/ros2_ws/install/realsense2_camera/share/realsense2_camera/examples/launch_from_rosbag/README.md
[24.062s] -- Up-to-date symlink: /home/jaeseok/ros2_ws/install/realsense2_camera/share/realsense2_camera/examples/launch_from_rosbag/rs_launch_from_rosbag.py
[24.062s] -- Up-to-date symlink: /home/jaeseok/ros2_ws/install/realsense2_camera/share/realsense2_camera/examples/launch_params_from_file/README.md
[24.062s] -- Up-to-date symlink: /home/jaeseok/ros2_ws/install/realsense2_camera/share/realsense2_camera/examples/launch_params_from_file/config/config.yaml
[24.062s] -- Up-to-date symlink: /home/jaeseok/ros2_ws/install/realsense2_camera/share/realsense2_camera/examples/launch_params_from_file/rs_launch_get_params_from_yaml.py
[24.062s] -- Up-to-date symlink: /home/jaeseok/ros2_ws/install/realsense2_camera/share/realsense2_camera/examples/pointcloud/README.md
[24.062s] -- Up-to-date symlink: /home/jaeseok/ros2_ws/install/realsense2_camera/share/realsense2_camera/examples/pointcloud/rs_d405_pointcloud_launch.py
[24.062s] -- Up-to-date symlink: /home/jaeseok/ros2_ws/install/realsense2_camera/share/realsense2_camera/examples/pointcloud/rs_d455_pointcloud_launch.py
[24.063s] -- Up-to-date symlink: /home/jaeseok/ros2_ws/install/realsense2_camera/share/realsense2_camera/examples/pointcloud/rs_pointcloud_launch.py
[24.063s] -- Up-to-date symlink: /home/jaeseok/ros2_ws/install/realsense2_camera/share/realsense2_camera/examples/pointcloud/rviz/pointcloud.rviz
[24.063s] -- Up-to-date symlink: /home/jaeseok/ros2_ws/install/realsense2_camera/share/realsense2_camera/examples/pointcloud/rviz/urdf_pointcloud.rviz
[24.063s] -- Up-to-date symlink: /home/jaeseok/ros2_ws/install/realsense2_camera/share/realsense2_camera/environment/library_path.sh
[24.063s] -- Up-to-date symlink: /home/jaeseok/ros2_ws/install/realsense2_camera/share/realsense2_camera/environment/library_path.dsv
[24.063s] -- Up-to-date symlink: /home/jaeseok/ros2_ws/install/realsense2_camera/share/ament_index/resource_index/package_run_dependencies/realsense2_camera
[24.064s] -- Up-to-date symlink: /home/jaeseok/ros2_ws/install/realsense2_camera/share/ament_index/resource_index/parent_prefix_path/realsense2_camera
[24.064s] -- Up-to-date symlink: /home/jaeseok/ros2_ws/install/realsense2_camera/share/realsense2_camera/environment/ament_prefix_path.sh
[24.064s] -- Up-to-date symlink: /home/jaeseok/ros2_ws/install/realsense2_camera/share/realsense2_camera/environment/ament_prefix_path.dsv
[24.064s] -- Up-to-date symlink: /home/jaeseok/ros2_ws/install/realsense2_camera/share/realsense2_camera/environment/path.sh
[24.064s] -- Up-to-date symlink: /home/jaeseok/ros2_ws/install/realsense2_camera/share/realsense2_camera/environment/path.dsv
[24.064s] -- Up-to-date symlink: /home/jaeseok/ros2_ws/install/realsense2_camera/share/realsense2_camera/local_setup.bash
[24.065s] -- Up-to-date symlink: /home/jaeseok/ros2_ws/install/realsense2_camera/share/realsense2_camera/local_setup.sh
[24.065s] -- Up-to-date symlink: /home/jaeseok/ros2_ws/install/realsense2_camera/share/realsense2_camera/local_setup.zsh
[24.065s] -- Up-to-date symlink: /home/jaeseok/ros2_ws/install/realsense2_camera/share/realsense2_camera/local_setup.dsv
[24.065s] -- Symlinking: /home/jaeseok/ros2_ws/install/realsense2_camera/share/realsense2_camera/package.dsv
[24.091s] -- Up-to-date symlink: /home/jaeseok/ros2_ws/install/realsense2_camera/share/ament_index/resource_index/packages/realsense2_camera
[24.091s] -- Up-to-date symlink: /home/jaeseok/ros2_ws/install/realsense2_camera/share/ament_index/resource_index/rclcpp_components/realsense2_camera
[24.092s] -- Up-to-date symlink: /home/jaeseok/ros2_ws/install/realsense2_camera/share/realsense2_camera/cmake/ament_cmake_export_include_directories-extras.cmake
[24.092s] -- Up-to-date symlink: /home/jaeseok/ros2_ws/install/realsense2_camera/share/realsense2_camera/cmake/ament_cmake_export_libraries-extras.cmake
[24.092s] -- Up-to-date symlink: /home/jaeseok/ros2_ws/install/realsense2_camera/share/realsense2_camera/cmake/ament_cmake_export_dependencies-extras.cmake
[24.092s] -- Up-to-date symlink: /home/jaeseok/ros2_ws/install/realsense2_camera/share/realsense2_camera/cmake/realsense2_cameraConfig.cmake
[24.095s] -- Up-to-date symlink: /home/jaeseok/ros2_ws/install/realsense2_camera/share/realsense2_camera/cmake/realsense2_cameraConfig-version.cmake
[24.095s] -- Up-to-date symlink: /home/jaeseok/ros2_ws/install/realsense2_camera/share/realsense2_camera/package.xml
[24.102s] Invoked command in '/home/jaeseok/ros2_ws/build/realsense2_camera' returned '0': CMAKE_PREFIX_PATH=/home/jaeseok/ros2_ws/install/realsense2_camera_msgs:/home/jaeseok/ros2_ws/install/sllidar_ros2:/home/jaeseok/ros2_ws/install/realsense2_description:/home/jaeseok/ros2_ws/install/realsense2_camera:/home/jaeseok/ros2_ws/install/my_robot_description:/home/jaeseok/ros2_ws/install/pallet_align:/home/jaeseok/ros2_ws/install/motor_control:/home/jaeseok/ros2_ws/install/encoder_imu_ekf:/opt/ros/humble LD_LIBRARY_PATH=/home/jaeseok/ros2_ws/install/realsense2_camera_msgs/lib:/home/jaeseok/ros2_ws/install/realsense2_camera/lib:/opt/ros/humble/opt/rviz_ogre_vendor/lib:/opt/ros/humble/lib/aarch64-linux-gnu:/opt/ros/humble/lib /usr/bin/cmake --install /home/jaeseok/ros2_ws/build/realsense2_camera
