[1.919s] Invoking command in '/home/jaeseok/ros2_ws/src/esp_serial': PYTHONPATH=/home/jaeseok/ros2_ws/build/esp_serial/prefix_override:/usr/lib/python3/dist-packages/colcon_core/task/python/colcon_distutils_commands:/home/jaeseok/ros2_ws/install/esp_serial/lib/python3.10/site-packages:${PYTHONPATH} /usr/bin/python3 -W ignore:setup.py install is deprecated -W ignore:easy_install command is deprecated setup.py egg_info --egg-base ../../build/esp_serial build --build-base /home/jaeseok/ros2_ws/build/esp_serial/build install --record /home/jaeseok/ros2_ws/build/esp_serial/install.log --single-version-externally-managed install_data
[2.541s] running egg_info
[2.544s] writing ../../build/esp_serial/esp_serial.egg-info/PKG-INFO
[2.545s] writing dependency_links to ../../build/esp_serial/esp_serial.egg-info/dependency_links.txt
[2.546s] writing entry points to ../../build/esp_serial/esp_serial.egg-info/entry_points.txt
[2.546s] writing requirements to ../../build/esp_serial/esp_serial.egg-info/requires.txt
[2.546s] writing top-level names to ../../build/esp_serial/esp_serial.egg-info/top_level.txt
[2.558s] reading manifest file '../../build/esp_serial/esp_serial.egg-info/SOURCES.txt'
[2.558s] writing manifest file '../../build/esp_serial/esp_serial.egg-info/SOURCES.txt'
[2.558s] running build
[2.559s] running build_py
[2.559s] copying esp_serial/serial_node.py -> /home/jaeseok/ros2_ws/build/esp_serial/build/lib/esp_serial
[2.559s] running install
[2.559s] running install_lib
[2.559s] copying /home/jaeseok/ros2_ws/build/esp_serial/build/lib/esp_serial/serial_node.py -> /home/jaeseok/ros2_ws/install/esp_serial/lib/python3.10/site-packages/esp_serial
[2.561s] byte-compiling /home/jaeseok/ros2_ws/install/esp_serial/lib/python3.10/site-packages/esp_serial/serial_node.py to serial_node.cpython-310.pyc
[2.565s] running install_data
[2.566s] running install_egg_info
[2.571s] removing '/home/jaeseok/ros2_ws/install/esp_serial/lib/python3.10/site-packages/esp_serial-0.0.0-py3.10.egg-info' (and everything under it)
[2.572s] Copying ../../build/esp_serial/esp_serial.egg-info to /home/jaeseok/ros2_ws/install/esp_serial/lib/python3.10/site-packages/esp_serial-0.0.0-py3.10.egg-info
[2.574s] running install_scripts
[2.633s] Installing serial_node script to /home/jaeseok/ros2_ws/install/esp_serial/lib/esp_serial
[2.635s] writing list of installed files to '/home/jaeseok/ros2_ws/build/esp_serial/install.log'
[2.748s] Invoked command in '/home/jaeseok/ros2_ws/src/esp_serial' returned '0': PYTHONPATH=/home/jaeseok/ros2_ws/build/esp_serial/prefix_override:/usr/lib/python3/dist-packages/colcon_core/task/python/colcon_distutils_commands:/home/jaeseok/ros2_ws/install/esp_serial/lib/python3.10/site-packages:${PYTHONPATH} /usr/bin/python3 -W ignore:setup.py install is deprecated -W ignore:easy_install command is deprecated setup.py egg_info --egg-base ../../build/esp_serial build --build-base /home/jaeseok/ros2_ws/build/esp_serial/build install --record /home/jaeseok/ros2_ws/build/esp_serial/install.log --single-version-externally-managed install_data
