[0.353s] DEBUG:colcon:Command line arguments: ['/usr/bin/colcon', 'build', '--packages-select', 'esp_serial']
[0.353s] DEBUG:colcon:Parsed command line arguments: Namespace(log_base=None, log_level=None, verb_name='build', build_base='build', install_base='install', merge_install=False, symlink_install=False, test_result_base=None, continue_on_error=False, executor='parallel', parallel_workers=6, event_handlers=None, ignore_user_meta=False, metas=['./colcon.meta'], base_paths=['.'], packages_ignore=None, packages_ignore_regex=None, paths=None, packages_up_to=None, packages_up_to_regex=None, packages_above=None, packages_above_and_dependencies=None, packages_above_depth=None, packages_select_by_dep=None, packages_skip_by_dep=None, packages_skip_up_to=None, packages_select_build_failed=False, packages_skip_build_finished=False, packages_select_test_failures=False, packages_skip_test_passed=False, packages_select=['esp_serial'], packages_skip=None, packages_select_regex=None, packages_skip_regex=None, packages_start=None, packages_end=None, allow_overriding=[], cmake_args=None, cmake_target=None, cmake_target_skip_unavailable=False, cmake_clean_cache=False, cmake_clean_first=False, cmake_force_configure=False, ament_cmake_args=None, catkin_cmake_args=None, catkin_skip_building_tests=False, verb_parser=<colcon_defaults.argument_parser.defaults.DefaultArgumentsDecorator object at 0xffffa95b1030>, verb_extension=<colcon_core.verb.build.BuildVerb object at 0xffffa976a4a0>, main=<bound method BuildVerb.main of <colcon_core.verb.build.BuildVerb object at 0xffffa976a4a0>>)
[0.998s] Level 1:colcon.colcon_core.package_discovery:discover_packages(colcon_meta) check parameters
[0.999s] Level 1:colcon.colcon_core.package_discovery:discover_packages(recursive) check parameters
[0.999s] Level 1:colcon.colcon_core.package_discovery:discover_packages(ignore) check parameters
[0.999s] Level 1:colcon.colcon_core.package_discovery:discover_packages(path) check parameters
[0.999s] Level 1:colcon.colcon_core.package_discovery:discover_packages(colcon_meta) discover
[0.999s] Level 1:colcon.colcon_core.package_discovery:discover_packages(recursive) discover
[1.000s] INFO:colcon.colcon_core.package_discovery:Crawling recursively for packages in '/home/jaeseok/ros2_ws'
[1.000s] Level 1:colcon.colcon_core.package_identification:_identify(.) by extensions ['ignore', 'ignore_ament_install']
[1.000s] Level 1:colcon.colcon_core.package_identification:_identify(.) by extension 'ignore'
[1.001s] Level 1:colcon.colcon_core.package_identification:_identify(.) by extension 'ignore_ament_install'
[1.001s] Level 1:colcon.colcon_core.package_identification:_identify(.) by extensions ['colcon_pkg']
[1.001s] Level 1:colcon.colcon_core.package_identification:_identify(.) by extension 'colcon_pkg'
[1.001s] Level 1:colcon.colcon_core.package_identification:_identify(.) by extensions ['colcon_meta']
[1.001s] Level 1:colcon.colcon_core.package_identification:_identify(.) by extension 'colcon_meta'
[1.001s] Level 1:colcon.colcon_core.package_identification:_identify(.) by extensions ['ros']
[1.001s] Level 1:colcon.colcon_core.package_identification:_identify(.) by extension 'ros'
[1.043s] Level 1:colcon.colcon_core.package_identification:_identify(.) by extensions ['cmake', 'python']
[1.044s] Level 1:colcon.colcon_core.package_identification:_identify(.) by extension 'cmake'
[1.044s] Level 1:colcon.colcon_core.package_identification:_identify(.) by extension 'python'
[1.044s] Level 1:colcon.colcon_core.package_identification:_identify(.) by extensions ['python_setup_py']
[1.044s] Level 1:colcon.colcon_core.package_identification:_identify(.) by extension 'python_setup_py'
[1.045s] Level 1:colcon.colcon_core.package_identification:_identify(build) by extensions ['ignore', 'ignore_ament_install']
[1.045s] Level 1:colcon.colcon_core.package_identification:_identify(build) by extension 'ignore'
[1.045s] Level 1:colcon.colcon_core.package_identification:_identify(build) ignored
[1.046s] Level 1:colcon.colcon_core.package_identification:_identify(install) by extensions ['ignore', 'ignore_ament_install']
[1.046s] Level 1:colcon.colcon_core.package_identification:_identify(install) by extension 'ignore'
[1.046s] Level 1:colcon.colcon_core.package_identification:_identify(install) ignored
[1.046s] Level 1:colcon.colcon_core.package_identification:_identify(librealsense) by extensions ['ignore', 'ignore_ament_install']
[1.046s] Level 1:colcon.colcon_core.package_identification:_identify(librealsense) by extension 'ignore'
[1.047s] Level 1:colcon.colcon_core.package_identification:_identify(librealsense) by extension 'ignore_ament_install'
[1.047s] Level 1:colcon.colcon_core.package_identification:_identify(librealsense) by extensions ['colcon_pkg']
[1.047s] Level 1:colcon.colcon_core.package_identification:_identify(librealsense) by extension 'colcon_pkg'
[1.047s] Level 1:colcon.colcon_core.package_identification:_identify(librealsense) by extensions ['colcon_meta']
[1.047s] Level 1:colcon.colcon_core.package_identification:_identify(librealsense) by extension 'colcon_meta'
[1.047s] Level 1:colcon.colcon_core.package_identification:_identify(librealsense) by extensions ['ros']
[1.047s] Level 1:colcon.colcon_core.package_identification:_identify(librealsense) by extension 'ros'
[1.059s] DEBUG:colcon.colcon_core.package_identification:Package 'librealsense' with type 'ros.cmake' and name 'librealsense2'
[1.059s] Level 1:colcon.colcon_core.package_identification:_identify(log) by extensions ['ignore', 'ignore_ament_install']
[1.060s] Level 1:colcon.colcon_core.package_identification:_identify(log) by extension 'ignore'
[1.060s] Level 1:colcon.colcon_core.package_identification:_identify(log) ignored
[1.060s] Level 1:colcon.colcon_core.package_identification:_identify(parameter) by extensions ['ignore', 'ignore_ament_install']
[1.060s] Level 1:colcon.colcon_core.package_identification:_identify(parameter) by extension 'ignore'
[1.060s] Level 1:colcon.colcon_core.package_identification:_identify(parameter) by extension 'ignore_ament_install'
[1.061s] Level 1:colcon.colcon_core.package_identification:_identify(parameter) by extensions ['colcon_pkg']
[1.061s] Level 1:colcon.colcon_core.package_identification:_identify(parameter) by extension 'colcon_pkg'
[1.061s] Level 1:colcon.colcon_core.package_identification:_identify(parameter) by extensions ['colcon_meta']
[1.061s] Level 1:colcon.colcon_core.package_identification:_identify(parameter) by extension 'colcon_meta'
[1.061s] Level 1:colcon.colcon_core.package_identification:_identify(parameter) by extensions ['ros']
[1.061s] Level 1:colcon.colcon_core.package_identification:_identify(parameter) by extension 'ros'
[1.061s] Level 1:colcon.colcon_core.package_identification:_identify(parameter) by extensions ['cmake', 'python']
[1.061s] Level 1:colcon.colcon_core.package_identification:_identify(parameter) by extension 'cmake'
[1.062s] Level 1:colcon.colcon_core.package_identification:_identify(parameter) by extension 'python'
[1.062s] Level 1:colcon.colcon_core.package_identification:_identify(parameter) by extensions ['python_setup_py']
[1.062s] Level 1:colcon.colcon_core.package_identification:_identify(parameter) by extension 'python_setup_py'
[1.062s] Level 1:colcon.colcon_core.package_identification:_identify(src) by extensions ['ignore', 'ignore_ament_install']
[1.062s] Level 1:colcon.colcon_core.package_identification:_identify(src) by extension 'ignore'
[1.062s] Level 1:colcon.colcon_core.package_identification:_identify(src) by extension 'ignore_ament_install'
[1.063s] Level 1:colcon.colcon_core.package_identification:_identify(src) by extensions ['colcon_pkg']
[1.063s] Level 1:colcon.colcon_core.package_identification:_identify(src) by extension 'colcon_pkg'
[1.063s] Level 1:colcon.colcon_core.package_identification:_identify(src) by extensions ['colcon_meta']
[1.063s] Level 1:colcon.colcon_core.package_identification:_identify(src) by extension 'colcon_meta'
[1.063s] Level 1:colcon.colcon_core.package_identification:_identify(src) by extensions ['ros']
[1.063s] Level 1:colcon.colcon_core.package_identification:_identify(src) by extension 'ros'
[1.063s] Level 1:colcon.colcon_core.package_identification:_identify(src) by extensions ['cmake', 'python']
[1.063s] Level 1:colcon.colcon_core.package_identification:_identify(src) by extension 'cmake'
[1.063s] Level 1:colcon.colcon_core.package_identification:_identify(src) by extension 'python'
[1.064s] Level 1:colcon.colcon_core.package_identification:_identify(src) by extensions ['python_setup_py']
[1.064s] Level 1:colcon.colcon_core.package_identification:_identify(src) by extension 'python_setup_py'
[1.064s] Level 1:colcon.colcon_core.package_identification:_identify(src/build) by extensions ['ignore', 'ignore_ament_install']
[1.064s] Level 1:colcon.colcon_core.package_identification:_identify(src/build) by extension 'ignore'
[1.064s] Level 1:colcon.colcon_core.package_identification:_identify(src/build) ignored
[1.064s] Level 1:colcon.colcon_core.package_identification:_identify(src/encoder_imu_ekf) by extensions ['ignore', 'ignore_ament_install']
[1.065s] Level 1:colcon.colcon_core.package_identification:_identify(src/encoder_imu_ekf) by extension 'ignore'
[1.065s] Level 1:colcon.colcon_core.package_identification:_identify(src/encoder_imu_ekf) by extension 'ignore_ament_install'
[1.065s] Level 1:colcon.colcon_core.package_identification:_identify(src/encoder_imu_ekf) by extensions ['colcon_pkg']
[1.065s] Level 1:colcon.colcon_core.package_identification:_identify(src/encoder_imu_ekf) by extension 'colcon_pkg'
[1.065s] Level 1:colcon.colcon_core.package_identification:_identify(src/encoder_imu_ekf) by extensions ['colcon_meta']
[1.065s] Level 1:colcon.colcon_core.package_identification:_identify(src/encoder_imu_ekf) by extension 'colcon_meta'
[1.065s] Level 1:colcon.colcon_core.package_identification:_identify(src/encoder_imu_ekf) by extensions ['ros']
[1.066s] Level 1:colcon.colcon_core.package_identification:_identify(src/encoder_imu_ekf) by extension 'ros'
[1.067s] DEBUG:colcon.colcon_core.package_identification:Package 'src/encoder_imu_ekf' with type 'ros.ament_python' and name 'encoder_imu_ekf'
[1.068s] Level 1:colcon.colcon_core.package_identification:_identify(src/esp_serial) by extensions ['ignore', 'ignore_ament_install']
[1.068s] Level 1:colcon.colcon_core.package_identification:_identify(src/esp_serial) by extension 'ignore'
[1.068s] Level 1:colcon.colcon_core.package_identification:_identify(src/esp_serial) by extension 'ignore_ament_install'
[1.068s] Level 1:colcon.colcon_core.package_identification:_identify(src/esp_serial) by extensions ['colcon_pkg']
[1.068s] Level 1:colcon.colcon_core.package_identification:_identify(src/esp_serial) by extension 'colcon_pkg'
[1.069s] Level 1:colcon.colcon_core.package_identification:_identify(src/esp_serial) by extensions ['colcon_meta']
[1.069s] Level 1:colcon.colcon_core.package_identification:_identify(src/esp_serial) by extension 'colcon_meta'
[1.069s] Level 1:colcon.colcon_core.package_identification:_identify(src/esp_serial) by extensions ['ros']
[1.069s] Level 1:colcon.colcon_core.package_identification:_identify(src/esp_serial) by extension 'ros'
[1.071s] DEBUG:colcon.colcon_core.package_identification:Package 'src/esp_serial' with type 'ros.ament_python' and name 'esp_serial'
[1.071s] Level 1:colcon.colcon_core.package_identification:_identify(src/install) by extensions ['ignore', 'ignore_ament_install']
[1.071s] Level 1:colcon.colcon_core.package_identification:_identify(src/install) by extension 'ignore'
[1.071s] Level 1:colcon.colcon_core.package_identification:_identify(src/install) ignored
[1.072s] Level 1:colcon.colcon_core.package_identification:_identify(src/log) by extensions ['ignore', 'ignore_ament_install']
[1.072s] Level 1:colcon.colcon_core.package_identification:_identify(src/log) by extension 'ignore'
[1.072s] Level 1:colcon.colcon_core.package_identification:_identify(src/log) ignored
[1.072s] Level 1:colcon.colcon_core.package_identification:_identify(src/motor_control) by extensions ['ignore', 'ignore_ament_install']
[1.072s] Level 1:colcon.colcon_core.package_identification:_identify(src/motor_control) by extension 'ignore'
[1.073s] Level 1:colcon.colcon_core.package_identification:_identify(src/motor_control) by extension 'ignore_ament_install'
[1.073s] Level 1:colcon.colcon_core.package_identification:_identify(src/motor_control) by extensions ['colcon_pkg']
[1.073s] Level 1:colcon.colcon_core.package_identification:_identify(src/motor_control) by extension 'colcon_pkg'
[1.073s] Level 1:colcon.colcon_core.package_identification:_identify(src/motor_control) by extensions ['colcon_meta']
[1.073s] Level 1:colcon.colcon_core.package_identification:_identify(src/motor_control) by extension 'colcon_meta'
[1.073s] Level 1:colcon.colcon_core.package_identification:_identify(src/motor_control) by extensions ['ros']
[1.073s] Level 1:colcon.colcon_core.package_identification:_identify(src/motor_control) by extension 'ros'
[1.075s] DEBUG:colcon.colcon_core.package_identification:Package 'src/motor_control' with type 'ros.ament_python' and name 'motor_control'
[1.076s] Level 1:colcon.colcon_core.package_identification:_identify(src/move_nav) by extensions ['ignore', 'ignore_ament_install']
[1.076s] Level 1:colcon.colcon_core.package_identification:_identify(src/move_nav) by extension 'ignore'
[1.076s] Level 1:colcon.colcon_core.package_identification:_identify(src/move_nav) by extension 'ignore_ament_install'
[1.076s] Level 1:colcon.colcon_core.package_identification:_identify(src/move_nav) by extensions ['colcon_pkg']
[1.076s] Level 1:colcon.colcon_core.package_identification:_identify(src/move_nav) by extension 'colcon_pkg'
[1.077s] Level 1:colcon.colcon_core.package_identification:_identify(src/move_nav) by extensions ['colcon_meta']
[1.077s] Level 1:colcon.colcon_core.package_identification:_identify(src/move_nav) by extension 'colcon_meta'
[1.077s] Level 1:colcon.colcon_core.package_identification:_identify(src/move_nav) by extensions ['ros']
[1.077s] Level 1:colcon.colcon_core.package_identification:_identify(src/move_nav) by extension 'ros'
[1.079s] DEBUG:colcon.colcon_core.package_identification:Package 'src/move_nav' with type 'ros.ament_python' and name 'move_nav'
[1.079s] Level 1:colcon.colcon_core.package_identification:_identify(src/my_robot_description) by extensions ['ignore', 'ignore_ament_install']
[1.079s] Level 1:colcon.colcon_core.package_identification:_identify(src/my_robot_description) by extension 'ignore'
[1.079s] Level 1:colcon.colcon_core.package_identification:_identify(src/my_robot_description) by extension 'ignore_ament_install'
[1.080s] Level 1:colcon.colcon_core.package_identification:_identify(src/my_robot_description) by extensions ['colcon_pkg']
[1.080s] Level 1:colcon.colcon_core.package_identification:_identify(src/my_robot_description) by extension 'colcon_pkg'
[1.080s] Level 1:colcon.colcon_core.package_identification:_identify(src/my_robot_description) by extensions ['colcon_meta']
[1.080s] Level 1:colcon.colcon_core.package_identification:_identify(src/my_robot_description) by extension 'colcon_meta'
[1.080s] Level 1:colcon.colcon_core.package_identification:_identify(src/my_robot_description) by extensions ['ros']
[1.080s] Level 1:colcon.colcon_core.package_identification:_identify(src/my_robot_description) by extension 'ros'
[1.082s] DEBUG:colcon.colcon_core.package_identification:Package 'src/my_robot_description' with type 'ros.ament_cmake' and name 'my_robot_description'
[1.082s] Level 1:colcon.colcon_core.package_identification:_identify(src/pallet_align) by extensions ['ignore', 'ignore_ament_install']
[1.082s] Level 1:colcon.colcon_core.package_identification:_identify(src/pallet_align) by extension 'ignore'
[1.083s] Level 1:colcon.colcon_core.package_identification:_identify(src/pallet_align) by extension 'ignore_ament_install'
[1.083s] Level 1:colcon.colcon_core.package_identification:_identify(src/pallet_align) by extensions ['colcon_pkg']
[1.083s] Level 1:colcon.colcon_core.package_identification:_identify(src/pallet_align) by extension 'colcon_pkg'
[1.083s] Level 1:colcon.colcon_core.package_identification:_identify(src/pallet_align) by extensions ['colcon_meta']
[1.083s] Level 1:colcon.colcon_core.package_identification:_identify(src/pallet_align) by extension 'colcon_meta'
[1.083s] Level 1:colcon.colcon_core.package_identification:_identify(src/pallet_align) by extensions ['ros']
[1.083s] Level 1:colcon.colcon_core.package_identification:_identify(src/pallet_align) by extension 'ros'
[1.085s] DEBUG:colcon.colcon_core.package_identification:Package 'src/pallet_align' with type 'ros.ament_python' and name 'pallet_align'
[1.086s] Level 1:colcon.colcon_core.package_identification:_identify(src/realsense-ros) by extensions ['ignore', 'ignore_ament_install']
[1.086s] Level 1:colcon.colcon_core.package_identification:_identify(src/realsense-ros) by extension 'ignore'
[1.086s] Level 1:colcon.colcon_core.package_identification:_identify(src/realsense-ros) by extension 'ignore_ament_install'
[1.086s] Level 1:colcon.colcon_core.package_identification:_identify(src/realsense-ros) by extensions ['colcon_pkg']
[1.086s] Level 1:colcon.colcon_core.package_identification:_identify(src/realsense-ros) by extension 'colcon_pkg'
[1.087s] Level 1:colcon.colcon_core.package_identification:_identify(src/realsense-ros) by extensions ['colcon_meta']
[1.087s] Level 1:colcon.colcon_core.package_identification:_identify(src/realsense-ros) by extension 'colcon_meta'
[1.087s] Level 1:colcon.colcon_core.package_identification:_identify(src/realsense-ros) by extensions ['ros']
[1.087s] Level 1:colcon.colcon_core.package_identification:_identify(src/realsense-ros) by extension 'ros'
[1.087s] Level 1:colcon.colcon_core.package_identification:_identify(src/realsense-ros) by extensions ['cmake', 'python']
[1.087s] Level 1:colcon.colcon_core.package_identification:_identify(src/realsense-ros) by extension 'cmake'
[1.087s] Level 1:colcon.colcon_core.package_identification:_identify(src/realsense-ros) by extension 'python'
[1.087s] Level 1:colcon.colcon_core.package_identification:_identify(src/realsense-ros) by extensions ['python_setup_py']
[1.087s] Level 1:colcon.colcon_core.package_identification:_identify(src/realsense-ros) by extension 'python_setup_py'
[1.088s] Level 1:colcon.colcon_core.package_identification:_identify(src/realsense-ros/realsense2_camera) by extensions ['ignore', 'ignore_ament_install']
[1.088s] Level 1:colcon.colcon_core.package_identification:_identify(src/realsense-ros/realsense2_camera) by extension 'ignore'
[1.088s] Level 1:colcon.colcon_core.package_identification:_identify(src/realsense-ros/realsense2_camera) by extension 'ignore_ament_install'
[1.088s] Level 1:colcon.colcon_core.package_identification:_identify(src/realsense-ros/realsense2_camera) by extensions ['colcon_pkg']
[1.088s] Level 1:colcon.colcon_core.package_identification:_identify(src/realsense-ros/realsense2_camera) by extension 'colcon_pkg'
[1.088s] Level 1:colcon.colcon_core.package_identification:_identify(src/realsense-ros/realsense2_camera) by extensions ['colcon_meta']
[1.089s] Level 1:colcon.colcon_core.package_identification:_identify(src/realsense-ros/realsense2_camera) by extension 'colcon_meta'
[1.089s] Level 1:colcon.colcon_core.package_identification:_identify(src/realsense-ros/realsense2_camera) by extensions ['ros']
[1.089s] Level 1:colcon.colcon_core.package_identification:_identify(src/realsense-ros/realsense2_camera) by extension 'ros'
[1.103s] DEBUG:colcon.colcon_core.package_identification:Package 'src/realsense-ros/realsense2_camera' with type 'ros.ament_cmake' and name 'realsense2_camera'
[1.103s] Level 1:colcon.colcon_core.package_identification:_identify(src/realsense-ros/realsense2_camera_msgs) by extensions ['ignore', 'ignore_ament_install']
[1.104s] Level 1:colcon.colcon_core.package_identification:_identify(src/realsense-ros/realsense2_camera_msgs) by extension 'ignore'
[1.104s] Level 1:colcon.colcon_core.package_identification:_identify(src/realsense-ros/realsense2_camera_msgs) by extension 'ignore_ament_install'
[1.104s] Level 1:colcon.colcon_core.package_identification:_identify(src/realsense-ros/realsense2_camera_msgs) by extensions ['colcon_pkg']
[1.104s] Level 1:colcon.colcon_core.package_identification:_identify(src/realsense-ros/realsense2_camera_msgs) by extension 'colcon_pkg'
[1.104s] Level 1:colcon.colcon_core.package_identification:_identify(src/realsense-ros/realsense2_camera_msgs) by extensions ['colcon_meta']
[1.104s] Level 1:colcon.colcon_core.package_identification:_identify(src/realsense-ros/realsense2_camera_msgs) by extension 'colcon_meta'
[1.104s] Level 1:colcon.colcon_core.package_identification:_identify(src/realsense-ros/realsense2_camera_msgs) by extensions ['ros']
[1.105s] Level 1:colcon.colcon_core.package_identification:_identify(src/realsense-ros/realsense2_camera_msgs) by extension 'ros'
[1.106s] DEBUG:colcon.colcon_core.package_identification:Package 'src/realsense-ros/realsense2_camera_msgs' with type 'ros.ament_cmake' and name 'realsense2_camera_msgs'
[1.107s] Level 1:colcon.colcon_core.package_identification:_identify(src/realsense-ros/realsense2_description) by extensions ['ignore', 'ignore_ament_install']
[1.107s] Level 1:colcon.colcon_core.package_identification:_identify(src/realsense-ros/realsense2_description) by extension 'ignore'
[1.107s] Level 1:colcon.colcon_core.package_identification:_identify(src/realsense-ros/realsense2_description) by extension 'ignore_ament_install'
[1.107s] Level 1:colcon.colcon_core.package_identification:_identify(src/realsense-ros/realsense2_description) by extensions ['colcon_pkg']
[1.107s] Level 1:colcon.colcon_core.package_identification:_identify(src/realsense-ros/realsense2_description) by extension 'colcon_pkg'
[1.107s] Level 1:colcon.colcon_core.package_identification:_identify(src/realsense-ros/realsense2_description) by extensions ['colcon_meta']
[1.108s] Level 1:colcon.colcon_core.package_identification:_identify(src/realsense-ros/realsense2_description) by extension 'colcon_meta'
[1.108s] Level 1:colcon.colcon_core.package_identification:_identify(src/realsense-ros/realsense2_description) by extensions ['ros']
[1.108s] Level 1:colcon.colcon_core.package_identification:_identify(src/realsense-ros/realsense2_description) by extension 'ros'
[1.110s] DEBUG:colcon.colcon_core.package_identification:Package 'src/realsense-ros/realsense2_description' with type 'ros.ament_cmake' and name 'realsense2_description'
[1.110s] Level 1:colcon.colcon_core.package_identification:_identify(src/realsense-ros/scripts) by extensions ['ignore', 'ignore_ament_install']
[1.110s] Level 1:colcon.colcon_core.package_identification:_identify(src/realsense-ros/scripts) by extension 'ignore'
[1.110s] Level 1:colcon.colcon_core.package_identification:_identify(src/realsense-ros/scripts) by extension 'ignore_ament_install'
[1.111s] Level 1:colcon.colcon_core.package_identification:_identify(src/realsense-ros/scripts) by extensions ['colcon_pkg']
[1.111s] Level 1:colcon.colcon_core.package_identification:_identify(src/realsense-ros/scripts) by extension 'colcon_pkg'
[1.111s] Level 1:colcon.colcon_core.package_identification:_identify(src/realsense-ros/scripts) by extensions ['colcon_meta']
[1.111s] Level 1:colcon.colcon_core.package_identification:_identify(src/realsense-ros/scripts) by extension 'colcon_meta'
[1.111s] Level 1:colcon.colcon_core.package_identification:_identify(src/realsense-ros/scripts) by extensions ['ros']
[1.111s] Level 1:colcon.colcon_core.package_identification:_identify(src/realsense-ros/scripts) by extension 'ros'
[1.111s] Level 1:colcon.colcon_core.package_identification:_identify(src/realsense-ros/scripts) by extensions ['cmake', 'python']
[1.111s] Level 1:colcon.colcon_core.package_identification:_identify(src/realsense-ros/scripts) by extension 'cmake'
[1.111s] Level 1:colcon.colcon_core.package_identification:_identify(src/realsense-ros/scripts) by extension 'python'
[1.112s] Level 1:colcon.colcon_core.package_identification:_identify(src/realsense-ros/scripts) by extensions ['python_setup_py']
[1.112s] Level 1:colcon.colcon_core.package_identification:_identify(src/realsense-ros/scripts) by extension 'python_setup_py'
[1.112s] Level 1:colcon.colcon_core.package_identification:_identify(src/sllidar_ros2) by extensions ['ignore', 'ignore_ament_install']
[1.112s] Level 1:colcon.colcon_core.package_identification:_identify(src/sllidar_ros2) by extension 'ignore'
[1.112s] Level 1:colcon.colcon_core.package_identification:_identify(src/sllidar_ros2) by extension 'ignore_ament_install'
[1.112s] Level 1:colcon.colcon_core.package_identification:_identify(src/sllidar_ros2) by extensions ['colcon_pkg']
[1.113s] Level 1:colcon.colcon_core.package_identification:_identify(src/sllidar_ros2) by extension 'colcon_pkg'
[1.113s] Level 1:colcon.colcon_core.package_identification:_identify(src/sllidar_ros2) by extensions ['colcon_meta']
[1.113s] Level 1:colcon.colcon_core.package_identification:_identify(src/sllidar_ros2) by extension 'colcon_meta'
[1.113s] Level 1:colcon.colcon_core.package_identification:_identify(src/sllidar_ros2) by extensions ['ros']
[1.113s] Level 1:colcon.colcon_core.package_identification:_identify(src/sllidar_ros2) by extension 'ros'
[1.115s] DEBUG:colcon.colcon_core.package_identification:Package 'src/sllidar_ros2' with type 'ros.ament_cmake' and name 'sllidar_ros2'
[1.116s] Level 1:colcon.colcon_core.package_identification:_identify(src/static_tf_broadcaster) by extensions ['ignore', 'ignore_ament_install']
[1.116s] Level 1:colcon.colcon_core.package_identification:_identify(src/static_tf_broadcaster) by extension 'ignore'
[1.116s] Level 1:colcon.colcon_core.package_identification:_identify(src/static_tf_broadcaster) by extension 'ignore_ament_install'
[1.116s] Level 1:colcon.colcon_core.package_identification:_identify(src/static_tf_broadcaster) by extensions ['colcon_pkg']
[1.116s] Level 1:colcon.colcon_core.package_identification:_identify(src/static_tf_broadcaster) by extension 'colcon_pkg'
[1.117s] Level 1:colcon.colcon_core.package_identification:_identify(src/static_tf_broadcaster) by extensions ['colcon_meta']
[1.117s] Level 1:colcon.colcon_core.package_identification:_identify(src/static_tf_broadcaster) by extension 'colcon_meta'
[1.117s] Level 1:colcon.colcon_core.package_identification:_identify(src/static_tf_broadcaster) by extensions ['ros']
[1.117s] Level 1:colcon.colcon_core.package_identification:_identify(src/static_tf_broadcaster) by extension 'ros'
[1.119s] DEBUG:colcon.colcon_core.package_identification:Package 'src/static_tf_broadcaster' with type 'ros.ament_python' and name 'static_tf_broadcaster'
[1.119s] Level 1:colcon.colcon_core.package_identification:_identify(src/tgt_nav) by extensions ['ignore', 'ignore_ament_install']
[1.119s] Level 1:colcon.colcon_core.package_identification:_identify(src/tgt_nav) by extension 'ignore'
[1.119s] Level 1:colcon.colcon_core.package_identification:_identify(src/tgt_nav) by extension 'ignore_ament_install'
[1.120s] Level 1:colcon.colcon_core.package_identification:_identify(src/tgt_nav) by extensions ['colcon_pkg']
[1.120s] Level 1:colcon.colcon_core.package_identification:_identify(src/tgt_nav) by extension 'colcon_pkg'
[1.120s] Level 1:colcon.colcon_core.package_identification:_identify(src/tgt_nav) by extensions ['colcon_meta']
[1.120s] Level 1:colcon.colcon_core.package_identification:_identify(src/tgt_nav) by extension 'colcon_meta'
[1.120s] Level 1:colcon.colcon_core.package_identification:_identify(src/tgt_nav) by extensions ['ros']
[1.120s] Level 1:colcon.colcon_core.package_identification:_identify(src/tgt_nav) by extension 'ros'
[1.122s] DEBUG:colcon.colcon_core.package_identification:Package 'src/tgt_nav' with type 'ros.ament_python' and name 'tgt_nav'
[1.122s] Level 1:colcon.colcon_core.package_discovery:discover_packages(recursive) using defaults
[1.123s] Level 1:colcon.colcon_core.package_discovery:discover_packages(ignore) discover
[1.123s] Level 1:colcon.colcon_core.package_discovery:discover_packages(ignore) using defaults
[1.123s] Level 1:colcon.colcon_core.package_discovery:discover_packages(path) discover
[1.123s] Level 1:colcon.colcon_core.package_discovery:discover_packages(path) using defaults
[1.271s] INFO:colcon.colcon_core.package_selection:Skipping not selected package 'encoder_imu_ekf' in 'src/encoder_imu_ekf'
[1.271s] INFO:colcon.colcon_core.package_selection:Skipping not selected package 'librealsense2' in 'librealsense'
[1.272s] INFO:colcon.colcon_core.package_selection:Skipping not selected package 'motor_control' in 'src/motor_control'
[1.272s] INFO:colcon.colcon_core.package_selection:Skipping not selected package 'move_nav' in 'src/move_nav'
[1.272s] INFO:colcon.colcon_core.package_selection:Skipping not selected package 'my_robot_description' in 'src/my_robot_description'
[1.273s] INFO:colcon.colcon_core.package_selection:Skipping not selected package 'pallet_align' in 'src/pallet_align'
[1.273s] INFO:colcon.colcon_core.package_selection:Skipping not selected package 'realsense2_camera_msgs' in 'src/realsense-ros/realsense2_camera_msgs'
[1.273s] INFO:colcon.colcon_core.package_selection:Skipping not selected package 'sllidar_ros2' in 'src/sllidar_ros2'
[1.273s] INFO:colcon.colcon_core.package_selection:Skipping not selected package 'static_tf_broadcaster' in 'src/static_tf_broadcaster'
[1.274s] INFO:colcon.colcon_core.package_selection:Skipping not selected package 'tgt_nav' in 'src/tgt_nav'
[1.274s] INFO:colcon.colcon_core.package_selection:Skipping not selected package 'realsense2_camera' in 'src/realsense-ros/realsense2_camera'
[1.274s] INFO:colcon.colcon_core.package_selection:Skipping not selected package 'realsense2_description' in 'src/realsense-ros/realsense2_description'
[1.277s] Level 1:colcon.colcon_core.package_discovery:discover_packages(prefix_path) check parameters
[1.278s] Level 1:colcon.colcon_core.package_discovery:discover_packages(prefix_path) discover
[1.288s] DEBUG:colcon.colcon_installed_package_information.package_discovery:Found 11 installed packages in /home/jaeseok/ros2_ws/install
[1.292s] DEBUG:colcon.colcon_installed_package_information.package_discovery:Found 320 installed packages in /opt/ros/humble
[1.296s] Level 1:colcon.colcon_core.package_discovery:discover_packages(prefix_path) using defaults
[1.409s] Level 5:colcon.colcon_core.verb:set package 'esp_serial' build argument 'cmake_args' from command line to 'None'
[1.410s] Level 5:colcon.colcon_core.verb:set package 'esp_serial' build argument 'cmake_target' from command line to 'None'
[1.410s] Level 5:colcon.colcon_core.verb:set package 'esp_serial' build argument 'cmake_target_skip_unavailable' from command line to 'False'
[1.410s] Level 5:colcon.colcon_core.verb:set package 'esp_serial' build argument 'cmake_clean_cache' from command line to 'False'
[1.410s] Level 5:colcon.colcon_core.verb:set package 'esp_serial' build argument 'cmake_clean_first' from command line to 'False'
[1.410s] Level 5:colcon.colcon_core.verb:set package 'esp_serial' build argument 'cmake_force_configure' from command line to 'False'
[1.410s] Level 5:colcon.colcon_core.verb:set package 'esp_serial' build argument 'ament_cmake_args' from command line to 'None'
[1.410s] Level 5:colcon.colcon_core.verb:set package 'esp_serial' build argument 'catkin_cmake_args' from command line to 'None'
[1.410s] Level 5:colcon.colcon_core.verb:set package 'esp_serial' build argument 'catkin_skip_building_tests' from command line to 'False'
[1.410s] DEBUG:colcon.colcon_core.verb:Building package 'esp_serial' with the following arguments: {'ament_cmake_args': None, 'build_base': '/home/jaeseok/ros2_ws/build/esp_serial', 'catkin_cmake_args': None, 'catkin_skip_building_tests': False, 'cmake_args': None, 'cmake_clean_cache': False, 'cmake_clean_first': False, 'cmake_force_configure': False, 'cmake_target': None, 'cmake_target_skip_unavailable': False, 'install_base': '/home/jaeseok/ros2_ws/install/esp_serial', 'merge_install': False, 'path': '/home/jaeseok/ros2_ws/src/esp_serial', 'symlink_install': False, 'test_result_base': None}
[1.411s] INFO:colcon.colcon_core.executor:Executing jobs using 'parallel' executor
[1.415s] DEBUG:colcon.colcon_parallel_executor.executor.parallel:run_until_complete
[1.416s] INFO:colcon.colcon_ros.task.ament_python.build:Building ROS package in '/home/jaeseok/ros2_ws/src/esp_serial' with build type 'ament_python'
[1.416s] Level 1:colcon.colcon_core.shell:create_environment_hook('esp_serial', 'ament_prefix_path')
[1.427s] INFO:colcon.colcon_core.plugin_system:Skipping extension 'colcon_core.shell.bat': Not used on non-Windows systems
[1.428s] INFO:colcon.colcon_core.shell:Creating environment hook '/home/jaeseok/ros2_ws/install/esp_serial/share/esp_serial/hook/ament_prefix_path.ps1'
[1.431s] INFO:colcon.colcon_core.shell:Creating environment descriptor '/home/jaeseok/ros2_ws/install/esp_serial/share/esp_serial/hook/ament_prefix_path.dsv'
[1.433s] INFO:colcon.colcon_core.shell:Creating environment hook '/home/jaeseok/ros2_ws/install/esp_serial/share/esp_serial/hook/ament_prefix_path.sh'
[1.436s] INFO:colcon.colcon_core.shell:Skip shell extension 'powershell' for command environment: Not usable outside of PowerShell
[1.436s] DEBUG:colcon.colcon_core.shell:Skip shell extension 'dsv' for command environment
[2.202s] INFO:colcon.colcon_core.task.python.build:Building Python package in '/home/jaeseok/ros2_ws/src/esp_serial'
[2.203s] INFO:colcon.colcon_core.shell:Skip shell extension 'powershell' for command environment: Not usable outside of PowerShell
[2.203s] DEBUG:colcon.colcon_core.shell:Skip shell extension 'dsv' for command environment
[3.337s] DEBUG:colcon.colcon_core.event_handler.log_command:Invoking command in '/home/jaeseok/ros2_ws/src/esp_serial': PYTHONPATH=/home/jaeseok/ros2_ws/build/esp_serial/prefix_override:/usr/lib/python3/dist-packages/colcon_core/task/python/colcon_distutils_commands:/home/jaeseok/ros2_ws/install/esp_serial/lib/python3.10/site-packages:${PYTHONPATH} /usr/bin/python3 -W ignore:setup.py install is deprecated -W ignore:easy_install command is deprecated setup.py egg_info --egg-base ../../build/esp_serial build --build-base /home/jaeseok/ros2_ws/build/esp_serial/build install --record /home/jaeseok/ros2_ws/build/esp_serial/install.log --single-version-externally-managed install_data
[4.166s] DEBUG:colcon.colcon_core.event_handler.log_command:Invoked command in '/home/jaeseok/ros2_ws/src/esp_serial' returned '0': PYTHONPATH=/home/jaeseok/ros2_ws/build/esp_serial/prefix_override:/usr/lib/python3/dist-packages/colcon_core/task/python/colcon_distutils_commands:/home/jaeseok/ros2_ws/install/esp_serial/lib/python3.10/site-packages:${PYTHONPATH} /usr/bin/python3 -W ignore:setup.py install is deprecated -W ignore:easy_install command is deprecated setup.py egg_info --egg-base ../../build/esp_serial build --build-base /home/jaeseok/ros2_ws/build/esp_serial/build install --record /home/jaeseok/ros2_ws/build/esp_serial/install.log --single-version-externally-managed install_data
[4.177s] Level 1:colcon.colcon_core.environment:checking '/home/jaeseok/ros2_ws/install/esp_serial' for CMake module files
[4.179s] Level 1:colcon.colcon_core.environment:checking '/home/jaeseok/ros2_ws/install/esp_serial' for CMake config files
[4.185s] Level 1:colcon.colcon_core.environment:checking '/home/jaeseok/ros2_ws/install/esp_serial/lib'
[4.187s] Level 1:colcon.colcon_core.environment:checking '/home/jaeseok/ros2_ws/install/esp_serial/bin'
[4.187s] Level 1:colcon.colcon_core.environment:checking '/home/jaeseok/ros2_ws/install/esp_serial/lib/pkgconfig/esp_serial.pc'
[4.188s] Level 1:colcon.colcon_core.environment:checking '/home/jaeseok/ros2_ws/install/esp_serial/lib/python3.10/site-packages'
[4.189s] Level 1:colcon.colcon_core.shell:create_environment_hook('esp_serial', 'pythonpath')
[4.190s] INFO:colcon.colcon_core.shell:Creating environment hook '/home/jaeseok/ros2_ws/install/esp_serial/share/esp_serial/hook/pythonpath.ps1'
[4.194s] INFO:colcon.colcon_core.shell:Creating environment descriptor '/home/jaeseok/ros2_ws/install/esp_serial/share/esp_serial/hook/pythonpath.dsv'
[4.197s] INFO:colcon.colcon_core.shell:Creating environment hook '/home/jaeseok/ros2_ws/install/esp_serial/share/esp_serial/hook/pythonpath.sh'
[4.199s] Level 1:colcon.colcon_core.environment:checking '/home/jaeseok/ros2_ws/install/esp_serial/bin'
[4.200s] Level 1:colcon.colcon_core.environment:create_environment_scripts_only(esp_serial)
[4.201s] INFO:colcon.colcon_core.shell:Creating package script '/home/jaeseok/ros2_ws/install/esp_serial/share/esp_serial/package.ps1'
[4.205s] INFO:colcon.colcon_core.shell:Creating package descriptor '/home/jaeseok/ros2_ws/install/esp_serial/share/esp_serial/package.dsv'
[4.209s] INFO:colcon.colcon_core.shell:Creating package script '/home/jaeseok/ros2_ws/install/esp_serial/share/esp_serial/package.sh'
[4.214s] INFO:colcon.colcon_core.shell:Creating package script '/home/jaeseok/ros2_ws/install/esp_serial/share/esp_serial/package.bash'
[4.218s] INFO:colcon.colcon_core.shell:Creating package script '/home/jaeseok/ros2_ws/install/esp_serial/share/esp_serial/package.zsh'
[4.222s] Level 1:colcon.colcon_core.environment:create_file_with_runtime_dependencies(/home/jaeseok/ros2_ws/install/esp_serial/share/colcon-core/packages/esp_serial)
[4.223s] DEBUG:colcon.colcon_parallel_executor.executor.parallel:closing loop
[4.226s] DEBUG:colcon.colcon_parallel_executor.executor.parallel:loop closed
[4.226s] DEBUG:colcon.colcon_parallel_executor.executor.parallel:run_until_complete finished with '0'
[4.227s] DEBUG:colcon.colcon_core.event_reactor:joining thread
[4.246s] INFO:colcon.colcon_core.plugin_system:Skipping extension 'colcon_notification.desktop_notification.terminal_notifier': Not used on non-Darwin systems
[4.246s] INFO:colcon.colcon_core.plugin_system:Skipping extension 'colcon_notification.desktop_notification.win32': Not used on non-Windows systems
[4.247s] INFO:colcon.colcon_notification.desktop_notification:Sending desktop notification using 'notify2'
[4.469s] DEBUG:colcon.colcon_core.event_reactor:joined thread
[4.470s] INFO:colcon.colcon_core.shell:Creating prefix script '/home/jaeseok/ros2_ws/install/local_setup.ps1'
[4.476s] INFO:colcon.colcon_core.shell:Creating prefix util module '/home/jaeseok/ros2_ws/install/_local_setup_util_ps1.py'
[4.481s] INFO:colcon.colcon_core.shell:Creating prefix chain script '/home/jaeseok/ros2_ws/install/setup.ps1'
[4.486s] INFO:colcon.colcon_core.shell:Creating prefix script '/home/jaeseok/ros2_ws/install/local_setup.sh'
[4.489s] INFO:colcon.colcon_core.shell:Creating prefix util module '/home/jaeseok/ros2_ws/install/_local_setup_util_sh.py'
[4.491s] INFO:colcon.colcon_core.shell:Creating prefix chain script '/home/jaeseok/ros2_ws/install/setup.sh'
[4.496s] INFO:colcon.colcon_core.shell:Creating prefix script '/home/jaeseok/ros2_ws/install/local_setup.bash'
[4.498s] INFO:colcon.colcon_core.shell:Creating prefix chain script '/home/jaeseok/ros2_ws/install/setup.bash'
[4.503s] INFO:colcon.colcon_core.shell:Creating prefix script '/home/jaeseok/ros2_ws/install/local_setup.zsh'
[4.506s] INFO:colcon.colcon_core.shell:Creating prefix chain script '/home/jaeseok/ros2_ws/install/setup.zsh'
