[0.390s] DEBUG:colcon:Command line arguments: ['/usr/bin/colcon', 'build', '--symlink-install', '--packages-select', 'pallet_align']
[0.390s] DEBUG:colcon:Parsed command line arguments: Namespace(log_base=None, log_level=None, verb_name='build', build_base='build', install_base='install', merge_install=False, symlink_install=True, test_result_base=None, continue_on_error=False, executor='parallel', parallel_workers=6, event_handlers=None, ignore_user_meta=False, metas=['./colcon.meta'], base_paths=['.'], packages_ignore=None, packages_ignore_regex=None, paths=None, packages_up_to=None, packages_up_to_regex=None, packages_above=None, packages_above_and_dependencies=None, packages_above_depth=None, packages_select_by_dep=None, packages_skip_by_dep=None, packages_skip_up_to=None, packages_select_build_failed=False, packages_skip_build_finished=False, packages_select_test_failures=False, packages_skip_test_passed=False, packages_select=['pallet_align'], packages_skip=None, packages_select_regex=None, packages_skip_regex=None, packages_start=None, packages_end=None, allow_overriding=[], cmake_args=None, cmake_target=None, cmake_target_skip_unavailable=False, cmake_clean_cache=False, cmake_clean_first=False, cmake_force_configure=False, ament_cmake_args=None, catkin_cmake_args=None, catkin_skip_building_tests=False, verb_parser=<colcon_defaults.argument_parser.defaults.DefaultArgumentsDecorator object at 0xffffa9edca60>, verb_extension=<colcon_core.verb.build.BuildVerb object at 0xffffa9edc4f0>, main=<bound method BuildVerb.main of <colcon_core.verb.build.BuildVerb object at 0xffffa9edc4f0>>)
[1.038s] Level 1:colcon.colcon_core.package_discovery:discover_packages(colcon_meta) check parameters
[1.039s] Level 1:colcon.colcon_core.package_discovery:discover_packages(recursive) check parameters
[1.039s] Level 1:colcon.colcon_core.package_discovery:discover_packages(ignore) check parameters
[1.039s] Level 1:colcon.colcon_core.package_discovery:discover_packages(path) check parameters
[1.039s] Level 1:colcon.colcon_core.package_discovery:discover_packages(colcon_meta) discover
[1.039s] Level 1:colcon.colcon_core.package_discovery:discover_packages(recursive) discover
[1.040s] INFO:colcon.colcon_core.package_discovery:Crawling recursively for packages in '/home/jaeseok/ros2_ws'
[1.040s] Level 1:colcon.colcon_core.package_identification:_identify(.) by extensions ['ignore', 'ignore_ament_install']
[1.040s] Level 1:colcon.colcon_core.package_identification:_identify(.) by extension 'ignore'
[1.040s] Level 1:colcon.colcon_core.package_identification:_identify(.) by extension 'ignore_ament_install'
[1.041s] Level 1:colcon.colcon_core.package_identification:_identify(.) by extensions ['colcon_pkg']
[1.041s] Level 1:colcon.colcon_core.package_identification:_identify(.) by extension 'colcon_pkg'
[1.041s] Level 1:colcon.colcon_core.package_identification:_identify(.) by extensions ['colcon_meta']
[1.041s] Level 1:colcon.colcon_core.package_identification:_identify(.) by extension 'colcon_meta'
[1.041s] Level 1:colcon.colcon_core.package_identification:_identify(.) by extensions ['ros']
[1.041s] Level 1:colcon.colcon_core.package_identification:_identify(.) by extension 'ros'
[1.074s] Level 1:colcon.colcon_core.package_identification:_identify(.) by extensions ['cmake', 'python']
[1.075s] Level 1:colcon.colcon_core.package_identification:_identify(.) by extension 'cmake'
[1.075s] Level 1:colcon.colcon_core.package_identification:_identify(.) by extension 'python'
[1.075s] Level 1:colcon.colcon_core.package_identification:_identify(.) by extensions ['python_setup_py']
[1.075s] Level 1:colcon.colcon_core.package_identification:_identify(.) by extension 'python_setup_py'
[1.075s] Level 1:colcon.colcon_core.package_identification:_identify(build) by extensions ['ignore', 'ignore_ament_install']
[1.076s] Level 1:colcon.colcon_core.package_identification:_identify(build) by extension 'ignore'
[1.076s] Level 1:colcon.colcon_core.package_identification:_identify(build) ignored
[1.076s] Level 1:colcon.colcon_core.package_identification:_identify(install) by extensions ['ignore', 'ignore_ament_install']
[1.076s] Level 1:colcon.colcon_core.package_identification:_identify(install) by extension 'ignore'
[1.077s] Level 1:colcon.colcon_core.package_identification:_identify(install) ignored
[1.077s] Level 1:colcon.colcon_core.package_identification:_identify(librealsense) by extensions ['ignore', 'ignore_ament_install']
[1.077s] Level 1:colcon.colcon_core.package_identification:_identify(librealsense) by extension 'ignore'
[1.077s] Level 1:colcon.colcon_core.package_identification:_identify(librealsense) by extension 'ignore_ament_install'
[1.077s] Level 1:colcon.colcon_core.package_identification:_identify(librealsense) by extensions ['colcon_pkg']
[1.077s] Level 1:colcon.colcon_core.package_identification:_identify(librealsense) by extension 'colcon_pkg'
[1.078s] Level 1:colcon.colcon_core.package_identification:_identify(librealsense) by extensions ['colcon_meta']
[1.078s] Level 1:colcon.colcon_core.package_identification:_identify(librealsense) by extension 'colcon_meta'
[1.078s] Level 1:colcon.colcon_core.package_identification:_identify(librealsense) by extensions ['ros']
[1.078s] Level 1:colcon.colcon_core.package_identification:_identify(librealsense) by extension 'ros'
[1.088s] DEBUG:colcon.colcon_core.package_identification:Package 'librealsense' with type 'ros.cmake' and name 'librealsense2'
[1.088s] Level 1:colcon.colcon_core.package_identification:_identify(log) by extensions ['ignore', 'ignore_ament_install']
[1.089s] Level 1:colcon.colcon_core.package_identification:_identify(log) by extension 'ignore'
[1.089s] Level 1:colcon.colcon_core.package_identification:_identify(log) ignored
[1.089s] Level 1:colcon.colcon_core.package_identification:_identify(parameter) by extensions ['ignore', 'ignore_ament_install']
[1.089s] Level 1:colcon.colcon_core.package_identification:_identify(parameter) by extension 'ignore'
[1.089s] Level 1:colcon.colcon_core.package_identification:_identify(parameter) by extension 'ignore_ament_install'
[1.090s] Level 1:colcon.colcon_core.package_identification:_identify(parameter) by extensions ['colcon_pkg']
[1.090s] Level 1:colcon.colcon_core.package_identification:_identify(parameter) by extension 'colcon_pkg'
[1.090s] Level 1:colcon.colcon_core.package_identification:_identify(parameter) by extensions ['colcon_meta']
[1.090s] Level 1:colcon.colcon_core.package_identification:_identify(parameter) by extension 'colcon_meta'
[1.090s] Level 1:colcon.colcon_core.package_identification:_identify(parameter) by extensions ['ros']
[1.090s] Level 1:colcon.colcon_core.package_identification:_identify(parameter) by extension 'ros'
[1.090s] Level 1:colcon.colcon_core.package_identification:_identify(parameter) by extensions ['cmake', 'python']
[1.091s] Level 1:colcon.colcon_core.package_identification:_identify(parameter) by extension 'cmake'
[1.091s] Level 1:colcon.colcon_core.package_identification:_identify(parameter) by extension 'python'
[1.091s] Level 1:colcon.colcon_core.package_identification:_identify(parameter) by extensions ['python_setup_py']
[1.091s] Level 1:colcon.colcon_core.package_identification:_identify(parameter) by extension 'python_setup_py'
[1.091s] Level 1:colcon.colcon_core.package_identification:_identify(src) by extensions ['ignore', 'ignore_ament_install']
[1.091s] Level 1:colcon.colcon_core.package_identification:_identify(src) by extension 'ignore'
[1.091s] Level 1:colcon.colcon_core.package_identification:_identify(src) by extension 'ignore_ament_install'
[1.092s] Level 1:colcon.colcon_core.package_identification:_identify(src) by extensions ['colcon_pkg']
[1.092s] Level 1:colcon.colcon_core.package_identification:_identify(src) by extension 'colcon_pkg'
[1.092s] Level 1:colcon.colcon_core.package_identification:_identify(src) by extensions ['colcon_meta']
[1.092s] Level 1:colcon.colcon_core.package_identification:_identify(src) by extension 'colcon_meta'
[1.092s] Level 1:colcon.colcon_core.package_identification:_identify(src) by extensions ['ros']
[1.092s] Level 1:colcon.colcon_core.package_identification:_identify(src) by extension 'ros'
[1.092s] Level 1:colcon.colcon_core.package_identification:_identify(src) by extensions ['cmake', 'python']
[1.092s] Level 1:colcon.colcon_core.package_identification:_identify(src) by extension 'cmake'
[1.093s] Level 1:colcon.colcon_core.package_identification:_identify(src) by extension 'python'
[1.093s] Level 1:colcon.colcon_core.package_identification:_identify(src) by extensions ['python_setup_py']
[1.093s] Level 1:colcon.colcon_core.package_identification:_identify(src) by extension 'python_setup_py'
[1.093s] Level 1:colcon.colcon_core.package_identification:_identify(src/build) by extensions ['ignore', 'ignore_ament_install']
[1.093s] Level 1:colcon.colcon_core.package_identification:_identify(src/build) by extension 'ignore'
[1.093s] Level 1:colcon.colcon_core.package_identification:_identify(src/build) ignored
[1.094s] Level 1:colcon.colcon_core.package_identification:_identify(src/encoder_imu_ekf) by extensions ['ignore', 'ignore_ament_install']
[1.094s] Level 1:colcon.colcon_core.package_identification:_identify(src/encoder_imu_ekf) by extension 'ignore'
[1.094s] Level 1:colcon.colcon_core.package_identification:_identify(src/encoder_imu_ekf) by extension 'ignore_ament_install'
[1.094s] Level 1:colcon.colcon_core.package_identification:_identify(src/encoder_imu_ekf) by extensions ['colcon_pkg']
[1.094s] Level 1:colcon.colcon_core.package_identification:_identify(src/encoder_imu_ekf) by extension 'colcon_pkg'
[1.094s] Level 1:colcon.colcon_core.package_identification:_identify(src/encoder_imu_ekf) by extensions ['colcon_meta']
[1.094s] Level 1:colcon.colcon_core.package_identification:_identify(src/encoder_imu_ekf) by extension 'colcon_meta'
[1.094s] Level 1:colcon.colcon_core.package_identification:_identify(src/encoder_imu_ekf) by extensions ['ros']
[1.095s] Level 1:colcon.colcon_core.package_identification:_identify(src/encoder_imu_ekf) by extension 'ros'
[1.097s] DEBUG:colcon.colcon_core.package_identification:Package 'src/encoder_imu_ekf' with type 'ros.ament_python' and name 'encoder_imu_ekf'
[1.097s] Level 1:colcon.colcon_core.package_identification:_identify(src/esp_serial) by extensions ['ignore', 'ignore_ament_install']
[1.097s] Level 1:colcon.colcon_core.package_identification:_identify(src/esp_serial) by extension 'ignore'
[1.097s] Level 1:colcon.colcon_core.package_identification:_identify(src/esp_serial) by extension 'ignore_ament_install'
[1.097s] Level 1:colcon.colcon_core.package_identification:_identify(src/esp_serial) by extensions ['colcon_pkg']
[1.098s] Level 1:colcon.colcon_core.package_identification:_identify(src/esp_serial) by extension 'colcon_pkg'
[1.098s] Level 1:colcon.colcon_core.package_identification:_identify(src/esp_serial) by extensions ['colcon_meta']
[1.098s] Level 1:colcon.colcon_core.package_identification:_identify(src/esp_serial) by extension 'colcon_meta'
[1.098s] Level 1:colcon.colcon_core.package_identification:_identify(src/esp_serial) by extensions ['ros']
[1.098s] Level 1:colcon.colcon_core.package_identification:_identify(src/esp_serial) by extension 'ros'
[1.100s] DEBUG:colcon.colcon_core.package_identification:Package 'src/esp_serial' with type 'ros.ament_python' and name 'esp_serial'
[1.100s] Level 1:colcon.colcon_core.package_identification:_identify(src/install) by extensions ['ignore', 'ignore_ament_install']
[1.101s] Level 1:colcon.colcon_core.package_identification:_identify(src/install) by extension 'ignore'
[1.101s] Level 1:colcon.colcon_core.package_identification:_identify(src/install) ignored
[1.101s] Level 1:colcon.colcon_core.package_identification:_identify(src/log) by extensions ['ignore', 'ignore_ament_install']
[1.101s] Level 1:colcon.colcon_core.package_identification:_identify(src/log) by extension 'ignore'
[1.101s] Level 1:colcon.colcon_core.package_identification:_identify(src/log) ignored
[1.101s] Level 1:colcon.colcon_core.package_identification:_identify(src/motor_control) by extensions ['ignore', 'ignore_ament_install']
[1.102s] Level 1:colcon.colcon_core.package_identification:_identify(src/motor_control) by extension 'ignore'
[1.102s] Level 1:colcon.colcon_core.package_identification:_identify(src/motor_control) by extension 'ignore_ament_install'
[1.102s] Level 1:colcon.colcon_core.package_identification:_identify(src/motor_control) by extensions ['colcon_pkg']
[1.102s] Level 1:colcon.colcon_core.package_identification:_identify(src/motor_control) by extension 'colcon_pkg'
[1.102s] Level 1:colcon.colcon_core.package_identification:_identify(src/motor_control) by extensions ['colcon_meta']
[1.102s] Level 1:colcon.colcon_core.package_identification:_identify(src/motor_control) by extension 'colcon_meta'
[1.102s] Level 1:colcon.colcon_core.package_identification:_identify(src/motor_control) by extensions ['ros']
[1.103s] Level 1:colcon.colcon_core.package_identification:_identify(src/motor_control) by extension 'ros'
[1.104s] DEBUG:colcon.colcon_core.package_identification:Package 'src/motor_control' with type 'ros.ament_python' and name 'motor_control'
[1.105s] Level 1:colcon.colcon_core.package_identification:_identify(src/my_robot_description) by extensions ['ignore', 'ignore_ament_install']
[1.105s] Level 1:colcon.colcon_core.package_identification:_identify(src/my_robot_description) by extension 'ignore'
[1.105s] Level 1:colcon.colcon_core.package_identification:_identify(src/my_robot_description) by extension 'ignore_ament_install'
[1.105s] Level 1:colcon.colcon_core.package_identification:_identify(src/my_robot_description) by extensions ['colcon_pkg']
[1.105s] Level 1:colcon.colcon_core.package_identification:_identify(src/my_robot_description) by extension 'colcon_pkg'
[1.105s] Level 1:colcon.colcon_core.package_identification:_identify(src/my_robot_description) by extensions ['colcon_meta']
[1.106s] Level 1:colcon.colcon_core.package_identification:_identify(src/my_robot_description) by extension 'colcon_meta'
[1.106s] Level 1:colcon.colcon_core.package_identification:_identify(src/my_robot_description) by extensions ['ros']
[1.106s] Level 1:colcon.colcon_core.package_identification:_identify(src/my_robot_description) by extension 'ros'
[1.107s] DEBUG:colcon.colcon_core.package_identification:Package 'src/my_robot_description' with type 'ros.ament_cmake' and name 'my_robot_description'
[1.108s] Level 1:colcon.colcon_core.package_identification:_identify(src/pallet_align) by extensions ['ignore', 'ignore_ament_install']
[1.108s] Level 1:colcon.colcon_core.package_identification:_identify(src/pallet_align) by extension 'ignore'
[1.108s] Level 1:colcon.colcon_core.package_identification:_identify(src/pallet_align) by extension 'ignore_ament_install'
[1.108s] Level 1:colcon.colcon_core.package_identification:_identify(src/pallet_align) by extensions ['colcon_pkg']
[1.108s] Level 1:colcon.colcon_core.package_identification:_identify(src/pallet_align) by extension 'colcon_pkg'
[1.108s] Level 1:colcon.colcon_core.package_identification:_identify(src/pallet_align) by extensions ['colcon_meta']
[1.108s] Level 1:colcon.colcon_core.package_identification:_identify(src/pallet_align) by extension 'colcon_meta'
[1.109s] Level 1:colcon.colcon_core.package_identification:_identify(src/pallet_align) by extensions ['ros']
[1.109s] Level 1:colcon.colcon_core.package_identification:_identify(src/pallet_align) by extension 'ros'
[1.110s] DEBUG:colcon.colcon_core.package_identification:Package 'src/pallet_align' with type 'ros.ament_python' and name 'pallet_align'
[1.110s] Level 1:colcon.colcon_core.package_identification:_identify(src/realsense-ros) by extensions ['ignore', 'ignore_ament_install']
[1.111s] Level 1:colcon.colcon_core.package_identification:_identify(src/realsense-ros) by extension 'ignore'
[1.111s] Level 1:colcon.colcon_core.package_identification:_identify(src/realsense-ros) by extension 'ignore_ament_install'
[1.111s] Level 1:colcon.colcon_core.package_identification:_identify(src/realsense-ros) by extensions ['colcon_pkg']
[1.111s] Level 1:colcon.colcon_core.package_identification:_identify(src/realsense-ros) by extension 'colcon_pkg'
[1.111s] Level 1:colcon.colcon_core.package_identification:_identify(src/realsense-ros) by extensions ['colcon_meta']
[1.111s] Level 1:colcon.colcon_core.package_identification:_identify(src/realsense-ros) by extension 'colcon_meta'
[1.111s] Level 1:colcon.colcon_core.package_identification:_identify(src/realsense-ros) by extensions ['ros']
[1.112s] Level 1:colcon.colcon_core.package_identification:_identify(src/realsense-ros) by extension 'ros'
[1.112s] Level 1:colcon.colcon_core.package_identification:_identify(src/realsense-ros) by extensions ['cmake', 'python']
[1.112s] Level 1:colcon.colcon_core.package_identification:_identify(src/realsense-ros) by extension 'cmake'
[1.112s] Level 1:colcon.colcon_core.package_identification:_identify(src/realsense-ros) by extension 'python'
[1.112s] Level 1:colcon.colcon_core.package_identification:_identify(src/realsense-ros) by extensions ['python_setup_py']
[1.112s] Level 1:colcon.colcon_core.package_identification:_identify(src/realsense-ros) by extension 'python_setup_py'
[1.112s] Level 1:colcon.colcon_core.package_identification:_identify(src/realsense-ros/realsense2_camera) by extensions ['ignore', 'ignore_ament_install']
[1.113s] Level 1:colcon.colcon_core.package_identification:_identify(src/realsense-ros/realsense2_camera) by extension 'ignore'
[1.113s] Level 1:colcon.colcon_core.package_identification:_identify(src/realsense-ros/realsense2_camera) by extension 'ignore_ament_install'
[1.113s] Level 1:colcon.colcon_core.package_identification:_identify(src/realsense-ros/realsense2_camera) by extensions ['colcon_pkg']
[1.113s] Level 1:colcon.colcon_core.package_identification:_identify(src/realsense-ros/realsense2_camera) by extension 'colcon_pkg'
[1.113s] Level 1:colcon.colcon_core.package_identification:_identify(src/realsense-ros/realsense2_camera) by extensions ['colcon_meta']
[1.113s] Level 1:colcon.colcon_core.package_identification:_identify(src/realsense-ros/realsense2_camera) by extension 'colcon_meta'
[1.113s] Level 1:colcon.colcon_core.package_identification:_identify(src/realsense-ros/realsense2_camera) by extensions ['ros']
[1.113s] Level 1:colcon.colcon_core.package_identification:_identify(src/realsense-ros/realsense2_camera) by extension 'ros'
[1.127s] DEBUG:colcon.colcon_core.package_identification:Package 'src/realsense-ros/realsense2_camera' with type 'ros.ament_cmake' and name 'realsense2_camera'
[1.127s] Level 1:colcon.colcon_core.package_identification:_identify(src/realsense-ros/realsense2_camera_msgs) by extensions ['ignore', 'ignore_ament_install']
[1.128s] Level 1:colcon.colcon_core.package_identification:_identify(src/realsense-ros/realsense2_camera_msgs) by extension 'ignore'
[1.128s] Level 1:colcon.colcon_core.package_identification:_identify(src/realsense-ros/realsense2_camera_msgs) by extension 'ignore_ament_install'
[1.128s] Level 1:colcon.colcon_core.package_identification:_identify(src/realsense-ros/realsense2_camera_msgs) by extensions ['colcon_pkg']
[1.128s] Level 1:colcon.colcon_core.package_identification:_identify(src/realsense-ros/realsense2_camera_msgs) by extension 'colcon_pkg'
[1.128s] Level 1:colcon.colcon_core.package_identification:_identify(src/realsense-ros/realsense2_camera_msgs) by extensions ['colcon_meta']
[1.128s] Level 1:colcon.colcon_core.package_identification:_identify(src/realsense-ros/realsense2_camera_msgs) by extension 'colcon_meta'
[1.129s] Level 1:colcon.colcon_core.package_identification:_identify(src/realsense-ros/realsense2_camera_msgs) by extensions ['ros']
[1.129s] Level 1:colcon.colcon_core.package_identification:_identify(src/realsense-ros/realsense2_camera_msgs) by extension 'ros'
[1.131s] DEBUG:colcon.colcon_core.package_identification:Package 'src/realsense-ros/realsense2_camera_msgs' with type 'ros.ament_cmake' and name 'realsense2_camera_msgs'
[1.132s] Level 1:colcon.colcon_core.package_identification:_identify(src/realsense-ros/realsense2_description) by extensions ['ignore', 'ignore_ament_install']
[1.132s] Level 1:colcon.colcon_core.package_identification:_identify(src/realsense-ros/realsense2_description) by extension 'ignore'
[1.132s] Level 1:colcon.colcon_core.package_identification:_identify(src/realsense-ros/realsense2_description) by extension 'ignore_ament_install'
[1.132s] Level 1:colcon.colcon_core.package_identification:_identify(src/realsense-ros/realsense2_description) by extensions ['colcon_pkg']
[1.132s] Level 1:colcon.colcon_core.package_identification:_identify(src/realsense-ros/realsense2_description) by extension 'colcon_pkg'
[1.133s] Level 1:colcon.colcon_core.package_identification:_identify(src/realsense-ros/realsense2_description) by extensions ['colcon_meta']
[1.133s] Level 1:colcon.colcon_core.package_identification:_identify(src/realsense-ros/realsense2_description) by extension 'colcon_meta'
[1.133s] Level 1:colcon.colcon_core.package_identification:_identify(src/realsense-ros/realsense2_description) by extensions ['ros']
[1.133s] Level 1:colcon.colcon_core.package_identification:_identify(src/realsense-ros/realsense2_description) by extension 'ros'
[1.135s] DEBUG:colcon.colcon_core.package_identification:Package 'src/realsense-ros/realsense2_description' with type 'ros.ament_cmake' and name 'realsense2_description'
[1.135s] Level 1:colcon.colcon_core.package_identification:_identify(src/realsense-ros/scripts) by extensions ['ignore', 'ignore_ament_install']
[1.135s] Level 1:colcon.colcon_core.package_identification:_identify(src/realsense-ros/scripts) by extension 'ignore'
[1.136s] Level 1:colcon.colcon_core.package_identification:_identify(src/realsense-ros/scripts) by extension 'ignore_ament_install'
[1.136s] Level 1:colcon.colcon_core.package_identification:_identify(src/realsense-ros/scripts) by extensions ['colcon_pkg']
[1.136s] Level 1:colcon.colcon_core.package_identification:_identify(src/realsense-ros/scripts) by extension 'colcon_pkg'
[1.136s] Level 1:colcon.colcon_core.package_identification:_identify(src/realsense-ros/scripts) by extensions ['colcon_meta']
[1.136s] Level 1:colcon.colcon_core.package_identification:_identify(src/realsense-ros/scripts) by extension 'colcon_meta'
[1.136s] Level 1:colcon.colcon_core.package_identification:_identify(src/realsense-ros/scripts) by extensions ['ros']
[1.136s] Level 1:colcon.colcon_core.package_identification:_identify(src/realsense-ros/scripts) by extension 'ros'
[1.136s] Level 1:colcon.colcon_core.package_identification:_identify(src/realsense-ros/scripts) by extensions ['cmake', 'python']
[1.137s] Level 1:colcon.colcon_core.package_identification:_identify(src/realsense-ros/scripts) by extension 'cmake'
[1.137s] Level 1:colcon.colcon_core.package_identification:_identify(src/realsense-ros/scripts) by extension 'python'
[1.137s] Level 1:colcon.colcon_core.package_identification:_identify(src/realsense-ros/scripts) by extensions ['python_setup_py']
[1.137s] Level 1:colcon.colcon_core.package_identification:_identify(src/realsense-ros/scripts) by extension 'python_setup_py'
[1.137s] Level 1:colcon.colcon_core.package_identification:_identify(src/sllidar_ros2) by extensions ['ignore', 'ignore_ament_install']
[1.137s] Level 1:colcon.colcon_core.package_identification:_identify(src/sllidar_ros2) by extension 'ignore'
[1.137s] Level 1:colcon.colcon_core.package_identification:_identify(src/sllidar_ros2) by extension 'ignore_ament_install'
[1.138s] Level 1:colcon.colcon_core.package_identification:_identify(src/sllidar_ros2) by extensions ['colcon_pkg']
[1.138s] Level 1:colcon.colcon_core.package_identification:_identify(src/sllidar_ros2) by extension 'colcon_pkg'
[1.138s] Level 1:colcon.colcon_core.package_identification:_identify(src/sllidar_ros2) by extensions ['colcon_meta']
[1.138s] Level 1:colcon.colcon_core.package_identification:_identify(src/sllidar_ros2) by extension 'colcon_meta'
[1.138s] Level 1:colcon.colcon_core.package_identification:_identify(src/sllidar_ros2) by extensions ['ros']
[1.138s] Level 1:colcon.colcon_core.package_identification:_identify(src/sllidar_ros2) by extension 'ros'
[1.140s] DEBUG:colcon.colcon_core.package_identification:Package 'src/sllidar_ros2' with type 'ros.ament_cmake' and name 'sllidar_ros2'
[1.140s] Level 1:colcon.colcon_core.package_identification:_identify(src/static_tf_broadcaster) by extensions ['ignore', 'ignore_ament_install']
[1.140s] Level 1:colcon.colcon_core.package_identification:_identify(src/static_tf_broadcaster) by extension 'ignore'
[1.141s] Level 1:colcon.colcon_core.package_identification:_identify(src/static_tf_broadcaster) by extension 'ignore_ament_install'
[1.141s] Level 1:colcon.colcon_core.package_identification:_identify(src/static_tf_broadcaster) by extensions ['colcon_pkg']
[1.141s] Level 1:colcon.colcon_core.package_identification:_identify(src/static_tf_broadcaster) by extension 'colcon_pkg'
[1.141s] Level 1:colcon.colcon_core.package_identification:_identify(src/static_tf_broadcaster) by extensions ['colcon_meta']
[1.141s] Level 1:colcon.colcon_core.package_identification:_identify(src/static_tf_broadcaster) by extension 'colcon_meta'
[1.141s] Level 1:colcon.colcon_core.package_identification:_identify(src/static_tf_broadcaster) by extensions ['ros']
[1.141s] Level 1:colcon.colcon_core.package_identification:_identify(src/static_tf_broadcaster) by extension 'ros'
[1.143s] DEBUG:colcon.colcon_core.package_identification:Package 'src/static_tf_broadcaster' with type 'ros.ament_python' and name 'static_tf_broadcaster'
[1.143s] Level 1:colcon.colcon_core.package_identification:_identify(src/tgt_nav) by extensions ['ignore', 'ignore_ament_install']
[1.144s] Level 1:colcon.colcon_core.package_identification:_identify(src/tgt_nav) by extension 'ignore'
[1.144s] Level 1:colcon.colcon_core.package_identification:_identify(src/tgt_nav) by extension 'ignore_ament_install'
[1.144s] Level 1:colcon.colcon_core.package_identification:_identify(src/tgt_nav) by extensions ['colcon_pkg']
[1.144s] Level 1:colcon.colcon_core.package_identification:_identify(src/tgt_nav) by extension 'colcon_pkg'
[1.144s] Level 1:colcon.colcon_core.package_identification:_identify(src/tgt_nav) by extensions ['colcon_meta']
[1.144s] Level 1:colcon.colcon_core.package_identification:_identify(src/tgt_nav) by extension 'colcon_meta'
[1.144s] Level 1:colcon.colcon_core.package_identification:_identify(src/tgt_nav) by extensions ['ros']
[1.144s] Level 1:colcon.colcon_core.package_identification:_identify(src/tgt_nav) by extension 'ros'
[1.146s] DEBUG:colcon.colcon_core.package_identification:Package 'src/tgt_nav' with type 'ros.ament_python' and name 'tgt_nav'
[1.146s] Level 1:colcon.colcon_core.package_discovery:discover_packages(recursive) using defaults
[1.147s] Level 1:colcon.colcon_core.package_discovery:discover_packages(ignore) discover
[1.147s] Level 1:colcon.colcon_core.package_discovery:discover_packages(ignore) using defaults
[1.147s] Level 1:colcon.colcon_core.package_discovery:discover_packages(path) discover
[1.147s] Level 1:colcon.colcon_core.package_discovery:discover_packages(path) using defaults
[1.278s] INFO:colcon.colcon_core.package_selection:Skipping not selected package 'encoder_imu_ekf' in 'src/encoder_imu_ekf'
[1.278s] INFO:colcon.colcon_core.package_selection:Skipping not selected package 'esp_serial' in 'src/esp_serial'
[1.278s] INFO:colcon.colcon_core.package_selection:Skipping not selected package 'librealsense2' in 'librealsense'
[1.278s] INFO:colcon.colcon_core.package_selection:Skipping not selected package 'motor_control' in 'src/motor_control'
[1.279s] INFO:colcon.colcon_core.package_selection:Skipping not selected package 'my_robot_description' in 'src/my_robot_description'
[1.279s] INFO:colcon.colcon_core.package_selection:Skipping not selected package 'realsense2_camera_msgs' in 'src/realsense-ros/realsense2_camera_msgs'
[1.279s] INFO:colcon.colcon_core.package_selection:Skipping not selected package 'sllidar_ros2' in 'src/sllidar_ros2'
[1.279s] INFO:colcon.colcon_core.package_selection:Skipping not selected package 'static_tf_broadcaster' in 'src/static_tf_broadcaster'
[1.279s] INFO:colcon.colcon_core.package_selection:Skipping not selected package 'tgt_nav' in 'src/tgt_nav'
[1.279s] INFO:colcon.colcon_core.package_selection:Skipping not selected package 'realsense2_camera' in 'src/realsense-ros/realsense2_camera'
[1.279s] INFO:colcon.colcon_core.package_selection:Skipping not selected package 'realsense2_description' in 'src/realsense-ros/realsense2_description'
[1.281s] Level 1:colcon.colcon_core.package_discovery:discover_packages(prefix_path) check parameters
[1.281s] Level 1:colcon.colcon_core.package_discovery:discover_packages(prefix_path) discover
[1.288s] DEBUG:colcon.colcon_installed_package_information.package_discovery:Found 9 installed packages in /home/jaeseok/ros2_ws/install
[1.291s] DEBUG:colcon.colcon_installed_package_information.package_discovery:Found 320 installed packages in /opt/ros/humble
[1.295s] Level 1:colcon.colcon_core.package_discovery:discover_packages(prefix_path) using defaults
[1.401s] Level 5:colcon.colcon_core.verb:set package 'pallet_align' build argument 'cmake_args' from command line to 'None'
[1.401s] Level 5:colcon.colcon_core.verb:set package 'pallet_align' build argument 'cmake_target' from command line to 'None'
[1.402s] Level 5:colcon.colcon_core.verb:set package 'pallet_align' build argument 'cmake_target_skip_unavailable' from command line to 'False'
[1.402s] Level 5:colcon.colcon_core.verb:set package 'pallet_align' build argument 'cmake_clean_cache' from command line to 'False'
[1.402s] Level 5:colcon.colcon_core.verb:set package 'pallet_align' build argument 'cmake_clean_first' from command line to 'False'
[1.402s] Level 5:colcon.colcon_core.verb:set package 'pallet_align' build argument 'cmake_force_configure' from command line to 'False'
[1.402s] Level 5:colcon.colcon_core.verb:set package 'pallet_align' build argument 'ament_cmake_args' from command line to 'None'
[1.402s] Level 5:colcon.colcon_core.verb:set package 'pallet_align' build argument 'catkin_cmake_args' from command line to 'None'
[1.402s] Level 5:colcon.colcon_core.verb:set package 'pallet_align' build argument 'catkin_skip_building_tests' from command line to 'False'
[1.402s] DEBUG:colcon.colcon_core.verb:Building package 'pallet_align' with the following arguments: {'ament_cmake_args': None, 'build_base': '/home/jaeseok/ros2_ws/build/pallet_align', 'catkin_cmake_args': None, 'catkin_skip_building_tests': False, 'cmake_args': None, 'cmake_clean_cache': False, 'cmake_clean_first': False, 'cmake_force_configure': False, 'cmake_target': None, 'cmake_target_skip_unavailable': False, 'install_base': '/home/jaeseok/ros2_ws/install/pallet_align', 'merge_install': False, 'path': '/home/jaeseok/ros2_ws/src/pallet_align', 'symlink_install': True, 'test_result_base': None}
[1.403s] INFO:colcon.colcon_core.executor:Executing jobs using 'parallel' executor
[1.406s] DEBUG:colcon.colcon_parallel_executor.executor.parallel:run_until_complete
[1.407s] INFO:colcon.colcon_ros.task.ament_python.build:Building ROS package in '/home/jaeseok/ros2_ws/src/pallet_align' with build type 'ament_python'
[1.408s] Level 1:colcon.colcon_core.shell:create_environment_hook('pallet_align', 'ament_prefix_path')
[1.417s] INFO:colcon.colcon_core.plugin_system:Skipping extension 'colcon_core.shell.bat': Not used on non-Windows systems
[1.418s] INFO:colcon.colcon_core.shell:Creating environment hook '/home/jaeseok/ros2_ws/install/pallet_align/share/pallet_align/hook/ament_prefix_path.ps1'
[1.420s] INFO:colcon.colcon_core.shell:Creating environment descriptor '/home/jaeseok/ros2_ws/install/pallet_align/share/pallet_align/hook/ament_prefix_path.dsv'
[1.424s] INFO:colcon.colcon_core.shell:Creating environment hook '/home/jaeseok/ros2_ws/install/pallet_align/share/pallet_align/hook/ament_prefix_path.sh'
[1.427s] INFO:colcon.colcon_core.shell:Skip shell extension 'powershell' for command environment: Not usable outside of PowerShell
[1.427s] DEBUG:colcon.colcon_core.shell:Skip shell extension 'dsv' for command environment
[2.179s] INFO:colcon.colcon_core.task.python.build:Building Python package in '/home/jaeseok/ros2_ws/src/pallet_align'
[2.180s] INFO:colcon.colcon_core.shell:Skip shell extension 'powershell' for command environment: Not usable outside of PowerShell
[2.180s] DEBUG:colcon.colcon_core.shell:Skip shell extension 'dsv' for command environment
[3.200s] DEBUG:colcon.colcon_core.event_handler.log_command:Invoking command in '/home/jaeseok/ros2_ws/build/pallet_align': PYTHONPATH=/home/jaeseok/ros2_ws/build/pallet_align/prefix_override:/usr/lib/python3/dist-packages/colcon_core/task/python/colcon_distutils_commands:/home/jaeseok/ros2_ws/install/pallet_align/lib/python3.10/site-packages:${PYTHONPATH} /usr/bin/python3 -W ignore:setup.py install is deprecated -W ignore:easy_install command is deprecated setup.py develop --editable --build-directory /home/jaeseok/ros2_ws/build/pallet_align/build --no-deps symlink_data
[4.452s] Level 1:colcon.colcon_core.shell:create_environment_hook('pallet_align', 'pythonpath_develop')
[4.454s] INFO:colcon.colcon_core.shell:Creating environment hook '/home/jaeseok/ros2_ws/build/pallet_align/share/pallet_align/hook/pythonpath_develop.ps1'
[4.454s] DEBUG:colcon.colcon_core.event_handler.log_command:Invoked command in '/home/jaeseok/ros2_ws/build/pallet_align' returned '0': PYTHONPATH=/home/jaeseok/ros2_ws/build/pallet_align/prefix_override:/usr/lib/python3/dist-packages/colcon_core/task/python/colcon_distutils_commands:/home/jaeseok/ros2_ws/install/pallet_align/lib/python3.10/site-packages:${PYTHONPATH} /usr/bin/python3 -W ignore:setup.py install is deprecated -W ignore:easy_install command is deprecated setup.py develop --editable --build-directory /home/jaeseok/ros2_ws/build/pallet_align/build --no-deps symlink_data
[4.457s] INFO:colcon.colcon_core.shell:Creating environment descriptor '/home/jaeseok/ros2_ws/build/pallet_align/share/pallet_align/hook/pythonpath_develop.dsv'
[4.459s] INFO:colcon.colcon_core.shell:Creating environment hook '/home/jaeseok/ros2_ws/build/pallet_align/share/pallet_align/hook/pythonpath_develop.sh'
[4.475s] Level 1:colcon.colcon_core.environment:checking '/home/jaeseok/ros2_ws/install/pallet_align' for CMake module files
[4.477s] Level 1:colcon.colcon_core.environment:checking '/home/jaeseok/ros2_ws/install/pallet_align' for CMake config files
[4.482s] Level 1:colcon.colcon_core.environment:checking '/home/jaeseok/ros2_ws/install/pallet_align/lib'
[4.483s] Level 1:colcon.colcon_core.environment:checking '/home/jaeseok/ros2_ws/install/pallet_align/bin'
[4.483s] Level 1:colcon.colcon_core.environment:checking '/home/jaeseok/ros2_ws/install/pallet_align/lib/pkgconfig/pallet_align.pc'
[4.484s] Level 1:colcon.colcon_core.environment:checking '/home/jaeseok/ros2_ws/install/pallet_align/lib/python3.10/site-packages'
[4.484s] Level 1:colcon.colcon_core.shell:create_environment_hook('pallet_align', 'pythonpath')
[4.485s] INFO:colcon.colcon_core.shell:Creating environment hook '/home/jaeseok/ros2_ws/install/pallet_align/share/pallet_align/hook/pythonpath.ps1'
[4.487s] INFO:colcon.colcon_core.shell:Creating environment descriptor '/home/jaeseok/ros2_ws/install/pallet_align/share/pallet_align/hook/pythonpath.dsv'
[4.490s] INFO:colcon.colcon_core.shell:Creating environment hook '/home/jaeseok/ros2_ws/install/pallet_align/share/pallet_align/hook/pythonpath.sh'
[4.493s] Level 1:colcon.colcon_core.environment:checking '/home/jaeseok/ros2_ws/install/pallet_align/bin'
[4.493s] Level 1:colcon.colcon_core.environment:create_environment_scripts_only(pallet_align)
[4.495s] INFO:colcon.colcon_core.shell:Creating package script '/home/jaeseok/ros2_ws/install/pallet_align/share/pallet_align/package.ps1'
[4.498s] INFO:colcon.colcon_core.shell:Creating package descriptor '/home/jaeseok/ros2_ws/install/pallet_align/share/pallet_align/package.dsv'
[4.501s] INFO:colcon.colcon_core.shell:Creating package script '/home/jaeseok/ros2_ws/install/pallet_align/share/pallet_align/package.sh'
[4.504s] INFO:colcon.colcon_core.shell:Creating package script '/home/jaeseok/ros2_ws/install/pallet_align/share/pallet_align/package.bash'
[4.508s] INFO:colcon.colcon_core.shell:Creating package script '/home/jaeseok/ros2_ws/install/pallet_align/share/pallet_align/package.zsh'
[4.512s] Level 1:colcon.colcon_core.environment:create_file_with_runtime_dependencies(/home/jaeseok/ros2_ws/install/pallet_align/share/colcon-core/packages/pallet_align)
[4.513s] DEBUG:colcon.colcon_parallel_executor.executor.parallel:closing loop
[4.514s] DEBUG:colcon.colcon_parallel_executor.executor.parallel:loop closed
[4.514s] DEBUG:colcon.colcon_parallel_executor.executor.parallel:run_until_complete finished with '0'
[4.515s] DEBUG:colcon.colcon_core.event_reactor:joining thread
[4.538s] INFO:colcon.colcon_core.plugin_system:Skipping extension 'colcon_notification.desktop_notification.terminal_notifier': Not used on non-Darwin systems
[4.539s] INFO:colcon.colcon_core.plugin_system:Skipping extension 'colcon_notification.desktop_notification.win32': Not used on non-Windows systems
[4.539s] INFO:colcon.colcon_notification.desktop_notification:Sending desktop notification using 'notify2'
[4.734s] DEBUG:colcon.colcon_core.event_reactor:joined thread
[4.736s] INFO:colcon.colcon_core.shell:Creating prefix script '/home/jaeseok/ros2_ws/install/local_setup.ps1'
[4.745s] INFO:colcon.colcon_core.shell:Creating prefix util module '/home/jaeseok/ros2_ws/install/_local_setup_util_ps1.py'
[4.751s] INFO:colcon.colcon_core.shell:Creating prefix chain script '/home/jaeseok/ros2_ws/install/setup.ps1'
[4.756s] INFO:colcon.colcon_core.shell:Creating prefix script '/home/jaeseok/ros2_ws/install/local_setup.sh'
[4.759s] INFO:colcon.colcon_core.shell:Creating prefix util module '/home/jaeseok/ros2_ws/install/_local_setup_util_sh.py'
[4.761s] INFO:colcon.colcon_core.shell:Creating prefix chain script '/home/jaeseok/ros2_ws/install/setup.sh'
[4.767s] INFO:colcon.colcon_core.shell:Creating prefix script '/home/jaeseok/ros2_ws/install/local_setup.bash'
[4.769s] INFO:colcon.colcon_core.shell:Creating prefix chain script '/home/jaeseok/ros2_ws/install/setup.bash'
[4.774s] INFO:colcon.colcon_core.shell:Creating prefix script '/home/jaeseok/ros2_ws/install/local_setup.zsh'
[4.777s] INFO:colcon.colcon_core.shell:Creating prefix chain script '/home/jaeseok/ros2_ws/install/setup.zsh'
